[0.592s] Invoking command in '/home/bong/project/snake_RL/GD/horcrux_ws/src/horcrux_msg': PYTHONPATH=/home/bong/project/snake_RL/GD/horcrux_ws/build/horcrux_msg/prefix_override:/home/bong/project/snake_RL/GD/horcrux_ws/install/horcrux_msg/lib/python3.10/site-packages:/home/bong/project/snake_RL/GD/horcrux_ws/install/horcrux_interfaces/lib/python3.10/site-packages:/home/bong/project/snake_RL/GD/horcrux_ws/install/handsfree_imu/lib/python3.10/site-packages:/home/bong/project/snake_RL/GD/horcrux_ws/install/horcrux_state/lib/python3.10/site-packages:/home/bong/project/snake_RL/GD/horcrux_ws/install/horcrux_msg/lib/python3.10/site-packages:/opt/ros/iron/lib/python3.10/site-packages /usr/bin/python3 setup.py egg_info --egg-base ../../build/horcrux_msg build --build-base /home/bong/project/snake_RL/GD/horcrux_ws/build/horcrux_msg/build install --record /home/bong/project/snake_RL/GD/horcrux_ws/build/horcrux_msg/install.log --single-version-externally-managed
[0.708s] running egg_info
[0.709s] writing ../../build/horcrux_msg/horcrux_msg.egg-info/PKG-INFO
[0.709s] writing dependency_links to ../../build/horcrux_msg/horcrux_msg.egg-info/dependency_links.txt
[0.710s] writing entry points to ../../build/horcrux_msg/horcrux_msg.egg-info/entry_points.txt
[0.711s] writing requirements to ../../build/horcrux_msg/horcrux_msg.egg-info/requires.txt
[0.711s] writing top-level names to ../../build/horcrux_msg/horcrux_msg.egg-info/top_level.txt
[0.714s] reading manifest file '../../build/horcrux_msg/horcrux_msg.egg-info/SOURCES.txt'
[0.714s] adding license file 'LICENSE'
[0.715s] writing manifest file '../../build/horcrux_msg/horcrux_msg.egg-info/SOURCES.txt'
[0.715s] running build
[0.715s] running build_py
[0.716s] /usr/lib/python3/dist-packages/setuptools/command/install.py:34: SetuptoolsDeprecationWarning: setup.py install is deprecated. Use build and pip and other standards-based tools.
[0.716s]   warnings.warn(
[0.716s] running install
[0.717s] running install_lib
[0.717s] running install_data
[0.718s] running install_egg_info
[0.719s] removing '/home/bong/project/snake_RL/GD/horcrux_ws/install/horcrux_msg/lib/python3.10/site-packages/horcrux_msg-0.0.0-py3.10.egg-info' (and everything under it)
[0.721s] Copying ../../build/horcrux_msg/horcrux_msg.egg-info to /home/bong/project/snake_RL/GD/horcrux_ws/install/horcrux_msg/lib/python3.10/site-packages/horcrux_msg-0.0.0-py3.10.egg-info
[0.726s] running install_scripts
[0.742s] Installing hello_node script to /home/bong/project/snake_RL/GD/horcrux_ws/install/horcrux_msg/lib/horcrux_msg
[0.742s] Installing pub script to /home/bong/project/snake_RL/GD/horcrux_ws/install/horcrux_msg/lib/horcrux_msg
[0.742s] Installing sub script to /home/bong/project/snake_RL/GD/horcrux_ws/install/horcrux_msg/lib/horcrux_msg
[0.742s] writing list of installed files to '/home/bong/project/snake_RL/GD/horcrux_ws/build/horcrux_msg/install.log'
[0.772s] Invoked command in '/home/bong/project/snake_RL/GD/horcrux_ws/src/horcrux_msg' returned '0': PYTHONPATH=/home/bong/project/snake_RL/GD/horcrux_ws/build/horcrux_msg/prefix_override:/home/bong/project/snake_RL/GD/horcrux_ws/install/horcrux_msg/lib/python3.10/site-packages:/home/bong/project/snake_RL/GD/horcrux_ws/install/horcrux_interfaces/lib/python3.10/site-packages:/home/bong/project/snake_RL/GD/horcrux_ws/install/handsfree_imu/lib/python3.10/site-packages:/home/bong/project/snake_RL/GD/horcrux_ws/install/horcrux_state/lib/python3.10/site-packages:/home/bong/project/snake_RL/GD/horcrux_ws/install/horcrux_msg/lib/python3.10/site-packages:/opt/ros/iron/lib/python3.10/site-packages /usr/bin/python3 setup.py egg_info --egg-base ../../build/horcrux_msg build --build-base /home/bong/project/snake_RL/GD/horcrux_ws/build/horcrux_msg/build install --record /home/bong/project/snake_RL/GD/horcrux_ws/build/horcrux_msg/install.log --single-version-externally-managed
