[0.069s] Invoking command in '/home/bong/project/snake_RL/GD/horcrux_ws/build/horcrux_interfaces': CMAKE_PREFIX_PATH=${CMAKE_PREFIX_PATH}:/home/bong/project/snake_RL/GD/horcrux_ws/install/horcrux_state:/home/bong/project/snake_RL/GD/horcrux_ws/install/horcrux_msg:/home/bong/project/snake_RL/GD/horcrux_ws/install/handsfree_imu:/opt/ros/iron /usr/bin/cmake --build /home/bong/project/snake_RL/GD/horcrux_ws/build/horcrux_interfaces -- -j4 -l4
[0.087s] -- Found ament_cmake: 2.0.3 (/opt/ros/iron/share/ament_cmake/cmake)
[0.169s] -- Found rclpy: 4.1.4 (/opt/ros/iron/share/rclpy/cmake)
[0.169s] -- Found std_msgs: 5.0.0 (/opt/ros/iron/share/std_msgs/cmake)
[0.186s] -- Found rosidl_generator_c: 4.0.1 (/opt/ros/iron/share/rosidl_generator_c/cmake)
[0.192s] -- Found rosidl_generator_cpp: 4.0.1 (/opt/ros/iron/share/rosidl_generator_cpp/cmake)
[0.201s] -- Using all available rosidl_typesupport_c: rosidl_typesupport_fastrtps_c;rosidl_typesupport_introspection_c
[0.211s] -- Using all available rosidl_typesupport_cpp: rosidl_typesupport_fastrtps_cpp;rosidl_typesupport_introspection_cpp
[0.250s] -- Found sensor_msgs: 5.0.0 (/opt/ros/iron/share/sensor_msgs/cmake)
[0.363s] -- Found rosidl_default_generators: 1.5.0 (/opt/ros/iron/share/rosidl_default_generators/cmake)
[0.368s] -- Found rosidl_adapter: 4.0.1 (/opt/ros/iron/share/rosidl_adapter/cmake)
[0.602s] -- Found ament_cmake_ros: 0.11.2 (/opt/ros/iron/share/ament_cmake_ros/cmake)
[0.886s] -- Using all available rosidl_typesupport_c: rosidl_typesupport_fastrtps_c;rosidl_typesupport_introspection_c
[0.997s] -- Using all available rosidl_typesupport_cpp: rosidl_typesupport_fastrtps_cpp;rosidl_typesupport_introspection_cpp
[1.010s] -- Found python_cmake_module: 0.10.2 (/opt/ros/iron/share/python_cmake_module/cmake)
[1.023s] -- Using PYTHON_EXECUTABLE: /usr/bin/python3
[1.024s] -- Using PYTHON_INCLUDE_DIRS: /usr/include/python3.10
[1.024s] -- Using PYTHON_LIBRARIES: /usr/lib/aarch64-linux-gnu/libpython3.10.so
[1.059s] -- Found ament_lint_auto: 0.14.2 (/opt/ros/iron/share/ament_lint_auto/cmake)
[1.063s] -- Added test 'lint_cmake' to check CMake code style
[1.064s] -- Added test 'xmllint' to check XML markup files
[1.065s] -- Configuring done
[1.090s] -- Generating done
[1.092s] -- Build files have been written to: /home/bong/project/snake_RL/GD/horcrux_ws/build/horcrux_interfaces
[1.117s] [  1%] [34m[1mGenerating type hashes for ROS interfaces[0m
[1.124s] [  1%] Built target ament_cmake_python_copy_horcrux_interfaces
[1.246s] running egg_info
[1.246s] writing horcrux_interfaces.egg-info/PKG-INFO
[1.246s] writing dependency_links to horcrux_interfaces.egg-info/dependency_links.txt
[1.246s] writing top-level names to horcrux_interfaces.egg-info/top_level.txt
[1.247s] reading manifest file 'horcrux_interfaces.egg-info/SOURCES.txt'
[1.248s] writing manifest file 'horcrux_interfaces.egg-info/SOURCES.txt'
[1.264s] [  1%] Built target ament_cmake_python_build_horcrux_interfaces_egg
[1.288s] [  1%] Built target horcrux_interfaces__rosidl_generator_type_description
[1.296s] [  3%] [34m[1mGenerating C code for ROS interfaces[0m
[1.303s] [  5%] [34m[1mGenerating C++ code for ROS interfaces[0m
[1.551s] [  5%] Built target horcrux_interfaces__cpp
[1.592s] [35m[1mConsolidate compiler generated dependencies of target horcrux_interfaces__rosidl_generator_c[0m
[1.602s] [  9%] [32mBuilding C object CMakeFiles/horcrux_interfaces__rosidl_generator_c.dir/rosidl_generator_c/horcrux_interfaces/msg/detail/motor_state__functions.c.o[0m
[1.602s] [ 11%] [32mBuilding C object CMakeFiles/horcrux_interfaces__rosidl_generator_c.dir/rosidl_generator_c/horcrux_interfaces/msg/detail/motor_state__type_support.c.o[0m
[1.602s] [ 12%] [32mBuilding C object CMakeFiles/horcrux_interfaces__rosidl_generator_c.dir/rosidl_generator_c/horcrux_interfaces/msg/detail/motor_states__description.c.o[0m
[1.603s] [ 12%] [32mBuilding C object CMakeFiles/horcrux_interfaces__rosidl_generator_c.dir/rosidl_generator_c/horcrux_interfaces/msg/detail/motor_state__description.c.o[0m
[1.646s] [ 14%] [32mBuilding C object CMakeFiles/horcrux_interfaces__rosidl_generator_c.dir/rosidl_generator_c/horcrux_interfaces/msg/detail/motor_states__functions.c.o[0m
[1.654s] [ 16%] [32mBuilding C object CMakeFiles/horcrux_interfaces__rosidl_generator_c.dir/rosidl_generator_c/horcrux_interfaces/msg/detail/motor_states__type_support.c.o[0m
[1.654s] [ 18%] [32mBuilding C object CMakeFiles/horcrux_interfaces__rosidl_generator_c.dir/rosidl_generator_c/horcrux_interfaces/msg/detail/robot_state__description.c.o[0m
[1.659s] [ 20%] [32mBuilding C object CMakeFiles/horcrux_interfaces__rosidl_generator_c.dir/rosidl_generator_c/horcrux_interfaces/msg/detail/robot_state__functions.c.o[0m
[1.679s] [ 22%] [32mBuilding C object CMakeFiles/horcrux_interfaces__rosidl_generator_c.dir/rosidl_generator_c/horcrux_interfaces/msg/detail/robot_state__type_support.c.o[0m
[1.704s] [ 24%] [32m[1mLinking C shared library libhorcrux_interfaces__rosidl_generator_c.so[0m
[1.740s] [ 24%] Built target horcrux_interfaces__rosidl_generator_c
[1.750s] [ 25%] [34m[1mGenerating C++ type support for eProsima Fast-RTPS[0m
[1.758s] [ 27%] [34m[1mGenerating C type support for eProsima Fast-RTPS[0m
[1.765s] [ 29%] [34m[1mGenerating C++ type support dispatch for ROS interfaces[0m
[1.768s] [ 31%] [34m[1mGenerating C introspection for ROS interfaces[0m
[1.975s] [35m[1mConsolidate compiler generated dependencies of target horcrux_interfaces__rosidl_typesupport_cpp[0m
[1.986s] [ 33%] [32mBuilding CXX object CMakeFiles/horcrux_interfaces__rosidl_typesupport_cpp.dir/rosidl_typesupport_cpp/horcrux_interfaces/msg/motor_state__type_support.cpp.o[0m
[2.014s] [35m[1mConsolidate compiler generated dependencies of target horcrux_interfaces__rosidl_typesupport_fastrtps_cpp[0m
[2.021s] [35m[1mConsolidate compiler generated dependencies of target horcrux_interfaces__rosidl_typesupport_introspection_c[0m
[2.026s] [ 35%] [32mBuilding CXX object CMakeFiles/horcrux_interfaces__rosidl_typesupport_fastrtps_cpp.dir/rosidl_typesupport_fastrtps_cpp/horcrux_interfaces/msg/detail/dds_fastrtps/motor_state__type_support.cpp.o[0m
[2.033s] [35m[1mConsolidate compiler generated dependencies of target horcrux_interfaces__rosidl_typesupport_fastrtps_c[0m
[2.042s] [ 37%] [32mBuilding CXX object CMakeFiles/horcrux_interfaces__rosidl_typesupport_fastrtps_c.dir/rosidl_typesupport_fastrtps_c/horcrux_interfaces/msg/detail/motor_state__type_support_c.cpp.o[0m
[2.048s] [ 38%] [32mBuilding C object CMakeFiles/horcrux_interfaces__rosidl_typesupport_introspection_c.dir/rosidl_typesupport_introspection_c/horcrux_interfaces/msg/detail/motor_state__type_support.c.o[0m
[2.090s] [ 40%] [32mBuilding C object CMakeFiles/horcrux_interfaces__rosidl_typesupport_introspection_c.dir/rosidl_typesupport_introspection_c/horcrux_interfaces/msg/detail/motor_states__type_support.c.o[0m
[2.126s] [ 42%] [32mBuilding C object CMakeFiles/horcrux_interfaces__rosidl_typesupport_introspection_c.dir/rosidl_typesupport_introspection_c/horcrux_interfaces/msg/detail/robot_state__type_support.c.o[0m
[2.159s] [ 44%] [32m[1mLinking C shared library libhorcrux_interfaces__rosidl_typesupport_introspection_c.so[0m
[2.188s] [ 44%] Built target horcrux_interfaces__rosidl_typesupport_introspection_c
[2.199s] [ 46%] [34m[1mGenerating C type support dispatch for ROS interfaces[0m
[2.257s] [ 48%] [32mBuilding CXX object CMakeFiles/horcrux_interfaces__rosidl_typesupport_fastrtps_c.dir/rosidl_typesupport_fastrtps_c/horcrux_interfaces/msg/detail/motor_states__type_support_c.cpp.o[0m
[2.274s] [ 50%] [32mBuilding CXX object CMakeFiles/horcrux_interfaces__rosidl_typesupport_cpp.dir/rosidl_typesupport_cpp/horcrux_interfaces/msg/motor_states__type_support.cpp.o[0m
[2.340s] [ 51%] [32mBuilding CXX object CMakeFiles/horcrux_interfaces__rosidl_typesupport_fastrtps_cpp.dir/rosidl_typesupport_fastrtps_cpp/horcrux_interfaces/msg/detail/dds_fastrtps/motor_states__type_support.cpp.o[0m
[2.413s] [35m[1mConsolidate compiler generated dependencies of target horcrux_interfaces__rosidl_typesupport_c[0m
[2.430s] [ 53%] [32mBuilding CXX object CMakeFiles/horcrux_interfaces__rosidl_typesupport_c.dir/rosidl_typesupport_c/horcrux_interfaces/msg/motor_state__type_support.cpp.o[0m
[2.441s] [ 55%] [32mBuilding CXX object CMakeFiles/horcrux_interfaces__rosidl_typesupport_fastrtps_c.dir/rosidl_typesupport_fastrtps_c/horcrux_interfaces/msg/detail/robot_state__type_support_c.cpp.o[0m
[2.470s] [ 57%] [32mBuilding CXX object CMakeFiles/horcrux_interfaces__rosidl_typesupport_c.dir/rosidl_typesupport_c/horcrux_interfaces/msg/motor_states__type_support.cpp.o[0m
[2.488s] [ 59%] [32mBuilding CXX object CMakeFiles/horcrux_interfaces__rosidl_typesupport_cpp.dir/rosidl_typesupport_cpp/horcrux_interfaces/msg/robot_state__type_support.cpp.o[0m
[2.504s] [ 61%] [32mBuilding CXX object CMakeFiles/horcrux_interfaces__rosidl_typesupport_c.dir/rosidl_typesupport_c/horcrux_interfaces/msg/robot_state__type_support.cpp.o[0m
[2.536s] [ 62%] [32m[1mLinking CXX shared library libhorcrux_interfaces__rosidl_typesupport_c.so[0m
[2.566s] [ 62%] Built target horcrux_interfaces__rosidl_typesupport_c
[2.575s] [ 64%] [34m[1mGenerating C++ introspection for ROS interfaces[0m
[2.629s] [ 66%] [32mBuilding CXX object CMakeFiles/horcrux_interfaces__rosidl_typesupport_fastrtps_cpp.dir/rosidl_typesupport_fastrtps_cpp/horcrux_interfaces/msg/detail/dds_fastrtps/robot_state__type_support.cpp.o[0m
[2.633s] [ 68%] [32m[1mLinking CXX shared library libhorcrux_interfaces__rosidl_typesupport_fastrtps_c.so[0m
[2.680s] [ 68%] Built target horcrux_interfaces__rosidl_typesupport_fastrtps_c
[2.700s] [ 70%] [32m[1mLinking CXX shared library libhorcrux_interfaces__rosidl_typesupport_cpp.so[0m
[2.732s] [ 70%] Built target horcrux_interfaces__rosidl_typesupport_cpp
[2.804s] [35m[1mConsolidate compiler generated dependencies of target horcrux_interfaces__rosidl_typesupport_introspection_cpp[0m
[2.815s] [ 74%] [32mBuilding CXX object CMakeFiles/horcrux_interfaces__rosidl_typesupport_introspection_cpp.dir/rosidl_typesupport_introspection_cpp/horcrux_interfaces/msg/detail/motor_state__type_support.cpp.o[0m
[2.815s] [ 74%] [32mBuilding CXX object CMakeFiles/horcrux_interfaces__rosidl_typesupport_introspection_cpp.dir/rosidl_typesupport_introspection_cpp/horcrux_interfaces/msg/detail/motor_states__type_support.cpp.o[0m
[2.815s] [ 75%] [32mBuilding CXX object CMakeFiles/horcrux_interfaces__rosidl_typesupport_introspection_cpp.dir/rosidl_typesupport_introspection_cpp/horcrux_interfaces/msg/detail/robot_state__type_support.cpp.o[0m
[2.909s] [ 77%] [32m[1mLinking CXX shared library libhorcrux_interfaces__rosidl_typesupport_fastrtps_cpp.so[0m
[2.965s] [ 77%] Built target horcrux_interfaces__rosidl_typesupport_fastrtps_cpp
[3.046s] [ 79%] [32m[1mLinking CXX shared library libhorcrux_interfaces__rosidl_typesupport_introspection_cpp.so[0m
[3.088s] [ 79%] Built target horcrux_interfaces__rosidl_typesupport_introspection_cpp
[3.103s] [ 79%] Built target horcrux_interfaces
[3.117s] [ 81%] [34m[1mGenerating Python code for ROS interfaces[0m
[3.472s] [ 81%] Built target horcrux_interfaces__py
[3.480s] [35m[1mConsolidate compiler generated dependencies of target horcrux_interfaces__rosidl_generator_py[0m
[3.490s] [ 83%] [32mBuilding C object CMakeFiles/horcrux_interfaces__rosidl_generator_py.dir/rosidl_generator_py/horcrux_interfaces/msg/_motor_states_s.c.o[0m
[3.490s] [ 87%] [32mBuilding C object CMakeFiles/horcrux_interfaces__rosidl_generator_py.dir/rosidl_generator_py/horcrux_interfaces/msg/_motor_state_s.c.o[0m
[3.490s] [ 87%] [32mBuilding C object CMakeFiles/horcrux_interfaces__rosidl_generator_py.dir/rosidl_generator_py/horcrux_interfaces/msg/_robot_state_s.c.o[0m
[3.578s] [ 88%] [32m[1mLinking C shared library rosidl_generator_py/horcrux_interfaces/libhorcrux_interfaces__rosidl_generator_py.so[0m
[3.604s] [ 88%] Built target horcrux_interfaces__rosidl_generator_py
[3.613s] [35m[1mConsolidate compiler generated dependencies of target horcrux_interfaces__rosidl_typesupport_c__pyext[0m
[3.613s] [35m[1mConsolidate compiler generated dependencies of target horcrux_interfaces__rosidl_typesupport_introspection_c__pyext[0m
[3.614s] [35m[1mConsolidate compiler generated dependencies of target horcrux_interfaces__rosidl_typesupport_fastrtps_c__pyext[0m
[3.621s] [ 92%] [32mBuilding C object CMakeFiles/horcrux_interfaces__rosidl_typesupport_introspection_c__pyext.dir/rosidl_generator_py/horcrux_interfaces/_horcrux_interfaces_s.ep.rosidl_typesupport_introspection_c.c.o[0m
[3.621s] [ 94%] [32mBuilding C object CMakeFiles/horcrux_interfaces__rosidl_typesupport_fastrtps_c__pyext.dir/rosidl_generator_py/horcrux_interfaces/_horcrux_interfaces_s.ep.rosidl_typesupport_fastrtps_c.c.o[0m
[3.621s] [ 92%] [32mBuilding C object CMakeFiles/horcrux_interfaces__rosidl_typesupport_c__pyext.dir/rosidl_generator_py/horcrux_interfaces/_horcrux_interfaces_s.ep.rosidl_typesupport_c.c.o[0m
[3.690s] [ 98%] [32m[1mLinking C shared library rosidl_generator_py/horcrux_interfaces/horcrux_interfaces_s__rosidl_typesupport_c.cpython-310-aarch64-linux-gnu.so[0m
[3.690s] [ 98%] [32m[1mLinking C shared library rosidl_generator_py/horcrux_interfaces/horcrux_interfaces_s__rosidl_typesupport_fastrtps_c.cpython-310-aarch64-linux-gnu.so[0m
[3.691s] [100%] [32m[1mLinking C shared library rosidl_generator_py/horcrux_interfaces/horcrux_interfaces_s__rosidl_typesupport_introspection_c.cpython-310-aarch64-linux-gnu.so[0m
[3.722s] [100%] Built target horcrux_interfaces__rosidl_typesupport_introspection_c__pyext
[3.722s] [100%] Built target horcrux_interfaces__rosidl_typesupport_fastrtps_c__pyext
[3.722s] [100%] Built target horcrux_interfaces__rosidl_typesupport_c__pyext
[3.732s] Invoked command in '/home/bong/project/snake_RL/GD/horcrux_ws/build/horcrux_interfaces' returned '0': CMAKE_PREFIX_PATH=${CMAKE_PREFIX_PATH}:/home/bong/project/snake_RL/GD/horcrux_ws/install/horcrux_state:/home/bong/project/snake_RL/GD/horcrux_ws/install/horcrux_msg:/home/bong/project/snake_RL/GD/horcrux_ws/install/handsfree_imu:/opt/ros/iron /usr/bin/cmake --build /home/bong/project/snake_RL/GD/horcrux_ws/build/horcrux_interfaces -- -j4 -l4
[3.818s] Invoking command in '/home/bong/project/snake_RL/GD/horcrux_ws/build/horcrux_interfaces': CMAKE_PREFIX_PATH=${CMAKE_PREFIX_PATH}:/home/bong/project/snake_RL/GD/horcrux_ws/install/horcrux_state:/home/bong/project/snake_RL/GD/horcrux_ws/install/horcrux_msg:/home/bong/project/snake_RL/GD/horcrux_ws/install/handsfree_imu:/opt/ros/iron /usr/bin/cmake --install /home/bong/project/snake_RL/GD/horcrux_ws/build/horcrux_interfaces
[3.824s] -- Install configuration: ""
[3.824s] -- Up-to-date: /home/bong/project/snake_RL/GD/horcrux_ws/install/horcrux_interfaces/share/ament_index/resource_index/rosidl_interfaces/horcrux_interfaces
[3.824s] -- Installing: /home/bong/project/snake_RL/GD/horcrux_ws/install/horcrux_interfaces/share/horcrux_interfaces/msg/MotorState.json
[3.824s] -- Installing: /home/bong/project/snake_RL/GD/horcrux_ws/install/horcrux_interfaces/share/horcrux_interfaces/msg/MotorStates.json
[3.824s] -- Installing: /home/bong/project/snake_RL/GD/horcrux_ws/install/horcrux_interfaces/share/horcrux_interfaces/msg/RobotState.json
[3.824s] -- Up-to-date: /home/bong/project/snake_RL/GD/horcrux_ws/install/horcrux_interfaces/include/horcrux_interfaces/horcrux_interfaces
[3.824s] -- Up-to-date: /home/bong/project/snake_RL/GD/horcrux_ws/install/horcrux_interfaces/include/horcrux_interfaces/horcrux_interfaces/msg
[3.824s] -- Up-to-date: /home/bong/project/snake_RL/GD/horcrux_ws/install/horcrux_interfaces/include/horcrux_interfaces/horcrux_interfaces/msg/rosidl_generator_c__visibility_control.h
[3.824s] -- Installing: /home/bong/project/snake_RL/GD/horcrux_ws/install/horcrux_interfaces/include/horcrux_interfaces/horcrux_interfaces/msg/motor_state.h
[3.824s] -- Installing: /home/bong/project/snake_RL/GD/horcrux_ws/install/horcrux_interfaces/include/horcrux_interfaces/horcrux_interfaces/msg/robot_state.h
[3.824s] -- Installing: /home/bong/project/snake_RL/GD/horcrux_ws/install/horcrux_interfaces/include/horcrux_interfaces/horcrux_interfaces/msg/motor_states.h
[3.824s] -- Up-to-date: /home/bong/project/snake_RL/GD/horcrux_ws/install/horcrux_interfaces/include/horcrux_interfaces/horcrux_interfaces/msg/detail
[3.824s] -- Installing: /home/bong/project/snake_RL/GD/horcrux_ws/install/horcrux_interfaces/include/horcrux_interfaces/horcrux_interfaces/msg/detail/motor_state__struct.h
[3.824s] -- Installing: /home/bong/project/snake_RL/GD/horcrux_ws/install/horcrux_interfaces/include/horcrux_interfaces/horcrux_interfaces/msg/detail/robot_state__description.c
[3.824s] -- Installing: /home/bong/project/snake_RL/GD/horcrux_ws/install/horcrux_interfaces/include/horcrux_interfaces/horcrux_interfaces/msg/detail/robot_state__functions.h
[3.825s] -- Installing: /home/bong/project/snake_RL/GD/horcrux_ws/install/horcrux_interfaces/include/horcrux_interfaces/horcrux_interfaces/msg/detail/motor_states__struct.h
[3.825s] -- Installing: /home/bong/project/snake_RL/GD/horcrux_ws/install/horcrux_interfaces/include/horcrux_interfaces/horcrux_interfaces/msg/detail/robot_state__functions.c
[3.825s] -- Installing: /home/bong/project/snake_RL/GD/horcrux_ws/install/horcrux_interfaces/include/horcrux_interfaces/horcrux_interfaces/msg/detail/motor_state__description.c
[3.825s] -- Installing: /home/bong/project/snake_RL/GD/horcrux_ws/install/horcrux_interfaces/include/horcrux_interfaces/horcrux_interfaces/msg/detail/robot_state__struct.h
[3.825s] -- Installing: /home/bong/project/snake_RL/GD/horcrux_ws/install/horcrux_interfaces/include/horcrux_interfaces/horcrux_interfaces/msg/detail/motor_states__type_support.h
[3.825s] -- Installing: /home/bong/project/snake_RL/GD/horcrux_ws/install/horcrux_interfaces/include/horcrux_interfaces/horcrux_interfaces/msg/detail/motor_states__functions.c
[3.825s] -- Installing: /home/bong/project/snake_RL/GD/horcrux_ws/install/horcrux_interfaces/include/horcrux_interfaces/horcrux_interfaces/msg/detail/motor_state__functions.h
[3.825s] -- Installing: /home/bong/project/snake_RL/GD/horcrux_ws/install/horcrux_interfaces/include/horcrux_interfaces/horcrux_interfaces/msg/detail/motor_state__type_support.c
[3.825s] -- Installing: /home/bong/project/snake_RL/GD/horcrux_ws/install/horcrux_interfaces/include/horcrux_interfaces/horcrux_interfaces/msg/detail/motor_states__functions.h
[3.825s] -- Installing: /home/bong/project/snake_RL/GD/horcrux_ws/install/horcrux_interfaces/include/horcrux_interfaces/horcrux_interfaces/msg/detail/robot_state__type_support.h
[3.825s] -- Installing: /home/bong/project/snake_RL/GD/horcrux_ws/install/horcrux_interfaces/include/horcrux_interfaces/horcrux_interfaces/msg/detail/motor_states__type_support.c
[3.825s] -- Installing: /home/bong/project/snake_RL/GD/horcrux_ws/install/horcrux_interfaces/include/horcrux_interfaces/horcrux_interfaces/msg/detail/motor_state__type_support.h
[3.825s] -- Installing: /home/bong/project/snake_RL/GD/horcrux_ws/install/horcrux_interfaces/include/horcrux_interfaces/horcrux_interfaces/msg/detail/motor_state__functions.c
[3.825s] -- Installing: /home/bong/project/snake_RL/GD/horcrux_ws/install/horcrux_interfaces/include/horcrux_interfaces/horcrux_interfaces/msg/detail/motor_states__description.c
[3.825s] -- Installing: /home/bong/project/snake_RL/GD/horcrux_ws/install/horcrux_interfaces/include/horcrux_interfaces/horcrux_interfaces/msg/detail/robot_state__type_support.c
[3.825s] -- Up-to-date: /home/bong/project/snake_RL/GD/horcrux_ws/install/horcrux_interfaces/share/horcrux_interfaces/environment/library_path.sh
[3.825s] -- Up-to-date: /home/bong/project/snake_RL/GD/horcrux_ws/install/horcrux_interfaces/share/horcrux_interfaces/environment/library_path.dsv
[3.826s] -- Installing: /home/bong/project/snake_RL/GD/horcrux_ws/install/horcrux_interfaces/lib/libhorcrux_interfaces__rosidl_generator_c.so
[3.826s] -- Set runtime path of "/home/bong/project/snake_RL/GD/horcrux_ws/install/horcrux_interfaces/lib/libhorcrux_interfaces__rosidl_generator_c.so" to ""
[3.826s] -- Up-to-date: /home/bong/project/snake_RL/GD/horcrux_ws/install/horcrux_interfaces/include/horcrux_interfaces/horcrux_interfaces
[3.826s] -- Up-to-date: /home/bong/project/snake_RL/GD/horcrux_ws/install/horcrux_interfaces/include/horcrux_interfaces/horcrux_interfaces/msg
[3.826s] -- Up-to-date: /home/bong/project/snake_RL/GD/horcrux_ws/install/horcrux_interfaces/include/horcrux_interfaces/horcrux_interfaces/msg/rosidl_typesupport_fastrtps_c__visibility_control.h
[3.826s] -- Up-to-date: /home/bong/project/snake_RL/GD/horcrux_ws/install/horcrux_interfaces/include/horcrux_interfaces/horcrux_interfaces/msg/detail
[3.826s] -- Installing: /home/bong/project/snake_RL/GD/horcrux_ws/install/horcrux_interfaces/include/horcrux_interfaces/horcrux_interfaces/msg/detail/motor_state__rosidl_typesupport_fastrtps_c.h
[3.826s] -- Installing: /home/bong/project/snake_RL/GD/horcrux_ws/install/horcrux_interfaces/include/horcrux_interfaces/horcrux_interfaces/msg/detail/robot_state__rosidl_typesupport_fastrtps_c.h
[3.826s] -- Installing: /home/bong/project/snake_RL/GD/horcrux_ws/install/horcrux_interfaces/include/horcrux_interfaces/horcrux_interfaces/msg/detail/motor_states__rosidl_typesupport_fastrtps_c.h
[3.826s] -- Installing: /home/bong/project/snake_RL/GD/horcrux_ws/install/horcrux_interfaces/lib/libhorcrux_interfaces__rosidl_typesupport_fastrtps_c.so
[3.826s] -- Set runtime path of "/home/bong/project/snake_RL/GD/horcrux_ws/install/horcrux_interfaces/lib/libhorcrux_interfaces__rosidl_typesupport_fastrtps_c.so" to ""
[3.826s] -- Up-to-date: /home/bong/project/snake_RL/GD/horcrux_ws/install/horcrux_interfaces/include/horcrux_interfaces/horcrux_interfaces
[3.826s] -- Up-to-date: /home/bong/project/snake_RL/GD/horcrux_ws/install/horcrux_interfaces/include/horcrux_interfaces/horcrux_interfaces/msg
[3.826s] -- Installing: /home/bong/project/snake_RL/GD/horcrux_ws/install/horcrux_interfaces/include/horcrux_interfaces/horcrux_interfaces/msg/motor_state.hpp
[3.826s] -- Installing: /home/bong/project/snake_RL/GD/horcrux_ws/install/horcrux_interfaces/include/horcrux_interfaces/horcrux_interfaces/msg/motor_states.hpp
[3.826s] -- Installing: /home/bong/project/snake_RL/GD/horcrux_ws/install/horcrux_interfaces/include/horcrux_interfaces/horcrux_interfaces/msg/robot_state.hpp
[3.827s] -- Up-to-date: /home/bong/project/snake_RL/GD/horcrux_ws/install/horcrux_interfaces/include/horcrux_interfaces/horcrux_interfaces/msg/detail
[3.827s] -- Installing: /home/bong/project/snake_RL/GD/horcrux_ws/install/horcrux_interfaces/include/horcrux_interfaces/horcrux_interfaces/msg/detail/motor_state__builder.hpp
[3.827s] -- Installing: /home/bong/project/snake_RL/GD/horcrux_ws/install/horcrux_interfaces/include/horcrux_interfaces/horcrux_interfaces/msg/detail/robot_state__struct.hpp
[3.827s] -- Installing: /home/bong/project/snake_RL/GD/horcrux_ws/install/horcrux_interfaces/include/horcrux_interfaces/horcrux_interfaces/msg/detail/motor_state__traits.hpp
[3.827s] -- Installing: /home/bong/project/snake_RL/GD/horcrux_ws/install/horcrux_interfaces/include/horcrux_interfaces/horcrux_interfaces/msg/detail/motor_states__builder.hpp
[3.827s] -- Installing: /home/bong/project/snake_RL/GD/horcrux_ws/install/horcrux_interfaces/include/horcrux_interfaces/horcrux_interfaces/msg/detail/robot_state__builder.hpp
[3.827s] -- Installing: /home/bong/project/snake_RL/GD/horcrux_ws/install/horcrux_interfaces/include/horcrux_interfaces/horcrux_interfaces/msg/detail/robot_state__traits.hpp
[3.827s] -- Installing: /home/bong/project/snake_RL/GD/horcrux_ws/install/horcrux_interfaces/include/horcrux_interfaces/horcrux_interfaces/msg/detail/motor_states__traits.hpp
[3.827s] -- Installing: /home/bong/project/snake_RL/GD/horcrux_ws/install/horcrux_interfaces/include/horcrux_interfaces/horcrux_interfaces/msg/detail/motor_states__struct.hpp
[3.827s] -- Installing: /home/bong/project/snake_RL/GD/horcrux_ws/install/horcrux_interfaces/include/horcrux_interfaces/horcrux_interfaces/msg/detail/motor_state__struct.hpp
[3.827s] -- Up-to-date: /home/bong/project/snake_RL/GD/horcrux_ws/install/horcrux_interfaces/include/horcrux_interfaces/horcrux_interfaces
[3.827s] -- Up-to-date: /home/bong/project/snake_RL/GD/horcrux_ws/install/horcrux_interfaces/include/horcrux_interfaces/horcrux_interfaces/msg
[3.827s] -- Up-to-date: /home/bong/project/snake_RL/GD/horcrux_ws/install/horcrux_interfaces/include/horcrux_interfaces/horcrux_interfaces/msg/rosidl_typesupport_fastrtps_cpp__visibility_control.h
[3.827s] -- Up-to-date: /home/bong/project/snake_RL/GD/horcrux_ws/install/horcrux_interfaces/include/horcrux_interfaces/horcrux_interfaces/msg/detail
[3.827s] -- Installing: /home/bong/project/snake_RL/GD/horcrux_ws/install/horcrux_interfaces/include/horcrux_interfaces/horcrux_interfaces/msg/detail/motor_state__rosidl_typesupport_fastrtps_cpp.hpp
[3.827s] -- Installing: /home/bong/project/snake_RL/GD/horcrux_ws/install/horcrux_interfaces/include/horcrux_interfaces/horcrux_interfaces/msg/detail/motor_states__rosidl_typesupport_fastrtps_cpp.hpp
[3.827s] -- Up-to-date: /home/bong/project/snake_RL/GD/horcrux_ws/install/horcrux_interfaces/include/horcrux_interfaces/horcrux_interfaces/msg/detail/dds_fastrtps
[3.827s] -- Installing: /home/bong/project/snake_RL/GD/horcrux_ws/install/horcrux_interfaces/include/horcrux_interfaces/horcrux_interfaces/msg/detail/robot_state__rosidl_typesupport_fastrtps_cpp.hpp
[3.828s] -- Installing: /home/bong/project/snake_RL/GD/horcrux_ws/install/horcrux_interfaces/lib/libhorcrux_interfaces__rosidl_typesupport_fastrtps_cpp.so
[3.828s] -- Set runtime path of "/home/bong/project/snake_RL/GD/horcrux_ws/install/horcrux_interfaces/lib/libhorcrux_interfaces__rosidl_typesupport_fastrtps_cpp.so" to ""
[3.828s] -- Up-to-date: /home/bong/project/snake_RL/GD/horcrux_ws/install/horcrux_interfaces/include/horcrux_interfaces/horcrux_interfaces
[3.828s] -- Up-to-date: /home/bong/project/snake_RL/GD/horcrux_ws/install/horcrux_interfaces/include/horcrux_interfaces/horcrux_interfaces/msg
[3.828s] -- Up-to-date: /home/bong/project/snake_RL/GD/horcrux_ws/install/horcrux_interfaces/include/horcrux_interfaces/horcrux_interfaces/msg/rosidl_typesupport_introspection_c__visibility_control.h
[3.828s] -- Up-to-date: /home/bong/project/snake_RL/GD/horcrux_ws/install/horcrux_interfaces/include/horcrux_interfaces/horcrux_interfaces/msg/detail
[3.828s] -- Installing: /home/bong/project/snake_RL/GD/horcrux_ws/install/horcrux_interfaces/include/horcrux_interfaces/horcrux_interfaces/msg/detail/robot_state__rosidl_typesupport_introspection_c.h
[3.828s] -- Up-to-date: /home/bong/project/snake_RL/GD/horcrux_ws/install/horcrux_interfaces/include/horcrux_interfaces/horcrux_interfaces/msg/detail/motor_state__type_support.c
[3.828s] -- Installing: /home/bong/project/snake_RL/GD/horcrux_ws/install/horcrux_interfaces/include/horcrux_interfaces/horcrux_interfaces/msg/detail/motor_states__rosidl_typesupport_introspection_c.h
[3.828s] -- Up-to-date: /home/bong/project/snake_RL/GD/horcrux_ws/install/horcrux_interfaces/include/horcrux_interfaces/horcrux_interfaces/msg/detail/motor_states__type_support.c
[3.828s] -- Installing: /home/bong/project/snake_RL/GD/horcrux_ws/install/horcrux_interfaces/include/horcrux_interfaces/horcrux_interfaces/msg/detail/motor_state__rosidl_typesupport_introspection_c.h
[3.828s] -- Up-to-date: /home/bong/project/snake_RL/GD/horcrux_ws/install/horcrux_interfaces/include/horcrux_interfaces/horcrux_interfaces/msg/detail/robot_state__type_support.c
[3.828s] -- Installing: /home/bong/project/snake_RL/GD/horcrux_ws/install/horcrux_interfaces/lib/libhorcrux_interfaces__rosidl_typesupport_introspection_c.so
[3.828s] -- Set runtime path of "/home/bong/project/snake_RL/GD/horcrux_ws/install/horcrux_interfaces/lib/libhorcrux_interfaces__rosidl_typesupport_introspection_c.so" to ""
[3.828s] -- Installing: /home/bong/project/snake_RL/GD/horcrux_ws/install/horcrux_interfaces/lib/libhorcrux_interfaces__rosidl_typesupport_c.so
[3.829s] -- Set runtime path of "/home/bong/project/snake_RL/GD/horcrux_ws/install/horcrux_interfaces/lib/libhorcrux_interfaces__rosidl_typesupport_c.so" to ""
[3.829s] -- Up-to-date: /home/bong/project/snake_RL/GD/horcrux_ws/install/horcrux_interfaces/include/horcrux_interfaces/horcrux_interfaces
[3.829s] -- Up-to-date: /home/bong/project/snake_RL/GD/horcrux_ws/install/horcrux_interfaces/include/horcrux_interfaces/horcrux_interfaces/msg
[3.829s] -- Up-to-date: /home/bong/project/snake_RL/GD/horcrux_ws/install/horcrux_interfaces/include/horcrux_interfaces/horcrux_interfaces/msg/detail
[3.829s] -- Installing: /home/bong/project/snake_RL/GD/horcrux_ws/install/horcrux_interfaces/include/horcrux_interfaces/horcrux_interfaces/msg/detail/motor_states__rosidl_typesupport_introspection_cpp.hpp
[3.829s] -- Installing: /home/bong/project/snake_RL/GD/horcrux_ws/install/horcrux_interfaces/include/horcrux_interfaces/horcrux_interfaces/msg/detail/motor_states__type_support.cpp
[3.829s] -- Installing: /home/bong/project/snake_RL/GD/horcrux_ws/install/horcrux_interfaces/include/horcrux_interfaces/horcrux_interfaces/msg/detail/robot_state__type_support.cpp
[3.829s] -- Installing: /home/bong/project/snake_RL/GD/horcrux_ws/install/horcrux_interfaces/include/horcrux_interfaces/horcrux_interfaces/msg/detail/robot_state__rosidl_typesupport_introspection_cpp.hpp
[3.829s] -- Installing: /home/bong/project/snake_RL/GD/horcrux_ws/install/horcrux_interfaces/include/horcrux_interfaces/horcrux_interfaces/msg/detail/motor_state__rosidl_typesupport_introspection_cpp.hpp
[3.829s] -- Installing: /home/bong/project/snake_RL/GD/horcrux_ws/install/horcrux_interfaces/include/horcrux_interfaces/horcrux_interfaces/msg/detail/motor_state__type_support.cpp
[3.829s] -- Installing: /home/bong/project/snake_RL/GD/horcrux_ws/install/horcrux_interfaces/lib/libhorcrux_interfaces__rosidl_typesupport_introspection_cpp.so
[3.829s] -- Set runtime path of "/home/bong/project/snake_RL/GD/horcrux_ws/install/horcrux_interfaces/lib/libhorcrux_interfaces__rosidl_typesupport_introspection_cpp.so" to ""
[3.829s] -- Installing: /home/bong/project/snake_RL/GD/horcrux_ws/install/horcrux_interfaces/lib/libhorcrux_interfaces__rosidl_typesupport_cpp.so
[3.830s] -- Set runtime path of "/home/bong/project/snake_RL/GD/horcrux_ws/install/horcrux_interfaces/lib/libhorcrux_interfaces__rosidl_typesupport_cpp.so" to ""
[3.830s] -- Up-to-date: /home/bong/project/snake_RL/GD/horcrux_ws/install/horcrux_interfaces/share/horcrux_interfaces/environment/pythonpath.sh
[3.830s] -- Up-to-date: /home/bong/project/snake_RL/GD/horcrux_ws/install/horcrux_interfaces/share/horcrux_interfaces/environment/pythonpath.dsv
[3.830s] -- Up-to-date: /home/bong/project/snake_RL/GD/horcrux_ws/install/horcrux_interfaces/lib/python3.10/site-packages/horcrux_interfaces-0.0.0-py3.10.egg-info
[3.830s] -- Installing: /home/bong/project/snake_RL/GD/horcrux_ws/install/horcrux_interfaces/lib/python3.10/site-packages/horcrux_interfaces-0.0.0-py3.10.egg-info/PKG-INFO
[3.830s] -- Installing: /home/bong/project/snake_RL/GD/horcrux_ws/install/horcrux_interfaces/lib/python3.10/site-packages/horcrux_interfaces-0.0.0-py3.10.egg-info/SOURCES.txt
[3.830s] -- Installing: /home/bong/project/snake_RL/GD/horcrux_ws/install/horcrux_interfaces/lib/python3.10/site-packages/horcrux_interfaces-0.0.0-py3.10.egg-info/top_level.txt
[3.830s] -- Installing: /home/bong/project/snake_RL/GD/horcrux_ws/install/horcrux_interfaces/lib/python3.10/site-packages/horcrux_interfaces-0.0.0-py3.10.egg-info/dependency_links.txt
[3.830s] -- Up-to-date: /home/bong/project/snake_RL/GD/horcrux_ws/install/horcrux_interfaces/lib/python3.10/site-packages/horcrux_interfaces
[3.830s] -- Installing: /home/bong/project/snake_RL/GD/horcrux_ws/install/horcrux_interfaces/lib/python3.10/site-packages/horcrux_interfaces/horcrux_interfaces_s__rosidl_typesupport_fastrtps_c.cpython-310-aarch64-linux-gnu.so
[3.830s] -- Installing: /home/bong/project/snake_RL/GD/horcrux_ws/install/horcrux_interfaces/lib/python3.10/site-packages/horcrux_interfaces/__init__.py
[3.830s] -- Installing: /home/bong/project/snake_RL/GD/horcrux_ws/install/horcrux_interfaces/lib/python3.10/site-packages/horcrux_interfaces/_horcrux_interfaces_s.ep.rosidl_typesupport_fastrtps_c.c
[3.830s] -- Installing: /home/bong/project/snake_RL/GD/horcrux_ws/install/horcrux_interfaces/lib/python3.10/site-packages/horcrux_interfaces/_horcrux_interfaces_s.ep.rosidl_typesupport_introspection_c.c
[3.830s] -- Installing: /home/bong/project/snake_RL/GD/horcrux_ws/install/horcrux_interfaces/lib/python3.10/site-packages/horcrux_interfaces/_horcrux_interfaces_s.ep.rosidl_typesupport_c.c
[3.830s] -- Up-to-date: /home/bong/project/snake_RL/GD/horcrux_ws/install/horcrux_interfaces/lib/python3.10/site-packages/horcrux_interfaces/msg
[3.830s] -- Installing: /home/bong/project/snake_RL/GD/horcrux_ws/install/horcrux_interfaces/lib/python3.10/site-packages/horcrux_interfaces/msg/_motor_states_s.c
[3.831s] -- Installing: /home/bong/project/snake_RL/GD/horcrux_ws/install/horcrux_interfaces/lib/python3.10/site-packages/horcrux_interfaces/msg/_motor_state_s.c
[3.831s] -- Installing: /home/bong/project/snake_RL/GD/horcrux_ws/install/horcrux_interfaces/lib/python3.10/site-packages/horcrux_interfaces/msg/__init__.py
[3.831s] -- Installing: /home/bong/project/snake_RL/GD/horcrux_ws/install/horcrux_interfaces/lib/python3.10/site-packages/horcrux_interfaces/msg/_motor_state.py
[3.831s] -- Installing: /home/bong/project/snake_RL/GD/horcrux_ws/install/horcrux_interfaces/lib/python3.10/site-packages/horcrux_interfaces/msg/_robot_state_s.c
[3.831s] -- Installing: /home/bong/project/snake_RL/GD/horcrux_ws/install/horcrux_interfaces/lib/python3.10/site-packages/horcrux_interfaces/msg/_motor_states.py
[3.831s] -- Installing: /home/bong/project/snake_RL/GD/horcrux_ws/install/horcrux_interfaces/lib/python3.10/site-packages/horcrux_interfaces/msg/_robot_state.py
[3.831s] -- Installing: /home/bong/project/snake_RL/GD/horcrux_ws/install/horcrux_interfaces/lib/python3.10/site-packages/horcrux_interfaces/horcrux_interfaces_s__rosidl_typesupport_introspection_c.cpython-310-aarch64-linux-gnu.so
[3.831s] -- Installing: /home/bong/project/snake_RL/GD/horcrux_ws/install/horcrux_interfaces/lib/python3.10/site-packages/horcrux_interfaces/horcrux_interfaces_s__rosidl_typesupport_c.cpython-310-aarch64-linux-gnu.so
[3.831s] -- Installing: /home/bong/project/snake_RL/GD/horcrux_ws/install/horcrux_interfaces/lib/python3.10/site-packages/horcrux_interfaces/libhorcrux_interfaces__rosidl_generator_py.so
[3.851s] Listing '/home/bong/project/snake_RL/GD/horcrux_ws/install/horcrux_interfaces/lib/python3.10/site-packages/horcrux_interfaces'...
[3.851s] Compiling '/home/bong/project/snake_RL/GD/horcrux_ws/install/horcrux_interfaces/lib/python3.10/site-packages/horcrux_interfaces/__init__.py'...
[3.851s] Listing '/home/bong/project/snake_RL/GD/horcrux_ws/install/horcrux_interfaces/lib/python3.10/site-packages/horcrux_interfaces/msg'...
[3.851s] Compiling '/home/bong/project/snake_RL/GD/horcrux_ws/install/horcrux_interfaces/lib/python3.10/site-packages/horcrux_interfaces/msg/__init__.py'...
[3.852s] Compiling '/home/bong/project/snake_RL/GD/horcrux_ws/install/horcrux_interfaces/lib/python3.10/site-packages/horcrux_interfaces/msg/_motor_state.py'...
[3.852s] Compiling '/home/bong/project/snake_RL/GD/horcrux_ws/install/horcrux_interfaces/lib/python3.10/site-packages/horcrux_interfaces/msg/_motor_states.py'...
[3.852s] Compiling '/home/bong/project/snake_RL/GD/horcrux_ws/install/horcrux_interfaces/lib/python3.10/site-packages/horcrux_interfaces/msg/_robot_state.py'...
[3.854s] -- Installing: /home/bong/project/snake_RL/GD/horcrux_ws/install/horcrux_interfaces/lib/python3.10/site-packages/horcrux_interfaces/horcrux_interfaces_s__rosidl_typesupport_fastrtps_c.cpython-310-aarch64-linux-gnu.so
[3.854s] -- Set runtime path of "/home/bong/project/snake_RL/GD/horcrux_ws/install/horcrux_interfaces/lib/python3.10/site-packages/horcrux_interfaces/horcrux_interfaces_s__rosidl_typesupport_fastrtps_c.cpython-310-aarch64-linux-gnu.so" to ""
[3.854s] -- Installing: /home/bong/project/snake_RL/GD/horcrux_ws/install/horcrux_interfaces/lib/python3.10/site-packages/horcrux_interfaces/horcrux_interfaces_s__rosidl_typesupport_introspection_c.cpython-310-aarch64-linux-gnu.so
[3.854s] -- Set runtime path of "/home/bong/project/snake_RL/GD/horcrux_ws/install/horcrux_interfaces/lib/python3.10/site-packages/horcrux_interfaces/horcrux_interfaces_s__rosidl_typesupport_introspection_c.cpython-310-aarch64-linux-gnu.so" to ""
[3.854s] -- Installing: /home/bong/project/snake_RL/GD/horcrux_ws/install/horcrux_interfaces/lib/python3.10/site-packages/horcrux_interfaces/horcrux_interfaces_s__rosidl_typesupport_c.cpython-310-aarch64-linux-gnu.so
[3.855s] -- Set runtime path of "/home/bong/project/snake_RL/GD/horcrux_ws/install/horcrux_interfaces/lib/python3.10/site-packages/horcrux_interfaces/horcrux_interfaces_s__rosidl_typesupport_c.cpython-310-aarch64-linux-gnu.so" to ""
[3.855s] -- Installing: /home/bong/project/snake_RL/GD/horcrux_ws/install/horcrux_interfaces/lib/libhorcrux_interfaces__rosidl_generator_py.so
[3.855s] -- Set runtime path of "/home/bong/project/snake_RL/GD/horcrux_ws/install/horcrux_interfaces/lib/libhorcrux_interfaces__rosidl_generator_py.so" to ""
[3.855s] -- Installing: /home/bong/project/snake_RL/GD/horcrux_ws/install/horcrux_interfaces/share/horcrux_interfaces/msg/MotorState.idl
[3.855s] -- Up-to-date: /home/bong/project/snake_RL/GD/horcrux_ws/install/horcrux_interfaces/share/horcrux_interfaces/msg/MotorStates.idl
[3.855s] -- Up-to-date: /home/bong/project/snake_RL/GD/horcrux_ws/install/horcrux_interfaces/share/horcrux_interfaces/msg/RobotState.idl
[3.855s] -- Installing: /home/bong/project/snake_RL/GD/horcrux_ws/install/horcrux_interfaces/share/horcrux_interfaces/msg/MotorState.msg
[3.855s] -- Up-to-date: /home/bong/project/snake_RL/GD/horcrux_ws/install/horcrux_interfaces/share/horcrux_interfaces/msg/MotorStates.msg
[3.855s] -- Up-to-date: /home/bong/project/snake_RL/GD/horcrux_ws/install/horcrux_interfaces/share/horcrux_interfaces/msg/RobotState.msg
[3.855s] -- Up-to-date: /home/bong/project/snake_RL/GD/horcrux_ws/install/horcrux_interfaces/share/ament_index/resource_index/package_run_dependencies/horcrux_interfaces
[3.855s] -- Up-to-date: /home/bong/project/snake_RL/GD/horcrux_ws/install/horcrux_interfaces/share/ament_index/resource_index/parent_prefix_path/horcrux_interfaces
[3.855s] -- Up-to-date: /home/bong/project/snake_RL/GD/horcrux_ws/install/horcrux_interfaces/share/horcrux_interfaces/environment/ament_prefix_path.sh
[3.855s] -- Up-to-date: /home/bong/project/snake_RL/GD/horcrux_ws/install/horcrux_interfaces/share/horcrux_interfaces/environment/ament_prefix_path.dsv
[3.855s] -- Up-to-date: /home/bong/project/snake_RL/GD/horcrux_ws/install/horcrux_interfaces/share/horcrux_interfaces/environment/path.sh
[3.855s] -- Up-to-date: /home/bong/project/snake_RL/GD/horcrux_ws/install/horcrux_interfaces/share/horcrux_interfaces/environment/path.dsv
[3.855s] -- Up-to-date: /home/bong/project/snake_RL/GD/horcrux_ws/install/horcrux_interfaces/share/horcrux_interfaces/local_setup.bash
[3.856s] -- Up-to-date: /home/bong/project/snake_RL/GD/horcrux_ws/install/horcrux_interfaces/share/horcrux_interfaces/local_setup.sh
[3.856s] -- Up-to-date: /home/bong/project/snake_RL/GD/horcrux_ws/install/horcrux_interfaces/share/horcrux_interfaces/local_setup.zsh
[3.856s] -- Up-to-date: /home/bong/project/snake_RL/GD/horcrux_ws/install/horcrux_interfaces/share/horcrux_interfaces/local_setup.dsv
[3.856s] -- Installing: /home/bong/project/snake_RL/GD/horcrux_ws/install/horcrux_interfaces/share/horcrux_interfaces/package.dsv
[3.856s] -- Up-to-date: /home/bong/project/snake_RL/GD/horcrux_ws/install/horcrux_interfaces/share/ament_index/resource_index/packages/horcrux_interfaces
[3.856s] -- Up-to-date: /home/bong/project/snake_RL/GD/horcrux_ws/install/horcrux_interfaces/share/horcrux_interfaces/cmake/export_horcrux_interfaces__rosidl_generator_cExport.cmake
[3.856s] -- Up-to-date: /home/bong/project/snake_RL/GD/horcrux_ws/install/horcrux_interfaces/share/horcrux_interfaces/cmake/export_horcrux_interfaces__rosidl_generator_cExport-noconfig.cmake
[3.856s] -- Up-to-date: /home/bong/project/snake_RL/GD/horcrux_ws/install/horcrux_interfaces/share/horcrux_interfaces/cmake/export_horcrux_interfaces__rosidl_typesupport_fastrtps_cExport.cmake
[3.856s] -- Up-to-date: /home/bong/project/snake_RL/GD/horcrux_ws/install/horcrux_interfaces/share/horcrux_interfaces/cmake/export_horcrux_interfaces__rosidl_typesupport_fastrtps_cExport-noconfig.cmake
[3.856s] -- Up-to-date: /home/bong/project/snake_RL/GD/horcrux_ws/install/horcrux_interfaces/share/horcrux_interfaces/cmake/export_horcrux_interfaces__rosidl_generator_cppExport.cmake
[3.856s] -- Up-to-date: /home/bong/project/snake_RL/GD/horcrux_ws/install/horcrux_interfaces/share/horcrux_interfaces/cmake/export_horcrux_interfaces__rosidl_typesupport_fastrtps_cppExport.cmake
[3.856s] -- Up-to-date: /home/bong/project/snake_RL/GD/horcrux_ws/install/horcrux_interfaces/share/horcrux_interfaces/cmake/export_horcrux_interfaces__rosidl_typesupport_fastrtps_cppExport-noconfig.cmake
[3.856s] -- Up-to-date: /home/bong/project/snake_RL/GD/horcrux_ws/install/horcrux_interfaces/share/horcrux_interfaces/cmake/horcrux_interfaces__rosidl_typesupport_introspection_cExport.cmake
[3.856s] -- Up-to-date: /home/bong/project/snake_RL/GD/horcrux_ws/install/horcrux_interfaces/share/horcrux_interfaces/cmake/horcrux_interfaces__rosidl_typesupport_introspection_cExport-noconfig.cmake
[3.856s] -- Up-to-date: /home/bong/project/snake_RL/GD/horcrux_ws/install/horcrux_interfaces/share/horcrux_interfaces/cmake/horcrux_interfaces__rosidl_typesupport_cExport.cmake
[3.856s] -- Up-to-date: /home/bong/project/snake_RL/GD/horcrux_ws/install/horcrux_interfaces/share/horcrux_interfaces/cmake/horcrux_interfaces__rosidl_typesupport_cExport-noconfig.cmake
[3.856s] -- Up-to-date: /home/bong/project/snake_RL/GD/horcrux_ws/install/horcrux_interfaces/share/horcrux_interfaces/cmake/horcrux_interfaces__rosidl_typesupport_introspection_cppExport.cmake
[3.856s] -- Up-to-date: /home/bong/project/snake_RL/GD/horcrux_ws/install/horcrux_interfaces/share/horcrux_interfaces/cmake/horcrux_interfaces__rosidl_typesupport_introspection_cppExport-noconfig.cmake
[3.856s] -- Up-to-date: /home/bong/project/snake_RL/GD/horcrux_ws/install/horcrux_interfaces/share/horcrux_interfaces/cmake/horcrux_interfaces__rosidl_typesupport_cppExport.cmake
[3.856s] -- Up-to-date: /home/bong/project/snake_RL/GD/horcrux_ws/install/horcrux_interfaces/share/horcrux_interfaces/cmake/horcrux_interfaces__rosidl_typesupport_cppExport-noconfig.cmake
[3.856s] -- Up-to-date: /home/bong/project/snake_RL/GD/horcrux_ws/install/horcrux_interfaces/share/horcrux_interfaces/cmake/export_horcrux_interfaces__rosidl_generator_pyExport.cmake
[3.856s] -- Up-to-date: /home/bong/project/snake_RL/GD/horcrux_ws/install/horcrux_interfaces/share/horcrux_interfaces/cmake/export_horcrux_interfaces__rosidl_generator_pyExport-noconfig.cmake
[3.857s] -- Up-to-date: /home/bong/project/snake_RL/GD/horcrux_ws/install/horcrux_interfaces/share/horcrux_interfaces/cmake/rosidl_cmake-extras.cmake
[3.857s] -- Up-to-date: /home/bong/project/snake_RL/GD/horcrux_ws/install/horcrux_interfaces/share/horcrux_interfaces/cmake/ament_cmake_export_dependencies-extras.cmake
[3.857s] -- Up-to-date: /home/bong/project/snake_RL/GD/horcrux_ws/install/horcrux_interfaces/share/horcrux_interfaces/cmake/ament_cmake_export_include_directories-extras.cmake
[3.857s] -- Up-to-date: /home/bong/project/snake_RL/GD/horcrux_ws/install/horcrux_interfaces/share/horcrux_interfaces/cmake/ament_cmake_export_libraries-extras.cmake
[3.857s] -- Up-to-date: /home/bong/project/snake_RL/GD/horcrux_ws/install/horcrux_interfaces/share/horcrux_interfaces/cmake/ament_cmake_export_targets-extras.cmake
[3.857s] -- Up-to-date: /home/bong/project/snake_RL/GD/horcrux_ws/install/horcrux_interfaces/share/horcrux_interfaces/cmake/rosidl_cmake_export_typesupport_targets-extras.cmake
[3.857s] -- Up-to-date: /home/bong/project/snake_RL/GD/horcrux_ws/install/horcrux_interfaces/share/horcrux_interfaces/cmake/rosidl_cmake_export_typesupport_libraries-extras.cmake
[3.857s] -- Up-to-date: /home/bong/project/snake_RL/GD/horcrux_ws/install/horcrux_interfaces/share/horcrux_interfaces/cmake/horcrux_interfacesConfig.cmake
[3.857s] -- Up-to-date: /home/bong/project/snake_RL/GD/horcrux_ws/install/horcrux_interfaces/share/horcrux_interfaces/cmake/horcrux_interfacesConfig-version.cmake
[3.857s] -- Up-to-date: /home/bong/project/snake_RL/GD/horcrux_ws/install/horcrux_interfaces/share/horcrux_interfaces/package.xml
[3.858s] Invoked command in '/home/bong/project/snake_RL/GD/horcrux_ws/build/horcrux_interfaces' returned '0': CMAKE_PREFIX_PATH=${CMAKE_PREFIX_PATH}:/home/bong/project/snake_RL/GD/horcrux_ws/install/horcrux_state:/home/bong/project/snake_RL/GD/horcrux_ws/install/horcrux_msg:/home/bong/project/snake_RL/GD/horcrux_ws/install/handsfree_imu:/opt/ros/iron /usr/bin/cmake --install /home/bong/project/snake_RL/GD/horcrux_ws/build/horcrux_interfaces
