running egg_info
writing ../../build/horcrux_msg/horcrux_msg.egg-info/PKG-INFO
writing dependency_links to ../../build/horcrux_msg/horcrux_msg.egg-info/dependency_links.txt
writing entry points to ../../build/horcrux_msg/horcrux_msg.egg-info/entry_points.txt
writing requirements to ../../build/horcrux_msg/horcrux_msg.egg-info/requires.txt
writing top-level names to ../../build/horcrux_msg/horcrux_msg.egg-info/top_level.txt
reading manifest file '../../build/horcrux_msg/horcrux_msg.egg-info/SOURCES.txt'
adding license file 'LICENSE'
writing manifest file '../../build/horcrux_msg/horcrux_msg.egg-info/SOURCES.txt'
running build
running build_py
running install
running install_lib
running install_data
/usr/lib/python3/dist-packages/setuptools/command/install.py:34: SetuptoolsDeprecationWarning: setup.py install is deprecated. Use build and pip and other standards-based tools.
  warnings.warn(
running install_egg_info
removing '/home/bong/project/snake_RL/GD/horcrux_ws/install/horcrux_msg/lib/python3.10/site-packages/horcrux_msg-0.0.0-py3.10.egg-info' (and everything under it)
Copying ../../build/horcrux_msg/horcrux_msg.egg-info to /home/bong/project/snake_RL/GD/horcrux_ws/install/horcrux_msg/lib/python3.10/site-packages/horcrux_msg-0.0.0-py3.10.egg-info
running install_scripts
Installing hello_node script to /home/bong/project/snake_RL/GD/horcrux_ws/install/horcrux_msg/lib/horcrux_msg
Installing pub script to /home/bong/project/snake_RL/GD/horcrux_ws/install/horcrux_msg/lib/horcrux_msg
Installing sub script to /home/bong/project/snake_RL/GD/horcrux_ws/install/horcrux_msg/lib/horcrux_msg
writing list of installed files to '/home/bong/project/snake_RL/GD/horcrux_ws/build/horcrux_msg/install.log'
