running egg_info
creating ../../build/horcrux_msg/horcrux_msg.egg-info
writing ../../build/horcrux_msg/horcrux_msg.egg-info/PKG-INFO
writing dependency_links to ../../build/horcrux_msg/horcrux_msg.egg-info/dependency_links.txt
writing entry points to ../../build/horcrux_msg/horcrux_msg.egg-info/entry_points.txt
writing requirements to ../../build/horcrux_msg/horcrux_msg.egg-info/requires.txt
writing top-level names to ../../build/horcrux_msg/horcrux_msg.egg-info/top_level.txt
writing manifest file '../../build/horcrux_msg/horcrux_msg.egg-info/SOURCES.txt'
reading manifest file '../../build/horcrux_msg/horcrux_msg.egg-info/SOURCES.txt'
adding license file 'LICENSE'
writing manifest file '../../build/horcrux_msg/horcrux_msg.egg-info/SOURCES.txt'
running build
running build_py
creating /home/bong/project/snake_RL/GD/horcrux_ws/build/horcrux_msg/build
creating /home/bong/project/snake_RL/GD/horcrux_ws/build/horcrux_msg/build/lib
creating /home/bong/project/snake_RL/GD/horcrux_ws/build/horcrux_msg/build/lib/horcrux_msg
copying horcrux_msg/__init__.py -> /home/bong/project/snake_RL/GD/horcrux_ws/build/horcrux_msg/build/lib/horcrux_msg
copying horcrux_msg/hello_node.py -> /home/bong/project/snake_RL/GD/horcrux_ws/build/horcrux_msg/build/lib/horcrux_msg
copying horcrux_msg/sub.py -> /home/bong/project/snake_RL/GD/horcrux_ws/build/horcrux_msg/build/lib/horcrux_msg
copying horcrux_msg/pub.py -> /home/bong/project/snake_RL/GD/horcrux_ws/build/horcrux_msg/build/lib/horcrux_msg
running install
/usr/lib/python3/dist-packages/setuptools/command/install.py:34: SetuptoolsDeprecationWarning: setup.py install is deprecated. Use build and pip and other standards-based tools.
  warnings.warn(
running install_lib
creating /home/bong/project/snake_RL/GD/horcrux_ws/install/horcrux_msg/lib/python3.10/site-packages/horcrux_msg
copying /home/bong/project/snake_RL/GD/horcrux_ws/build/horcrux_msg/build/lib/horcrux_msg/__init__.py -> /home/bong/project/snake_RL/GD/horcrux_ws/install/horcrux_msg/lib/python3.10/site-packages/horcrux_msg
copying /home/bong/project/snake_RL/GD/horcrux_ws/build/horcrux_msg/build/lib/horcrux_msg/hello_node.py -> /home/bong/project/snake_RL/GD/horcrux_ws/install/horcrux_msg/lib/python3.10/site-packages/horcrux_msg
copying /home/bong/project/snake_RL/GD/horcrux_ws/build/horcrux_msg/build/lib/horcrux_msg/sub.py -> /home/bong/project/snake_RL/GD/horcrux_ws/install/horcrux_msg/lib/python3.10/site-packages/horcrux_msg
copying /home/bong/project/snake_RL/GD/horcrux_ws/build/horcrux_msg/build/lib/horcrux_msg/pub.py -> /home/bong/project/snake_RL/GD/horcrux_ws/install/horcrux_msg/lib/python3.10/site-packages/horcrux_msg
byte-compiling /home/bong/project/snake_RL/GD/horcrux_ws/install/horcrux_msg/lib/python3.10/site-packages/horcrux_msg/__init__.py to __init__.cpython-310.pyc
byte-compiling /home/bong/project/snake_RL/GD/horcrux_ws/install/horcrux_msg/lib/python3.10/site-packages/horcrux_msg/hello_node.py to hello_node.cpython-310.pyc
byte-compiling /home/bong/project/snake_RL/GD/horcrux_ws/install/horcrux_msg/lib/python3.10/site-packages/horcrux_msg/sub.py to sub.cpython-310.pyc
byte-compiling /home/bong/project/snake_RL/GD/horcrux_ws/install/horcrux_msg/lib/python3.10/site-packages/horcrux_msg/pub.py to pub.cpython-310.pyc
running install_data
creating /home/bong/project/snake_RL/GD/horcrux_ws/install/horcrux_msg/share/ament_index
creating /home/bong/project/snake_RL/GD/horcrux_ws/install/horcrux_msg/share/ament_index/resource_index
creating /home/bong/project/snake_RL/GD/horcrux_ws/install/horcrux_msg/share/ament_index/resource_index/packages
copying resource/horcrux_msg -> /home/bong/project/snake_RL/GD/horcrux_ws/install/horcrux_msg/share/ament_index/resource_index/packages
copying package.xml -> /home/bong/project/snake_RL/GD/horcrux_ws/install/horcrux_msg/share/horcrux_msg
running install_egg_info
Copying ../../build/horcrux_msg/horcrux_msg.egg-info to /home/bong/project/snake_RL/GD/horcrux_ws/install/horcrux_msg/lib/python3.10/site-packages/horcrux_msg-0.0.0-py3.10.egg-info
running install_scripts
Installing hello_node script to /home/bong/project/snake_RL/GD/horcrux_ws/install/horcrux_msg/lib/horcrux_msg
Installing pub script to /home/bong/project/snake_RL/GD/horcrux_ws/install/horcrux_msg/lib/horcrux_msg
Installing sub script to /home/bong/project/snake_RL/GD/horcrux_ws/install/horcrux_msg/lib/horcrux_msg
writing list of installed files to '/home/bong/project/snake_RL/GD/horcrux_ws/build/horcrux_msg/install.log'
