[0.559s] Invoking command in '/home/bong/project/snake_RL/GD/horcrux_ws/src/horcrux_msg': AMENT_PREFIX_PATH=/home/bong/project/snake_RL/GD/horcrux_ws/install/horcrux_interfaces:${AMENT_PREFIX_PATH} CMAKE_PREFIX_PATH=/home/bong/project/snake_RL/GD/horcrux_ws/install/horcrux_interfaces LD_LIBRARY_PATH=/home/bong/project/snake_RL/GD/horcrux_ws/install/horcrux_interfaces/lib:${LD_LIBRARY_PATH} PYTHONPATH=/home/bong/project/snake_RL/GD/horcrux_ws/build/horcrux_msg/prefix_override:/home/bong/project/snake_RL/GD/horcrux_ws/install/horcrux_msg/lib/python3.10/site-packages:/home/bong/project/snake_RL/GD/horcrux_ws/install/horcrux_interfaces/lib/python3.10/site-packages:${PYTHONPATH} /usr/bin/python3 setup.py egg_info --egg-base ../../build/horcrux_msg build --build-base /home/bong/project/snake_RL/GD/horcrux_ws/build/horcrux_msg/build install --record /home/bong/project/snake_RL/GD/horcrux_ws/build/horcrux_msg/install.log --single-version-externally-managed
[0.670s] running egg_info
[0.671s] creating ../../build/horcrux_msg/horcrux_msg.egg-info
[0.671s] writing ../../build/horcrux_msg/horcrux_msg.egg-info/PKG-INFO
[0.671s] writing dependency_links to ../../build/horcrux_msg/horcrux_msg.egg-info/dependency_links.txt
[0.671s] writing entry points to ../../build/horcrux_msg/horcrux_msg.egg-info/entry_points.txt
[0.671s] writing requirements to ../../build/horcrux_msg/horcrux_msg.egg-info/requires.txt
[0.671s] writing top-level names to ../../build/horcrux_msg/horcrux_msg.egg-info/top_level.txt
[0.671s] writing manifest file '../../build/horcrux_msg/horcrux_msg.egg-info/SOURCES.txt'
[0.672s] reading manifest file '../../build/horcrux_msg/horcrux_msg.egg-info/SOURCES.txt'
[0.672s] adding license file 'LICENSE'
[0.672s] writing manifest file '../../build/horcrux_msg/horcrux_msg.egg-info/SOURCES.txt'
[0.673s] running build
[0.673s] running build_py
[0.673s] creating /home/bong/project/snake_RL/GD/horcrux_ws/build/horcrux_msg/build
[0.673s] creating /home/bong/project/snake_RL/GD/horcrux_ws/build/horcrux_msg/build/lib
[0.673s] creating /home/bong/project/snake_RL/GD/horcrux_ws/build/horcrux_msg/build/lib/horcrux_msg
[0.673s] copying horcrux_msg/__init__.py -> /home/bong/project/snake_RL/GD/horcrux_ws/build/horcrux_msg/build/lib/horcrux_msg
[0.673s] copying horcrux_msg/hello_node.py -> /home/bong/project/snake_RL/GD/horcrux_ws/build/horcrux_msg/build/lib/horcrux_msg
[0.673s] copying horcrux_msg/sub.py -> /home/bong/project/snake_RL/GD/horcrux_ws/build/horcrux_msg/build/lib/horcrux_msg
[0.673s] copying horcrux_msg/pub.py -> /home/bong/project/snake_RL/GD/horcrux_ws/build/horcrux_msg/build/lib/horcrux_msg
[0.673s] running install
[0.674s] /usr/lib/python3/dist-packages/setuptools/command/install.py:34: SetuptoolsDeprecationWarning: setup.py install is deprecated. Use build and pip and other standards-based tools.
[0.674s]   warnings.warn(
[0.674s] running install_lib
[0.674s] creating /home/bong/project/snake_RL/GD/horcrux_ws/install/horcrux_msg/lib/python3.10/site-packages/horcrux_msg
[0.674s] copying /home/bong/project/snake_RL/GD/horcrux_ws/build/horcrux_msg/build/lib/horcrux_msg/__init__.py -> /home/bong/project/snake_RL/GD/horcrux_ws/install/horcrux_msg/lib/python3.10/site-packages/horcrux_msg
[0.675s] copying /home/bong/project/snake_RL/GD/horcrux_ws/build/horcrux_msg/build/lib/horcrux_msg/hello_node.py -> /home/bong/project/snake_RL/GD/horcrux_ws/install/horcrux_msg/lib/python3.10/site-packages/horcrux_msg
[0.675s] copying /home/bong/project/snake_RL/GD/horcrux_ws/build/horcrux_msg/build/lib/horcrux_msg/sub.py -> /home/bong/project/snake_RL/GD/horcrux_ws/install/horcrux_msg/lib/python3.10/site-packages/horcrux_msg
[0.675s] copying /home/bong/project/snake_RL/GD/horcrux_ws/build/horcrux_msg/build/lib/horcrux_msg/pub.py -> /home/bong/project/snake_RL/GD/horcrux_ws/install/horcrux_msg/lib/python3.10/site-packages/horcrux_msg
[0.675s] byte-compiling /home/bong/project/snake_RL/GD/horcrux_ws/install/horcrux_msg/lib/python3.10/site-packages/horcrux_msg/__init__.py to __init__.cpython-310.pyc
[0.675s] byte-compiling /home/bong/project/snake_RL/GD/horcrux_ws/install/horcrux_msg/lib/python3.10/site-packages/horcrux_msg/hello_node.py to hello_node.cpython-310.pyc
[0.675s] byte-compiling /home/bong/project/snake_RL/GD/horcrux_ws/install/horcrux_msg/lib/python3.10/site-packages/horcrux_msg/sub.py to sub.cpython-310.pyc
[0.675s] byte-compiling /home/bong/project/snake_RL/GD/horcrux_ws/install/horcrux_msg/lib/python3.10/site-packages/horcrux_msg/pub.py to pub.cpython-310.pyc
[0.675s] running install_data
[0.676s] creating /home/bong/project/snake_RL/GD/horcrux_ws/install/horcrux_msg/share/ament_index
[0.676s] creating /home/bong/project/snake_RL/GD/horcrux_ws/install/horcrux_msg/share/ament_index/resource_index
[0.676s] creating /home/bong/project/snake_RL/GD/horcrux_ws/install/horcrux_msg/share/ament_index/resource_index/packages
[0.676s] copying resource/horcrux_msg -> /home/bong/project/snake_RL/GD/horcrux_ws/install/horcrux_msg/share/ament_index/resource_index/packages
[0.676s] copying package.xml -> /home/bong/project/snake_RL/GD/horcrux_ws/install/horcrux_msg/share/horcrux_msg
[0.676s] running install_egg_info
[0.677s] Copying ../../build/horcrux_msg/horcrux_msg.egg-info to /home/bong/project/snake_RL/GD/horcrux_ws/install/horcrux_msg/lib/python3.10/site-packages/horcrux_msg-0.0.0-py3.10.egg-info
[0.677s] running install_scripts
[0.688s] Installing hello_node script to /home/bong/project/snake_RL/GD/horcrux_ws/install/horcrux_msg/lib/horcrux_msg
[0.688s] Installing pub script to /home/bong/project/snake_RL/GD/horcrux_ws/install/horcrux_msg/lib/horcrux_msg
[0.688s] Installing sub script to /home/bong/project/snake_RL/GD/horcrux_ws/install/horcrux_msg/lib/horcrux_msg
[0.688s] writing list of installed files to '/home/bong/project/snake_RL/GD/horcrux_ws/build/horcrux_msg/install.log'
[0.723s] Invoked command in '/home/bong/project/snake_RL/GD/horcrux_ws/src/horcrux_msg' returned '0': AMENT_PREFIX_PATH=/home/bong/project/snake_RL/GD/horcrux_ws/install/horcrux_interfaces:${AMENT_PREFIX_PATH} CMAKE_PREFIX_PATH=/home/bong/project/snake_RL/GD/horcrux_ws/install/horcrux_interfaces LD_LIBRARY_PATH=/home/bong/project/snake_RL/GD/horcrux_ws/install/horcrux_interfaces/lib:${LD_LIBRARY_PATH} PYTHONPATH=/home/bong/project/snake_RL/GD/horcrux_ws/build/horcrux_msg/prefix_override:/home/bong/project/snake_RL/GD/horcrux_ws/install/horcrux_msg/lib/python3.10/site-packages:/home/bong/project/snake_RL/GD/horcrux_ws/install/horcrux_interfaces/lib/python3.10/site-packages:${PYTHONPATH} /usr/bin/python3 setup.py egg_info --egg-base ../../build/horcrux_msg build --build-base /home/bong/project/snake_RL/GD/horcrux_ws/build/horcrux_msg/build install --record /home/bong/project/snake_RL/GD/horcrux_ws/build/horcrux_msg/install.log --single-version-externally-managed
