[0.068s] Invoking command in '/home/bong/project/snake_RL/GD/horcrux_ws/build/horcrux_interfaces': CMAKE_PREFIX_PATH=${CMAKE_PREFIX_PATH}:/home/bong/project/snake_RL/GD/horcrux_ws/install/handsfree_imu:/home/bong/project/snake_RL/GD/horcrux_ws/install/horcrux_state:/home/bong/project/snake_RL/GD/horcrux_ws/install/horcrux_msg:/opt/ros/iron /usr/bin/cmake --build /home/bong/project/snake_RL/GD/horcrux_ws/build/horcrux_interfaces -- -j4 -l4
[0.090s] -- Found ament_cmake: 2.0.3 (/opt/ros/iron/share/ament_cmake/cmake)
[0.183s] -- Found rclpy: 4.1.4 (/opt/ros/iron/share/rclpy/cmake)
[0.183s] -- Found std_msgs: 5.0.0 (/opt/ros/iron/share/std_msgs/cmake)
[0.208s] -- Found rosidl_generator_c: 4.0.1 (/opt/ros/iron/share/rosidl_generator_c/cmake)
[0.215s] -- Found rosidl_generator_cpp: 4.0.1 (/opt/ros/iron/share/rosidl_generator_cpp/cmake)
[0.226s] -- Using all available rosidl_typesupport_c: rosidl_typesupport_fastrtps_c;rosidl_typesupport_introspection_c
[0.240s] -- Using all available rosidl_typesupport_cpp: rosidl_typesupport_fastrtps_cpp;rosidl_typesupport_introspection_cpp
[0.282s] -- Found sensor_msgs: 5.0.0 (/opt/ros/iron/share/sensor_msgs/cmake)
[0.405s] -- Found rosidl_default_generators: 1.5.0 (/opt/ros/iron/share/rosidl_default_generators/cmake)
[0.412s] -- Found rosidl_adapter: 4.0.1 (/opt/ros/iron/share/rosidl_adapter/cmake)
[0.654s] -- Found ament_cmake_ros: 0.11.2 (/opt/ros/iron/share/ament_cmake_ros/cmake)
[0.949s] -- Using all available rosidl_typesupport_c: rosidl_typesupport_fastrtps_c;rosidl_typesupport_introspection_c
[1.063s] -- Using all available rosidl_typesupport_cpp: rosidl_typesupport_fastrtps_cpp;rosidl_typesupport_introspection_cpp
[1.078s] -- Found python_cmake_module: 0.10.2 (/opt/ros/iron/share/python_cmake_module/cmake)
[1.092s] -- Using PYTHON_EXECUTABLE: /usr/bin/python3
[1.092s] -- Using PYTHON_INCLUDE_DIRS: /usr/include/python3.10
[1.092s] -- Using PYTHON_LIBRARIES: /usr/lib/aarch64-linux-gnu/libpython3.10.so
[1.129s] -- Found ament_lint_auto: 0.14.2 (/opt/ros/iron/share/ament_lint_auto/cmake)
[1.138s] -- Added test 'lint_cmake' to check CMake code style
[1.139s] -- Added test 'xmllint' to check XML markup files
[1.141s] -- Configuring done
[1.169s] -- Generating done
[1.171s] -- Build files have been written to: /home/bong/project/snake_RL/GD/horcrux_ws/build/horcrux_interfaces
[1.210s] [  2%] [34m[1mGenerating type hashes for ROS interfaces[0m
[1.210s] [  2%] Built target ament_cmake_python_copy_horcrux_interfaces
[1.335s] running egg_info
[1.337s] writing horcrux_interfaces.egg-info/PKG-INFO
[1.337s] writing dependency_links to horcrux_interfaces.egg-info/dependency_links.txt
[1.337s] writing top-level names to horcrux_interfaces.egg-info/top_level.txt
[1.337s] reading manifest file 'horcrux_interfaces.egg-info/SOURCES.txt'
[1.338s] writing manifest file 'horcrux_interfaces.egg-info/SOURCES.txt'
[1.354s] [  2%] Built target ament_cmake_python_build_horcrux_interfaces_egg
[1.372s] [  2%] Built target horcrux_interfaces__rosidl_generator_type_description
[1.380s] [  4%] [34m[1mGenerating C code for ROS interfaces[0m
[1.389s] [  6%] [34m[1mGenerating C++ code for ROS interfaces[0m
[1.598s] [  6%] Built target horcrux_interfaces__cpp
[1.630s] [35m[1mConsolidate compiler generated dependencies of target horcrux_interfaces__rosidl_generator_c[0m
[1.639s] [  9%] [32mBuilding C object CMakeFiles/horcrux_interfaces__rosidl_generator_c.dir/rosidl_generator_c/horcrux_interfaces/msg/detail/motor_state__description.c.o[0m
[1.640s] [ 11%] [32mBuilding C object CMakeFiles/horcrux_interfaces__rosidl_generator_c.dir/rosidl_generator_c/horcrux_interfaces/msg/detail/robot_state__description.c.o[0m
[1.641s] [ 13%] [32mBuilding C object CMakeFiles/horcrux_interfaces__rosidl_generator_c.dir/rosidl_generator_c/horcrux_interfaces/msg/detail/motor_state__type_support.c.o[0m
[1.642s] [ 15%] [32mBuilding C object CMakeFiles/horcrux_interfaces__rosidl_generator_c.dir/rosidl_generator_c/horcrux_interfaces/msg/detail/motor_state__functions.c.o[0m
[1.679s] [ 18%] [32mBuilding C object CMakeFiles/horcrux_interfaces__rosidl_generator_c.dir/rosidl_generator_c/horcrux_interfaces/msg/detail/robot_state__functions.c.o[0m
[1.699s] [ 20%] [32mBuilding C object CMakeFiles/horcrux_interfaces__rosidl_generator_c.dir/rosidl_generator_c/horcrux_interfaces/msg/detail/robot_state__type_support.c.o[0m
[1.724s] [ 22%] [32m[1mLinking C shared library libhorcrux_interfaces__rosidl_generator_c.so[0m
[1.753s] [ 22%] Built target horcrux_interfaces__rosidl_generator_c
[1.761s] [ 25%] [34m[1mGenerating C++ type support dispatch for ROS interfaces[0m
[1.762s] [ 27%] [34m[1mGenerating C++ type support for eProsima Fast-RTPS[0m
[1.762s] [ 29%] [34m[1mGenerating C type support for eProsima Fast-RTPS[0m
[1.762s] [ 31%] [34m[1mGenerating C introspection for ROS interfaces[0m
[1.979s] [35m[1mConsolidate compiler generated dependencies of target horcrux_interfaces__rosidl_typesupport_cpp[0m
[1.989s] [35m[1mConsolidate compiler generated dependencies of target horcrux_interfaces__rosidl_typesupport_fastrtps_cpp[0m
[1.990s] [35m[1mConsolidate compiler generated dependencies of target horcrux_interfaces__rosidl_typesupport_fastrtps_c[0m
[1.992s] [ 34%] [32mBuilding CXX object CMakeFiles/horcrux_interfaces__rosidl_typesupport_cpp.dir/rosidl_typesupport_cpp/horcrux_interfaces/msg/motor_state__type_support.cpp.o[0m
[2.002s] [ 36%] [32mBuilding CXX object CMakeFiles/horcrux_interfaces__rosidl_typesupport_fastrtps_cpp.dir/rosidl_typesupport_fastrtps_cpp/horcrux_interfaces/msg/detail/dds_fastrtps/motor_state__type_support.cpp.o[0m
[2.007s] [ 38%] [32mBuilding CXX object CMakeFiles/horcrux_interfaces__rosidl_typesupport_fastrtps_c.dir/rosidl_typesupport_fastrtps_c/horcrux_interfaces/msg/detail/motor_state__type_support_c.cpp.o[0m
[2.054s] [35m[1mConsolidate compiler generated dependencies of target horcrux_interfaces__rosidl_typesupport_introspection_c[0m
[2.078s] [ 40%] [32mBuilding C object CMakeFiles/horcrux_interfaces__rosidl_typesupport_introspection_c.dir/rosidl_typesupport_introspection_c/horcrux_interfaces/msg/detail/motor_state__type_support.c.o[0m
[2.122s] [ 43%] [32mBuilding C object CMakeFiles/horcrux_interfaces__rosidl_typesupport_introspection_c.dir/rosidl_typesupport_introspection_c/horcrux_interfaces/msg/detail/robot_state__type_support.c.o[0m
[2.167s] [ 45%] [32m[1mLinking C shared library libhorcrux_interfaces__rosidl_typesupport_introspection_c.so[0m
[2.205s] [ 45%] Built target horcrux_interfaces__rosidl_typesupport_introspection_c
[2.215s] [ 47%] [34m[1mGenerating C type support dispatch for ROS interfaces[0m
[2.245s] [ 50%] [32mBuilding CXX object CMakeFiles/horcrux_interfaces__rosidl_typesupport_fastrtps_c.dir/rosidl_typesupport_fastrtps_c/horcrux_interfaces/msg/detail/robot_state__type_support_c.cpp.o[0m
[2.246s] [ 52%] [32mBuilding CXX object CMakeFiles/horcrux_interfaces__rosidl_typesupport_cpp.dir/rosidl_typesupport_cpp/horcrux_interfaces/msg/robot_state__type_support.cpp.o[0m
[2.309s] [ 54%] [32mBuilding CXX object CMakeFiles/horcrux_interfaces__rosidl_typesupport_fastrtps_cpp.dir/rosidl_typesupport_fastrtps_cpp/horcrux_interfaces/msg/detail/dds_fastrtps/robot_state__type_support.cpp.o[0m
[2.393s] [35m[1mConsolidate compiler generated dependencies of target horcrux_interfaces__rosidl_typesupport_c[0m
[2.409s] [ 56%] [32mBuilding CXX object CMakeFiles/horcrux_interfaces__rosidl_typesupport_c.dir/rosidl_typesupport_c/horcrux_interfaces/msg/motor_state__type_support.cpp.o[0m
[2.437s] [ 59%] [32m[1mLinking CXX shared library libhorcrux_interfaces__rosidl_typesupport_fastrtps_c.so[0m
[2.463s] [ 61%] [32mBuilding CXX object CMakeFiles/horcrux_interfaces__rosidl_typesupport_c.dir/rosidl_typesupport_c/horcrux_interfaces/msg/robot_state__type_support.cpp.o[0m
[2.480s] [ 63%] [32m[1mLinking CXX shared library libhorcrux_interfaces__rosidl_typesupport_cpp.so[0m
[2.486s] [ 63%] Built target horcrux_interfaces__rosidl_typesupport_fastrtps_c
[2.496s] [ 65%] [34m[1mGenerating C++ introspection for ROS interfaces[0m
[2.514s] [ 68%] [32m[1mLinking CXX shared library libhorcrux_interfaces__rosidl_typesupport_c.so[0m
[2.523s] [ 68%] Built target horcrux_interfaces__rosidl_typesupport_cpp
[2.551s] [ 68%] Built target horcrux_interfaces__rosidl_typesupport_c
[2.597s] [ 70%] [32m[1mLinking CXX shared library libhorcrux_interfaces__rosidl_typesupport_fastrtps_cpp.so[0m
[2.643s] [ 70%] Built target horcrux_interfaces__rosidl_typesupport_fastrtps_cpp
[2.680s] [35m[1mConsolidate compiler generated dependencies of target horcrux_interfaces__rosidl_typesupport_introspection_cpp[0m
[2.691s] [ 75%] [32mBuilding CXX object CMakeFiles/horcrux_interfaces__rosidl_typesupport_introspection_cpp.dir/rosidl_typesupport_introspection_cpp/horcrux_interfaces/msg/detail/motor_state__type_support.cpp.o[0m
[2.692s] [ 75%] [32mBuilding CXX object CMakeFiles/horcrux_interfaces__rosidl_typesupport_introspection_cpp.dir/rosidl_typesupport_introspection_cpp/horcrux_interfaces/msg/detail/robot_state__type_support.cpp.o[0m
[2.904s] [ 77%] [32m[1mLinking CXX shared library libhorcrux_interfaces__rosidl_typesupport_introspection_cpp.so[0m
[2.947s] [ 77%] Built target horcrux_interfaces__rosidl_typesupport_introspection_cpp
[2.962s] [ 77%] Built target horcrux_interfaces
[2.976s] [ 79%] [34m[1mGenerating Python code for ROS interfaces[0m
[3.261s] [ 79%] Built target horcrux_interfaces__py
[3.269s] [35m[1mConsolidate compiler generated dependencies of target horcrux_interfaces__rosidl_generator_py[0m
[3.279s] [ 84%] [32mBuilding C object CMakeFiles/horcrux_interfaces__rosidl_generator_py.dir/rosidl_generator_py/horcrux_interfaces/msg/_robot_state_s.c.o[0m
[3.280s] [ 84%] [32mBuilding C object CMakeFiles/horcrux_interfaces__rosidl_generator_py.dir/rosidl_generator_py/horcrux_interfaces/msg/_motor_state_s.c.o[0m
[3.365s] [ 86%] [32m[1mLinking C shared library rosidl_generator_py/horcrux_interfaces/libhorcrux_interfaces__rosidl_generator_py.so[0m
[3.391s] [ 86%] Built target horcrux_interfaces__rosidl_generator_py
[3.401s] [35m[1mConsolidate compiler generated dependencies of target horcrux_interfaces__rosidl_typesupport_introspection_c__pyext[0m
[3.401s] [35m[1mConsolidate compiler generated dependencies of target horcrux_interfaces__rosidl_typesupport_c__pyext[0m
[3.401s] [35m[1mConsolidate compiler generated dependencies of target horcrux_interfaces__rosidl_typesupport_fastrtps_c__pyext[0m
[3.416s] [ 88%] [32mBuilding C object CMakeFiles/horcrux_interfaces__rosidl_typesupport_c__pyext.dir/rosidl_generator_py/horcrux_interfaces/_horcrux_interfaces_s.ep.rosidl_typesupport_c.c.o[0m
[3.416s] [ 90%] [32mBuilding C object CMakeFiles/horcrux_interfaces__rosidl_typesupport_fastrtps_c__pyext.dir/rosidl_generator_py/horcrux_interfaces/_horcrux_interfaces_s.ep.rosidl_typesupport_fastrtps_c.c.o[0m
[3.416s] [ 93%] [32mBuilding C object CMakeFiles/horcrux_interfaces__rosidl_typesupport_introspection_c__pyext.dir/rosidl_generator_py/horcrux_interfaces/_horcrux_interfaces_s.ep.rosidl_typesupport_introspection_c.c.o[0m
[3.485s] [ 95%] [32m[1mLinking C shared library rosidl_generator_py/horcrux_interfaces/horcrux_interfaces_s__rosidl_typesupport_c.cpython-310-aarch64-linux-gnu.so[0m
[3.488s] [ 97%] [32m[1mLinking C shared library rosidl_generator_py/horcrux_interfaces/horcrux_interfaces_s__rosidl_typesupport_introspection_c.cpython-310-aarch64-linux-gnu.so[0m
[3.490s] [100%] [32m[1mLinking C shared library rosidl_generator_py/horcrux_interfaces/horcrux_interfaces_s__rosidl_typesupport_fastrtps_c.cpython-310-aarch64-linux-gnu.so[0m
[3.521s] [100%] Built target horcrux_interfaces__rosidl_typesupport_introspection_c__pyext
[3.522s] [100%] Built target horcrux_interfaces__rosidl_typesupport_fastrtps_c__pyext
[3.525s] [100%] Built target horcrux_interfaces__rosidl_typesupport_c__pyext
[3.537s] Invoked command in '/home/bong/project/snake_RL/GD/horcrux_ws/build/horcrux_interfaces' returned '0': CMAKE_PREFIX_PATH=${CMAKE_PREFIX_PATH}:/home/bong/project/snake_RL/GD/horcrux_ws/install/handsfree_imu:/home/bong/project/snake_RL/GD/horcrux_ws/install/horcrux_state:/home/bong/project/snake_RL/GD/horcrux_ws/install/horcrux_msg:/opt/ros/iron /usr/bin/cmake --build /home/bong/project/snake_RL/GD/horcrux_ws/build/horcrux_interfaces -- -j4 -l4
[3.607s] Invoking command in '/home/bong/project/snake_RL/GD/horcrux_ws/build/horcrux_interfaces': CMAKE_PREFIX_PATH=${CMAKE_PREFIX_PATH}:/home/bong/project/snake_RL/GD/horcrux_ws/install/handsfree_imu:/home/bong/project/snake_RL/GD/horcrux_ws/install/horcrux_state:/home/bong/project/snake_RL/GD/horcrux_ws/install/horcrux_msg:/opt/ros/iron /usr/bin/cmake --install /home/bong/project/snake_RL/GD/horcrux_ws/build/horcrux_interfaces
[3.640s] -- Install configuration: ""
[3.640s] -- Up-to-date: /home/bong/project/snake_RL/GD/horcrux_ws/install/horcrux_interfaces/share/ament_index/resource_index/rosidl_interfaces/horcrux_interfaces
[3.640s] -- Installing: /home/bong/project/snake_RL/GD/horcrux_ws/install/horcrux_interfaces/share/horcrux_interfaces/msg/MotorState.json
[3.640s] -- Installing: /home/bong/project/snake_RL/GD/horcrux_ws/install/horcrux_interfaces/share/horcrux_interfaces/msg/RobotState.json
[3.640s] -- Up-to-date: /home/bong/project/snake_RL/GD/horcrux_ws/install/horcrux_interfaces/include/horcrux_interfaces/horcrux_interfaces
[3.640s] -- Up-to-date: /home/bong/project/snake_RL/GD/horcrux_ws/install/horcrux_interfaces/include/horcrux_interfaces/horcrux_interfaces/msg
[3.640s] -- Up-to-date: /home/bong/project/snake_RL/GD/horcrux_ws/install/horcrux_interfaces/include/horcrux_interfaces/horcrux_interfaces/msg/rosidl_generator_c__visibility_control.h
[3.640s] -- Installing: /home/bong/project/snake_RL/GD/horcrux_ws/install/horcrux_interfaces/include/horcrux_interfaces/horcrux_interfaces/msg/motor_state.h
[3.640s] -- Installing: /home/bong/project/snake_RL/GD/horcrux_ws/install/horcrux_interfaces/include/horcrux_interfaces/horcrux_interfaces/msg/robot_state.h
[3.640s] -- Up-to-date: /home/bong/project/snake_RL/GD/horcrux_ws/install/horcrux_interfaces/include/horcrux_interfaces/horcrux_interfaces/msg/detail
[3.640s] -- Installing: /home/bong/project/snake_RL/GD/horcrux_ws/install/horcrux_interfaces/include/horcrux_interfaces/horcrux_interfaces/msg/detail/motor_state__struct.h
[3.640s] -- Installing: /home/bong/project/snake_RL/GD/horcrux_ws/install/horcrux_interfaces/include/horcrux_interfaces/horcrux_interfaces/msg/detail/robot_state__description.c
[3.640s] -- Installing: /home/bong/project/snake_RL/GD/horcrux_ws/install/horcrux_interfaces/include/horcrux_interfaces/horcrux_interfaces/msg/detail/robot_state__functions.h
[3.640s] -- Installing: /home/bong/project/snake_RL/GD/horcrux_ws/install/horcrux_interfaces/include/horcrux_interfaces/horcrux_interfaces/msg/detail/robot_state__functions.c
[3.640s] -- Installing: /home/bong/project/snake_RL/GD/horcrux_ws/install/horcrux_interfaces/include/horcrux_interfaces/horcrux_interfaces/msg/detail/motor_state__description.c
[3.640s] -- Installing: /home/bong/project/snake_RL/GD/horcrux_ws/install/horcrux_interfaces/include/horcrux_interfaces/horcrux_interfaces/msg/detail/robot_state__struct.h
[3.640s] -- Installing: /home/bong/project/snake_RL/GD/horcrux_ws/install/horcrux_interfaces/include/horcrux_interfaces/horcrux_interfaces/msg/detail/motor_state__functions.h
[3.640s] -- Installing: /home/bong/project/snake_RL/GD/horcrux_ws/install/horcrux_interfaces/include/horcrux_interfaces/horcrux_interfaces/msg/detail/motor_state__type_support.c
[3.640s] -- Installing: /home/bong/project/snake_RL/GD/horcrux_ws/install/horcrux_interfaces/include/horcrux_interfaces/horcrux_interfaces/msg/detail/robot_state__type_support.h
[3.640s] -- Installing: /home/bong/project/snake_RL/GD/horcrux_ws/install/horcrux_interfaces/include/horcrux_interfaces/horcrux_interfaces/msg/detail/motor_state__type_support.h
[3.640s] -- Installing: /home/bong/project/snake_RL/GD/horcrux_ws/install/horcrux_interfaces/include/horcrux_interfaces/horcrux_interfaces/msg/detail/motor_state__functions.c
[3.640s] -- Installing: /home/bong/project/snake_RL/GD/horcrux_ws/install/horcrux_interfaces/include/horcrux_interfaces/horcrux_interfaces/msg/detail/robot_state__type_support.c
[3.640s] -- Up-to-date: /home/bong/project/snake_RL/GD/horcrux_ws/install/horcrux_interfaces/share/horcrux_interfaces/environment/library_path.sh
[3.640s] -- Up-to-date: /home/bong/project/snake_RL/GD/horcrux_ws/install/horcrux_interfaces/share/horcrux_interfaces/environment/library_path.dsv
[3.640s] -- Installing: /home/bong/project/snake_RL/GD/horcrux_ws/install/horcrux_interfaces/lib/libhorcrux_interfaces__rosidl_generator_c.so
[3.640s] -- Set runtime path of "/home/bong/project/snake_RL/GD/horcrux_ws/install/horcrux_interfaces/lib/libhorcrux_interfaces__rosidl_generator_c.so" to ""
[3.640s] -- Up-to-date: /home/bong/project/snake_RL/GD/horcrux_ws/install/horcrux_interfaces/include/horcrux_interfaces/horcrux_interfaces
[3.640s] -- Up-to-date: /home/bong/project/snake_RL/GD/horcrux_ws/install/horcrux_interfaces/include/horcrux_interfaces/horcrux_interfaces/msg
[3.640s] -- Up-to-date: /home/bong/project/snake_RL/GD/horcrux_ws/install/horcrux_interfaces/include/horcrux_interfaces/horcrux_interfaces/msg/rosidl_typesupport_fastrtps_c__visibility_control.h
[3.640s] -- Up-to-date: /home/bong/project/snake_RL/GD/horcrux_ws/install/horcrux_interfaces/include/horcrux_interfaces/horcrux_interfaces/msg/detail
[3.641s] -- Installing: /home/bong/project/snake_RL/GD/horcrux_ws/install/horcrux_interfaces/include/horcrux_interfaces/horcrux_interfaces/msg/detail/motor_state__rosidl_typesupport_fastrtps_c.h
[3.641s] -- Installing: /home/bong/project/snake_RL/GD/horcrux_ws/install/horcrux_interfaces/include/horcrux_interfaces/horcrux_interfaces/msg/detail/robot_state__rosidl_typesupport_fastrtps_c.h
[3.641s] -- Installing: /home/bong/project/snake_RL/GD/horcrux_ws/install/horcrux_interfaces/lib/libhorcrux_interfaces__rosidl_typesupport_fastrtps_c.so
[3.641s] -- Set runtime path of "/home/bong/project/snake_RL/GD/horcrux_ws/install/horcrux_interfaces/lib/libhorcrux_interfaces__rosidl_typesupport_fastrtps_c.so" to ""
[3.641s] -- Up-to-date: /home/bong/project/snake_RL/GD/horcrux_ws/install/horcrux_interfaces/include/horcrux_interfaces/horcrux_interfaces
[3.641s] -- Up-to-date: /home/bong/project/snake_RL/GD/horcrux_ws/install/horcrux_interfaces/include/horcrux_interfaces/horcrux_interfaces/msg
[3.641s] -- Installing: /home/bong/project/snake_RL/GD/horcrux_ws/install/horcrux_interfaces/include/horcrux_interfaces/horcrux_interfaces/msg/motor_state.hpp
[3.641s] -- Installing: /home/bong/project/snake_RL/GD/horcrux_ws/install/horcrux_interfaces/include/horcrux_interfaces/horcrux_interfaces/msg/robot_state.hpp
[3.641s] -- Up-to-date: /home/bong/project/snake_RL/GD/horcrux_ws/install/horcrux_interfaces/include/horcrux_interfaces/horcrux_interfaces/msg/detail
[3.641s] -- Installing: /home/bong/project/snake_RL/GD/horcrux_ws/install/horcrux_interfaces/include/horcrux_interfaces/horcrux_interfaces/msg/detail/motor_state__builder.hpp
[3.641s] -- Installing: /home/bong/project/snake_RL/GD/horcrux_ws/install/horcrux_interfaces/include/horcrux_interfaces/horcrux_interfaces/msg/detail/robot_state__struct.hpp
[3.641s] -- Installing: /home/bong/project/snake_RL/GD/horcrux_ws/install/horcrux_interfaces/include/horcrux_interfaces/horcrux_interfaces/msg/detail/motor_state__traits.hpp
[3.641s] -- Installing: /home/bong/project/snake_RL/GD/horcrux_ws/install/horcrux_interfaces/include/horcrux_interfaces/horcrux_interfaces/msg/detail/robot_state__builder.hpp
[3.641s] -- Installing: /home/bong/project/snake_RL/GD/horcrux_ws/install/horcrux_interfaces/include/horcrux_interfaces/horcrux_interfaces/msg/detail/robot_state__traits.hpp
[3.641s] -- Installing: /home/bong/project/snake_RL/GD/horcrux_ws/install/horcrux_interfaces/include/horcrux_interfaces/horcrux_interfaces/msg/detail/motor_state__struct.hpp
[3.641s] -- Up-to-date: /home/bong/project/snake_RL/GD/horcrux_ws/install/horcrux_interfaces/include/horcrux_interfaces/horcrux_interfaces
[3.641s] -- Up-to-date: /home/bong/project/snake_RL/GD/horcrux_ws/install/horcrux_interfaces/include/horcrux_interfaces/horcrux_interfaces/msg
[3.641s] -- Up-to-date: /home/bong/project/snake_RL/GD/horcrux_ws/install/horcrux_interfaces/include/horcrux_interfaces/horcrux_interfaces/msg/rosidl_typesupport_fastrtps_cpp__visibility_control.h
[3.641s] -- Up-to-date: /home/bong/project/snake_RL/GD/horcrux_ws/install/horcrux_interfaces/include/horcrux_interfaces/horcrux_interfaces/msg/detail
[3.641s] -- Installing: /home/bong/project/snake_RL/GD/horcrux_ws/install/horcrux_interfaces/include/horcrux_interfaces/horcrux_interfaces/msg/detail/motor_state__rosidl_typesupport_fastrtps_cpp.hpp
[3.641s] -- Up-to-date: /home/bong/project/snake_RL/GD/horcrux_ws/install/horcrux_interfaces/include/horcrux_interfaces/horcrux_interfaces/msg/detail/dds_fastrtps
[3.641s] -- Installing: /home/bong/project/snake_RL/GD/horcrux_ws/install/horcrux_interfaces/include/horcrux_interfaces/horcrux_interfaces/msg/detail/robot_state__rosidl_typesupport_fastrtps_cpp.hpp
[3.641s] -- Installing: /home/bong/project/snake_RL/GD/horcrux_ws/install/horcrux_interfaces/lib/libhorcrux_interfaces__rosidl_typesupport_fastrtps_cpp.so
[3.641s] -- Set runtime path of "/home/bong/project/snake_RL/GD/horcrux_ws/install/horcrux_interfaces/lib/libhorcrux_interfaces__rosidl_typesupport_fastrtps_cpp.so" to ""
[3.641s] -- Up-to-date: /home/bong/project/snake_RL/GD/horcrux_ws/install/horcrux_interfaces/include/horcrux_interfaces/horcrux_interfaces
[3.641s] -- Up-to-date: /home/bong/project/snake_RL/GD/horcrux_ws/install/horcrux_interfaces/include/horcrux_interfaces/horcrux_interfaces/msg
[3.641s] -- Up-to-date: /home/bong/project/snake_RL/GD/horcrux_ws/install/horcrux_interfaces/include/horcrux_interfaces/horcrux_interfaces/msg/rosidl_typesupport_introspection_c__visibility_control.h
[3.641s] -- Up-to-date: /home/bong/project/snake_RL/GD/horcrux_ws/install/horcrux_interfaces/include/horcrux_interfaces/horcrux_interfaces/msg/detail
[3.641s] -- Installing: /home/bong/project/snake_RL/GD/horcrux_ws/install/horcrux_interfaces/include/horcrux_interfaces/horcrux_interfaces/msg/detail/robot_state__rosidl_typesupport_introspection_c.h
[3.641s] -- Installing: /home/bong/project/snake_RL/GD/horcrux_ws/install/horcrux_interfaces/include/horcrux_interfaces/horcrux_interfaces/msg/detail/motor_state__type_support.c
[3.641s] -- Installing: /home/bong/project/snake_RL/GD/horcrux_ws/install/horcrux_interfaces/include/horcrux_interfaces/horcrux_interfaces/msg/detail/motor_state__rosidl_typesupport_introspection_c.h
[3.641s] -- Installing: /home/bong/project/snake_RL/GD/horcrux_ws/install/horcrux_interfaces/include/horcrux_interfaces/horcrux_interfaces/msg/detail/robot_state__type_support.c
[3.641s] -- Installing: /home/bong/project/snake_RL/GD/horcrux_ws/install/horcrux_interfaces/lib/libhorcrux_interfaces__rosidl_typesupport_introspection_c.so
[3.641s] -- Set runtime path of "/home/bong/project/snake_RL/GD/horcrux_ws/install/horcrux_interfaces/lib/libhorcrux_interfaces__rosidl_typesupport_introspection_c.so" to ""
[3.641s] -- Installing: /home/bong/project/snake_RL/GD/horcrux_ws/install/horcrux_interfaces/lib/libhorcrux_interfaces__rosidl_typesupport_c.so
[3.642s] -- Set runtime path of "/home/bong/project/snake_RL/GD/horcrux_ws/install/horcrux_interfaces/lib/libhorcrux_interfaces__rosidl_typesupport_c.so" to ""
[3.642s] -- Up-to-date: /home/bong/project/snake_RL/GD/horcrux_ws/install/horcrux_interfaces/include/horcrux_interfaces/horcrux_interfaces
[3.642s] -- Up-to-date: /home/bong/project/snake_RL/GD/horcrux_ws/install/horcrux_interfaces/include/horcrux_interfaces/horcrux_interfaces/msg
[3.642s] -- Up-to-date: /home/bong/project/snake_RL/GD/horcrux_ws/install/horcrux_interfaces/include/horcrux_interfaces/horcrux_interfaces/msg/detail
[3.642s] -- Installing: /home/bong/project/snake_RL/GD/horcrux_ws/install/horcrux_interfaces/include/horcrux_interfaces/horcrux_interfaces/msg/detail/robot_state__type_support.cpp
[3.642s] -- Installing: /home/bong/project/snake_RL/GD/horcrux_ws/install/horcrux_interfaces/include/horcrux_interfaces/horcrux_interfaces/msg/detail/robot_state__rosidl_typesupport_introspection_cpp.hpp
[3.642s] -- Installing: /home/bong/project/snake_RL/GD/horcrux_ws/install/horcrux_interfaces/include/horcrux_interfaces/horcrux_interfaces/msg/detail/motor_state__rosidl_typesupport_introspection_cpp.hpp
[3.642s] -- Installing: /home/bong/project/snake_RL/GD/horcrux_ws/install/horcrux_interfaces/include/horcrux_interfaces/horcrux_interfaces/msg/detail/motor_state__type_support.cpp
[3.642s] -- Installing: /home/bong/project/snake_RL/GD/horcrux_ws/install/horcrux_interfaces/lib/libhorcrux_interfaces__rosidl_typesupport_introspection_cpp.so
[3.642s] -- Set runtime path of "/home/bong/project/snake_RL/GD/horcrux_ws/install/horcrux_interfaces/lib/libhorcrux_interfaces__rosidl_typesupport_introspection_cpp.so" to ""
[3.642s] -- Installing: /home/bong/project/snake_RL/GD/horcrux_ws/install/horcrux_interfaces/lib/libhorcrux_interfaces__rosidl_typesupport_cpp.so
[3.642s] -- Set runtime path of "/home/bong/project/snake_RL/GD/horcrux_ws/install/horcrux_interfaces/lib/libhorcrux_interfaces__rosidl_typesupport_cpp.so" to ""
[3.642s] -- Up-to-date: /home/bong/project/snake_RL/GD/horcrux_ws/install/horcrux_interfaces/share/horcrux_interfaces/environment/pythonpath.sh
[3.642s] -- Up-to-date: /home/bong/project/snake_RL/GD/horcrux_ws/install/horcrux_interfaces/share/horcrux_interfaces/environment/pythonpath.dsv
[3.642s] -- Up-to-date: /home/bong/project/snake_RL/GD/horcrux_ws/install/horcrux_interfaces/lib/python3.10/site-packages/horcrux_interfaces-0.0.0-py3.10.egg-info
[3.642s] -- Installing: /home/bong/project/snake_RL/GD/horcrux_ws/install/horcrux_interfaces/lib/python3.10/site-packages/horcrux_interfaces-0.0.0-py3.10.egg-info/PKG-INFO
[3.642s] -- Installing: /home/bong/project/snake_RL/GD/horcrux_ws/install/horcrux_interfaces/lib/python3.10/site-packages/horcrux_interfaces-0.0.0-py3.10.egg-info/SOURCES.txt
[3.642s] -- Installing: /home/bong/project/snake_RL/GD/horcrux_ws/install/horcrux_interfaces/lib/python3.10/site-packages/horcrux_interfaces-0.0.0-py3.10.egg-info/top_level.txt
[3.642s] -- Installing: /home/bong/project/snake_RL/GD/horcrux_ws/install/horcrux_interfaces/lib/python3.10/site-packages/horcrux_interfaces-0.0.0-py3.10.egg-info/dependency_links.txt
[3.642s] -- Up-to-date: /home/bong/project/snake_RL/GD/horcrux_ws/install/horcrux_interfaces/lib/python3.10/site-packages/horcrux_interfaces
[3.642s] -- Installing: /home/bong/project/snake_RL/GD/horcrux_ws/install/horcrux_interfaces/lib/python3.10/site-packages/horcrux_interfaces/horcrux_interfaces_s__rosidl_typesupport_fastrtps_c.cpython-310-aarch64-linux-gnu.so
[3.642s] -- Installing: /home/bong/project/snake_RL/GD/horcrux_ws/install/horcrux_interfaces/lib/python3.10/site-packages/horcrux_interfaces/__init__.py
[3.642s] -- Installing: /home/bong/project/snake_RL/GD/horcrux_ws/install/horcrux_interfaces/lib/python3.10/site-packages/horcrux_interfaces/_horcrux_interfaces_s.ep.rosidl_typesupport_fastrtps_c.c
[3.642s] -- Installing: /home/bong/project/snake_RL/GD/horcrux_ws/install/horcrux_interfaces/lib/python3.10/site-packages/horcrux_interfaces/_horcrux_interfaces_s.ep.rosidl_typesupport_introspection_c.c
[3.642s] -- Installing: /home/bong/project/snake_RL/GD/horcrux_ws/install/horcrux_interfaces/lib/python3.10/site-packages/horcrux_interfaces/_horcrux_interfaces_s.ep.rosidl_typesupport_c.c
[3.642s] -- Up-to-date: /home/bong/project/snake_RL/GD/horcrux_ws/install/horcrux_interfaces/lib/python3.10/site-packages/horcrux_interfaces/msg
[3.642s] -- Installing: /home/bong/project/snake_RL/GD/horcrux_ws/install/horcrux_interfaces/lib/python3.10/site-packages/horcrux_interfaces/msg/_motor_state_s.c
[3.642s] -- Installing: /home/bong/project/snake_RL/GD/horcrux_ws/install/horcrux_interfaces/lib/python3.10/site-packages/horcrux_interfaces/msg/__init__.py
[3.642s] -- Installing: /home/bong/project/snake_RL/GD/horcrux_ws/install/horcrux_interfaces/lib/python3.10/site-packages/horcrux_interfaces/msg/_motor_state.py
[3.642s] -- Installing: /home/bong/project/snake_RL/GD/horcrux_ws/install/horcrux_interfaces/lib/python3.10/site-packages/horcrux_interfaces/msg/_robot_state_s.c
[3.642s] -- Installing: /home/bong/project/snake_RL/GD/horcrux_ws/install/horcrux_interfaces/lib/python3.10/site-packages/horcrux_interfaces/msg/_robot_state.py
[3.642s] -- Installing: /home/bong/project/snake_RL/GD/horcrux_ws/install/horcrux_interfaces/lib/python3.10/site-packages/horcrux_interfaces/horcrux_interfaces_s__rosidl_typesupport_introspection_c.cpython-310-aarch64-linux-gnu.so
[3.642s] -- Installing: /home/bong/project/snake_RL/GD/horcrux_ws/install/horcrux_interfaces/lib/python3.10/site-packages/horcrux_interfaces/horcrux_interfaces_s__rosidl_typesupport_c.cpython-310-aarch64-linux-gnu.so
[3.642s] -- Installing: /home/bong/project/snake_RL/GD/horcrux_ws/install/horcrux_interfaces/lib/python3.10/site-packages/horcrux_interfaces/libhorcrux_interfaces__rosidl_generator_py.so
[3.648s] Listing '/home/bong/project/snake_RL/GD/horcrux_ws/install/horcrux_interfaces/lib/python3.10/site-packages/horcrux_interfaces'...
[3.652s] Compiling '/home/bong/project/snake_RL/GD/horcrux_ws/install/horcrux_interfaces/lib/python3.10/site-packages/horcrux_interfaces/__init__.py'...
[3.652s] Listing '/home/bong/project/snake_RL/GD/horcrux_ws/install/horcrux_interfaces/lib/python3.10/site-packages/horcrux_interfaces/msg'...
[3.652s] Compiling '/home/bong/project/snake_RL/GD/horcrux_ws/install/horcrux_interfaces/lib/python3.10/site-packages/horcrux_interfaces/msg/__init__.py'...
[3.652s] Compiling '/home/bong/project/snake_RL/GD/horcrux_ws/install/horcrux_interfaces/lib/python3.10/site-packages/horcrux_interfaces/msg/_motor_state.py'...
[3.652s] Compiling '/home/bong/project/snake_RL/GD/horcrux_ws/install/horcrux_interfaces/lib/python3.10/site-packages/horcrux_interfaces/msg/_robot_state.py'...
[3.652s] -- Installing: /home/bong/project/snake_RL/GD/horcrux_ws/install/horcrux_interfaces/lib/python3.10/site-packages/horcrux_interfaces/horcrux_interfaces_s__rosidl_typesupport_fastrtps_c.cpython-310-aarch64-linux-gnu.so
[3.652s] -- Set runtime path of "/home/bong/project/snake_RL/GD/horcrux_ws/install/horcrux_interfaces/lib/python3.10/site-packages/horcrux_interfaces/horcrux_interfaces_s__rosidl_typesupport_fastrtps_c.cpython-310-aarch64-linux-gnu.so" to ""
[3.652s] -- Installing: /home/bong/project/snake_RL/GD/horcrux_ws/install/horcrux_interfaces/lib/python3.10/site-packages/horcrux_interfaces/horcrux_interfaces_s__rosidl_typesupport_introspection_c.cpython-310-aarch64-linux-gnu.so
[3.652s] -- Set runtime path of "/home/bong/project/snake_RL/GD/horcrux_ws/install/horcrux_interfaces/lib/python3.10/site-packages/horcrux_interfaces/horcrux_interfaces_s__rosidl_typesupport_introspection_c.cpython-310-aarch64-linux-gnu.so" to ""
[3.652s] -- Installing: /home/bong/project/snake_RL/GD/horcrux_ws/install/horcrux_interfaces/lib/python3.10/site-packages/horcrux_interfaces/horcrux_interfaces_s__rosidl_typesupport_c.cpython-310-aarch64-linux-gnu.so
[3.652s] -- Set runtime path of "/home/bong/project/snake_RL/GD/horcrux_ws/install/horcrux_interfaces/lib/python3.10/site-packages/horcrux_interfaces/horcrux_interfaces_s__rosidl_typesupport_c.cpython-310-aarch64-linux-gnu.so" to ""
[3.652s] -- Installing: /home/bong/project/snake_RL/GD/horcrux_ws/install/horcrux_interfaces/lib/libhorcrux_interfaces__rosidl_generator_py.so
[3.652s] -- Set runtime path of "/home/bong/project/snake_RL/GD/horcrux_ws/install/horcrux_interfaces/lib/libhorcrux_interfaces__rosidl_generator_py.so" to ""
[3.652s] -- Up-to-date: /home/bong/project/snake_RL/GD/horcrux_ws/install/horcrux_interfaces/share/horcrux_interfaces/msg/MotorState.idl
[3.652s] -- Installing: /home/bong/project/snake_RL/GD/horcrux_ws/install/horcrux_interfaces/share/horcrux_interfaces/msg/RobotState.idl
[3.652s] -- Up-to-date: /home/bong/project/snake_RL/GD/horcrux_ws/install/horcrux_interfaces/share/horcrux_interfaces/msg/MotorState.msg
[3.652s] -- Installing: /home/bong/project/snake_RL/GD/horcrux_ws/install/horcrux_interfaces/share/horcrux_interfaces/msg/RobotState.msg
[3.652s] -- Up-to-date: /home/bong/project/snake_RL/GD/horcrux_ws/install/horcrux_interfaces/share/ament_index/resource_index/package_run_dependencies/horcrux_interfaces
[3.652s] -- Installing: /home/bong/project/snake_RL/GD/horcrux_ws/install/horcrux_interfaces/share/ament_index/resource_index/parent_prefix_path/horcrux_interfaces
[3.652s] -- Up-to-date: /home/bong/project/snake_RL/GD/horcrux_ws/install/horcrux_interfaces/share/horcrux_interfaces/environment/ament_prefix_path.sh
[3.652s] -- Up-to-date: /home/bong/project/snake_RL/GD/horcrux_ws/install/horcrux_interfaces/share/horcrux_interfaces/environment/ament_prefix_path.dsv
[3.652s] -- Up-to-date: /home/bong/project/snake_RL/GD/horcrux_ws/install/horcrux_interfaces/share/horcrux_interfaces/environment/path.sh
[3.652s] -- Up-to-date: /home/bong/project/snake_RL/GD/horcrux_ws/install/horcrux_interfaces/share/horcrux_interfaces/environment/path.dsv
[3.652s] -- Up-to-date: /home/bong/project/snake_RL/GD/horcrux_ws/install/horcrux_interfaces/share/horcrux_interfaces/local_setup.bash
[3.652s] -- Up-to-date: /home/bong/project/snake_RL/GD/horcrux_ws/install/horcrux_interfaces/share/horcrux_interfaces/local_setup.sh
[3.652s] -- Up-to-date: /home/bong/project/snake_RL/GD/horcrux_ws/install/horcrux_interfaces/share/horcrux_interfaces/local_setup.zsh
[3.652s] -- Up-to-date: /home/bong/project/snake_RL/GD/horcrux_ws/install/horcrux_interfaces/share/horcrux_interfaces/local_setup.dsv
[3.652s] -- Installing: /home/bong/project/snake_RL/GD/horcrux_ws/install/horcrux_interfaces/share/horcrux_interfaces/package.dsv
[3.652s] -- Up-to-date: /home/bong/project/snake_RL/GD/horcrux_ws/install/horcrux_interfaces/share/ament_index/resource_index/packages/horcrux_interfaces
[3.652s] -- Up-to-date: /home/bong/project/snake_RL/GD/horcrux_ws/install/horcrux_interfaces/share/horcrux_interfaces/cmake/export_horcrux_interfaces__rosidl_generator_cExport.cmake
[3.653s] -- Up-to-date: /home/bong/project/snake_RL/GD/horcrux_ws/install/horcrux_interfaces/share/horcrux_interfaces/cmake/export_horcrux_interfaces__rosidl_generator_cExport-noconfig.cmake
[3.653s] -- Up-to-date: /home/bong/project/snake_RL/GD/horcrux_ws/install/horcrux_interfaces/share/horcrux_interfaces/cmake/export_horcrux_interfaces__rosidl_typesupport_fastrtps_cExport.cmake
[3.653s] -- Up-to-date: /home/bong/project/snake_RL/GD/horcrux_ws/install/horcrux_interfaces/share/horcrux_interfaces/cmake/export_horcrux_interfaces__rosidl_typesupport_fastrtps_cExport-noconfig.cmake
[3.653s] -- Up-to-date: /home/bong/project/snake_RL/GD/horcrux_ws/install/horcrux_interfaces/share/horcrux_interfaces/cmake/export_horcrux_interfaces__rosidl_generator_cppExport.cmake
[3.653s] -- Up-to-date: /home/bong/project/snake_RL/GD/horcrux_ws/install/horcrux_interfaces/share/horcrux_interfaces/cmake/export_horcrux_interfaces__rosidl_typesupport_fastrtps_cppExport.cmake
[3.653s] -- Up-to-date: /home/bong/project/snake_RL/GD/horcrux_ws/install/horcrux_interfaces/share/horcrux_interfaces/cmake/export_horcrux_interfaces__rosidl_typesupport_fastrtps_cppExport-noconfig.cmake
[3.653s] -- Up-to-date: /home/bong/project/snake_RL/GD/horcrux_ws/install/horcrux_interfaces/share/horcrux_interfaces/cmake/horcrux_interfaces__rosidl_typesupport_introspection_cExport.cmake
[3.653s] -- Up-to-date: /home/bong/project/snake_RL/GD/horcrux_ws/install/horcrux_interfaces/share/horcrux_interfaces/cmake/horcrux_interfaces__rosidl_typesupport_introspection_cExport-noconfig.cmake
[3.653s] -- Up-to-date: /home/bong/project/snake_RL/GD/horcrux_ws/install/horcrux_interfaces/share/horcrux_interfaces/cmake/horcrux_interfaces__rosidl_typesupport_cExport.cmake
[3.653s] -- Up-to-date: /home/bong/project/snake_RL/GD/horcrux_ws/install/horcrux_interfaces/share/horcrux_interfaces/cmake/horcrux_interfaces__rosidl_typesupport_cExport-noconfig.cmake
[3.653s] -- Up-to-date: /home/bong/project/snake_RL/GD/horcrux_ws/install/horcrux_interfaces/share/horcrux_interfaces/cmake/horcrux_interfaces__rosidl_typesupport_introspection_cppExport.cmake
[3.653s] -- Up-to-date: /home/bong/project/snake_RL/GD/horcrux_ws/install/horcrux_interfaces/share/horcrux_interfaces/cmake/horcrux_interfaces__rosidl_typesupport_introspection_cppExport-noconfig.cmake
[3.653s] -- Up-to-date: /home/bong/project/snake_RL/GD/horcrux_ws/install/horcrux_interfaces/share/horcrux_interfaces/cmake/horcrux_interfaces__rosidl_typesupport_cppExport.cmake
[3.653s] -- Up-to-date: /home/bong/project/snake_RL/GD/horcrux_ws/install/horcrux_interfaces/share/horcrux_interfaces/cmake/horcrux_interfaces__rosidl_typesupport_cppExport-noconfig.cmake
[3.653s] -- Up-to-date: /home/bong/project/snake_RL/GD/horcrux_ws/install/horcrux_interfaces/share/horcrux_interfaces/cmake/export_horcrux_interfaces__rosidl_generator_pyExport.cmake
[3.653s] -- Up-to-date: /home/bong/project/snake_RL/GD/horcrux_ws/install/horcrux_interfaces/share/horcrux_interfaces/cmake/export_horcrux_interfaces__rosidl_generator_pyExport-noconfig.cmake
[3.653s] -- Up-to-date: /home/bong/project/snake_RL/GD/horcrux_ws/install/horcrux_interfaces/share/horcrux_interfaces/cmake/rosidl_cmake-extras.cmake
[3.653s] -- Up-to-date: /home/bong/project/snake_RL/GD/horcrux_ws/install/horcrux_interfaces/share/horcrux_interfaces/cmake/ament_cmake_export_dependencies-extras.cmake
[3.653s] -- Up-to-date: /home/bong/project/snake_RL/GD/horcrux_ws/install/horcrux_interfaces/share/horcrux_interfaces/cmake/ament_cmake_export_include_directories-extras.cmake
[3.653s] -- Up-to-date: /home/bong/project/snake_RL/GD/horcrux_ws/install/horcrux_interfaces/share/horcrux_interfaces/cmake/ament_cmake_export_libraries-extras.cmake
[3.653s] -- Up-to-date: /home/bong/project/snake_RL/GD/horcrux_ws/install/horcrux_interfaces/share/horcrux_interfaces/cmake/ament_cmake_export_targets-extras.cmake
[3.653s] -- Up-to-date: /home/bong/project/snake_RL/GD/horcrux_ws/install/horcrux_interfaces/share/horcrux_interfaces/cmake/rosidl_cmake_export_typesupport_targets-extras.cmake
[3.653s] -- Up-to-date: /home/bong/project/snake_RL/GD/horcrux_ws/install/horcrux_interfaces/share/horcrux_interfaces/cmake/rosidl_cmake_export_typesupport_libraries-extras.cmake
[3.653s] -- Up-to-date: /home/bong/project/snake_RL/GD/horcrux_ws/install/horcrux_interfaces/share/horcrux_interfaces/cmake/horcrux_interfacesConfig.cmake
[3.653s] -- Up-to-date: /home/bong/project/snake_RL/GD/horcrux_ws/install/horcrux_interfaces/share/horcrux_interfaces/cmake/horcrux_interfacesConfig-version.cmake
[3.653s] -- Up-to-date: /home/bong/project/snake_RL/GD/horcrux_ws/install/horcrux_interfaces/share/horcrux_interfaces/package.xml
[3.653s] Invoked command in '/home/bong/project/snake_RL/GD/horcrux_ws/build/horcrux_interfaces' returned '0': CMAKE_PREFIX_PATH=${CMAKE_PREFIX_PATH}:/home/bong/project/snake_RL/GD/horcrux_ws/install/handsfree_imu:/home/bong/project/snake_RL/GD/horcrux_ws/install/horcrux_state:/home/bong/project/snake_RL/GD/horcrux_ws/install/horcrux_msg:/opt/ros/iron /usr/bin/cmake --install /home/bong/project/snake_RL/GD/horcrux_ws/build/horcrux_interfaces
