running egg_info
creating ../../build/horcrux_state/horcrux_state.egg-info
writing ../../build/horcrux_state/horcrux_state.egg-info/PKG-INFO
writing dependency_links to ../../build/horcrux_state/horcrux_state.egg-info/dependency_links.txt
writing entry points to ../../build/horcrux_state/horcrux_state.egg-info/entry_points.txt
writing requirements to ../../build/horcrux_state/horcrux_state.egg-info/requires.txt
writing top-level names to ../../build/horcrux_state/horcrux_state.egg-info/top_level.txt
writing manifest file '../../build/horcrux_state/horcrux_state.egg-info/SOURCES.txt'
reading manifest file '../../build/horcrux_state/horcrux_state.egg-info/SOURCES.txt'
adding license file 'LICENSE'
writing manifest file '../../build/horcrux_state/horcrux_state.egg-info/SOURCES.txt'
running build
running build_py
creating /home/bong/project/snake_RL/GD/horcrux_ws/build/horcrux_state/build
creating /home/bong/project/snake_RL/GD/horcrux_ws/build/horcrux_state/build/lib
creating /home/bong/project/snake_RL/GD/horcrux_ws/build/horcrux_state/build/lib/horcrux_state
copying horcrux_state/__init__.py -> /home/bong/project/snake_RL/GD/horcrux_ws/build/horcrux_state/build/lib/horcrux_state
copying horcrux_state/horcrux_state.py -> /home/bong/project/snake_RL/GD/horcrux_ws/build/horcrux_state/build/lib/horcrux_state
running install
running install_lib
creating /home/bong/project/snake_RL/GD/horcrux_ws/install/horcrux_state/lib/python3.10/site-packages/horcrux_state
copying /home/bong/project/snake_RL/GD/horcrux_ws/build/horcrux_state/build/lib/horcrux_state/__init__.py -> /home/bong/project/snake_RL/GD/horcrux_ws/install/horcrux_state/lib/python3.10/site-packages/horcrux_state
copying /home/bong/project/snake_RL/GD/horcrux_ws/build/horcrux_state/build/lib/horcrux_state/horcrux_state.py -> /home/bong/project/snake_RL/GD/horcrux_ws/install/horcrux_state/lib/python3.10/site-packages/horcrux_state
byte-compiling /home/bong/project/snake_RL/GD/horcrux_ws/install/horcrux_state/lib/python3.10/site-packages/horcrux_state/__init__.py to __init__.cpython-310.pyc
byte-compiling /home/bong/project/snake_RL/GD/horcrux_ws/install/horcrux_state/lib/python3.10/site-packages/horcrux_state/horcrux_state.py to horcrux_state.cpython-310.pyc
running install_data
creating /home/bong/project/snake_RL/GD/horcrux_ws/install/horcrux_state/share/ament_index
creating /home/bong/project/snake_RL/GD/horcrux_ws/install/horcrux_state/share/ament_index/resource_index
creating /home/bong/project/snake_RL/GD/horcrux_ws/install/horcrux_state/share/ament_index/resource_index/packages
copying resource/horcrux_state -> /home/bong/project/snake_RL/GD/horcrux_ws/install/horcrux_state/share/ament_index/resource_index/packages
copying package.xml -> /home/bong/project/snake_RL/GD/horcrux_ws/install/horcrux_state/share/horcrux_state
creating /home/bong/project/snake_RL/GD/horcrux_ws/install/horcrux_state/share/horcrux_state/launch
copying launch/joy_launch.py -> /home/bong/project/snake_RL/GD/horcrux_ws/install/horcrux_state/share/horcrux_state/launch
running install_egg_info
Copying ../../build/horcrux_state/horcrux_state.egg-info to /home/bong/project/snake_RL/GD/horcrux_ws/install/horcrux_state/lib/python3.10/site-packages/horcrux_state-0.0.0-py3.10.egg-info
running install_scripts
Installing state_node script to /home/bong/project/snake_RL/GD/horcrux_ws/install/horcrux_state/lib/horcrux_state
writing list of installed files to '/home/bong/project/snake_RL/GD/horcrux_ws/build/horcrux_state/install.log'
