[0.533s] Invoking command in '/home/bong/project/snake_RL/GD/horcrux_ws/src/horcrux_state': AMENT_PREFIX_PATH=/home/bong/project/snake_RL/GD/horcrux_ws/install/horcrux_interfaces:${AMENT_PREFIX_PATH} CMAKE_PREFIX_PATH=/home/bong/project/snake_RL/GD/horcrux_ws/install/horcrux_interfaces LD_LIBRARY_PATH=/home/bong/project/snake_RL/GD/horcrux_ws/install/horcrux_interfaces/lib:${LD_LIBRARY_PATH} PYTHONPATH=/home/bong/project/snake_RL/GD/horcrux_ws/build/horcrux_state/prefix_override:/home/bong/project/snake_RL/GD/horcrux_ws/install/horcrux_state/lib/python3.10/site-packages:/home/bong/project/snake_RL/GD/horcrux_ws/install/horcrux_interfaces/lib/python3.10/site-packages:${PYTHONPATH} /usr/bin/python3 setup.py egg_info --egg-base ../../build/horcrux_state build --build-base /home/bong/project/snake_RL/GD/horcrux_ws/build/horcrux_state/build install --record /home/bong/project/snake_RL/GD/horcrux_ws/build/horcrux_state/install.log --single-version-externally-managed
[0.645s] running egg_info
[0.645s] creating ../../build/horcrux_state/horcrux_state.egg-info
[0.646s] writing ../../build/horcrux_state/horcrux_state.egg-info/PKG-INFO
[0.646s] writing dependency_links to ../../build/horcrux_state/horcrux_state.egg-info/dependency_links.txt
[0.646s] writing entry points to ../../build/horcrux_state/horcrux_state.egg-info/entry_points.txt
[0.646s] writing requirements to ../../build/horcrux_state/horcrux_state.egg-info/requires.txt
[0.646s] writing top-level names to ../../build/horcrux_state/horcrux_state.egg-info/top_level.txt
[0.646s] writing manifest file '../../build/horcrux_state/horcrux_state.egg-info/SOURCES.txt'
[0.646s] reading manifest file '../../build/horcrux_state/horcrux_state.egg-info/SOURCES.txt'
[0.646s] adding license file 'LICENSE'
[0.647s] writing manifest file '../../build/horcrux_state/horcrux_state.egg-info/SOURCES.txt'
[0.647s] running build
[0.647s] running build_py
[0.647s] creating /home/bong/project/snake_RL/GD/horcrux_ws/build/horcrux_state/build
[0.647s] creating /home/bong/project/snake_RL/GD/horcrux_ws/build/horcrux_state/build/lib
[0.647s] creating /home/bong/project/snake_RL/GD/horcrux_ws/build/horcrux_state/build/lib/horcrux_state
[0.648s] copying horcrux_state/__init__.py -> /home/bong/project/snake_RL/GD/horcrux_ws/build/horcrux_state/build/lib/horcrux_state
[0.648s] copying horcrux_state/horcrux_state.py -> /home/bong/project/snake_RL/GD/horcrux_ws/build/horcrux_state/build/lib/horcrux_state
[0.648s] running install
[0.648s] /usr/lib/python3/dist-packages/setuptools/command/install.py:34: SetuptoolsDeprecationWarning: setup.py install is deprecated. Use build and pip and other standards-based tools.
[0.648s]   warnings.warn(
[0.649s] running install_lib
[0.649s] creating /home/bong/project/snake_RL/GD/horcrux_ws/install/horcrux_state/lib/python3.10/site-packages/horcrux_state
[0.649s] copying /home/bong/project/snake_RL/GD/horcrux_ws/build/horcrux_state/build/lib/horcrux_state/__init__.py -> /home/bong/project/snake_RL/GD/horcrux_ws/install/horcrux_state/lib/python3.10/site-packages/horcrux_state
[0.649s] copying /home/bong/project/snake_RL/GD/horcrux_ws/build/horcrux_state/build/lib/horcrux_state/horcrux_state.py -> /home/bong/project/snake_RL/GD/horcrux_ws/install/horcrux_state/lib/python3.10/site-packages/horcrux_state
[0.649s] byte-compiling /home/bong/project/snake_RL/GD/horcrux_ws/install/horcrux_state/lib/python3.10/site-packages/horcrux_state/__init__.py to __init__.cpython-310.pyc
[0.649s] byte-compiling /home/bong/project/snake_RL/GD/horcrux_ws/install/horcrux_state/lib/python3.10/site-packages/horcrux_state/horcrux_state.py to horcrux_state.cpython-310.pyc
[0.650s] running install_data
[0.650s] creating /home/bong/project/snake_RL/GD/horcrux_ws/install/horcrux_state/share/ament_index
[0.650s] creating /home/bong/project/snake_RL/GD/horcrux_ws/install/horcrux_state/share/ament_index/resource_index
[0.650s] creating /home/bong/project/snake_RL/GD/horcrux_ws/install/horcrux_state/share/ament_index/resource_index/packages
[0.650s] copying resource/horcrux_state -> /home/bong/project/snake_RL/GD/horcrux_ws/install/horcrux_state/share/ament_index/resource_index/packages
[0.650s] copying package.xml -> /home/bong/project/snake_RL/GD/horcrux_ws/install/horcrux_state/share/horcrux_state
[0.650s] creating /home/bong/project/snake_RL/GD/horcrux_ws/install/horcrux_state/share/horcrux_state/launch
[0.650s] copying launch/joy_launch.py -> /home/bong/project/snake_RL/GD/horcrux_ws/install/horcrux_state/share/horcrux_state/launch
[0.650s] running install_egg_info
[0.651s] Copying ../../build/horcrux_state/horcrux_state.egg-info to /home/bong/project/snake_RL/GD/horcrux_ws/install/horcrux_state/lib/python3.10/site-packages/horcrux_state-0.0.0-py3.10.egg-info
[0.652s] running install_scripts
[0.662s] Installing state_node script to /home/bong/project/snake_RL/GD/horcrux_ws/install/horcrux_state/lib/horcrux_state
[0.662s] writing list of installed files to '/home/bong/project/snake_RL/GD/horcrux_ws/build/horcrux_state/install.log'
[0.677s] Invoked command in '/home/bong/project/snake_RL/GD/horcrux_ws/src/horcrux_state' returned '0': AMENT_PREFIX_PATH=/home/bong/project/snake_RL/GD/horcrux_ws/install/horcrux_interfaces:${AMENT_PREFIX_PATH} CMAKE_PREFIX_PATH=/home/bong/project/snake_RL/GD/horcrux_ws/install/horcrux_interfaces LD_LIBRARY_PATH=/home/bong/project/snake_RL/GD/horcrux_ws/install/horcrux_interfaces/lib:${LD_LIBRARY_PATH} PYTHONPATH=/home/bong/project/snake_RL/GD/horcrux_ws/build/horcrux_state/prefix_override:/home/bong/project/snake_RL/GD/horcrux_ws/install/horcrux_state/lib/python3.10/site-packages:/home/bong/project/snake_RL/GD/horcrux_ws/install/horcrux_interfaces/lib/python3.10/site-packages:${PYTHONPATH} /usr/bin/python3 setup.py egg_info --egg-base ../../build/horcrux_state build --build-base /home/bong/project/snake_RL/GD/horcrux_ws/build/horcrux_state/build install --record /home/bong/project/snake_RL/GD/horcrux_ws/build/horcrux_state/install.log --single-version-externally-managed
