[0.455s] Invoking command in '/home/bong/project/snake_RL/GD/horcrux_ws/src/handsfree_imu': PYTHONPATH=/home/bong/project/snake_RL/GD/horcrux_ws/build/handsfree_imu/prefix_override:/home/bong/project/snake_RL/GD/horcrux_ws/install/handsfree_imu/lib/python3.10/site-packages:${PYTHONPATH} /usr/bin/python3 setup.py egg_info --egg-base ../../build/handsfree_imu build --build-base /home/bong/project/snake_RL/GD/horcrux_ws/build/handsfree_imu/build install --record /home/bong/project/snake_RL/GD/horcrux_ws/build/handsfree_imu/install.log --single-version-externally-managed
[0.579s] running egg_info
[0.580s] writing ../../build/handsfree_imu/handsfree_imu.egg-info/PKG-INFO
[0.580s] writing dependency_links to ../../build/handsfree_imu/handsfree_imu.egg-info/dependency_links.txt
[0.581s] writing entry points to ../../build/handsfree_imu/handsfree_imu.egg-info/entry_points.txt
[0.581s] writing requirements to ../../build/handsfree_imu/handsfree_imu.egg-info/requires.txt
[0.581s] writing top-level names to ../../build/handsfree_imu/handsfree_imu.egg-info/top_level.txt
[0.581s] reading manifest file '../../build/handsfree_imu/handsfree_imu.egg-info/SOURCES.txt'
[0.581s] adding license file 'LICENSE'
[0.581s] writing manifest file '../../build/handsfree_imu/handsfree_imu.egg-info/SOURCES.txt'
[0.581s] running build
[0.581s] running build_py
[0.582s] copying handsfree_imu/hfi_a9_node.py -> /home/bong/project/snake_RL/GD/horcrux_ws/build/handsfree_imu/build/lib/handsfree_imu
[0.582s] running install
[0.584s] /usr/lib/python3/dist-packages/setuptools/command/install.py:34: SetuptoolsDeprecationWarning: setup.py install is deprecated. Use build and pip and other standards-based tools.
[0.585s]   warnings.warn(
[0.585s] running install_lib
[0.585s] copying /home/bong/project/snake_RL/GD/horcrux_ws/build/handsfree_imu/build/lib/handsfree_imu/hfi_a9_node.py -> /home/bong/project/snake_RL/GD/horcrux_ws/install/handsfree_imu/lib/python3.10/site-packages/handsfree_imu
[0.585s] byte-compiling /home/bong/project/snake_RL/GD/horcrux_ws/install/handsfree_imu/lib/python3.10/site-packages/handsfree_imu/hfi_a9_node.py to hfi_a9_node.cpython-310.pyc
[0.585s] running install_data
[0.585s] running install_egg_info
[0.585s] removing '/home/bong/project/snake_RL/GD/horcrux_ws/install/handsfree_imu/lib/python3.10/site-packages/handsfree_imu-0.0.0-py3.10.egg-info' (and everything under it)
[0.585s] Copying ../../build/handsfree_imu/handsfree_imu.egg-info to /home/bong/project/snake_RL/GD/horcrux_ws/install/handsfree_imu/lib/python3.10/site-packages/handsfree_imu-0.0.0-py3.10.egg-info
[0.586s] running install_scripts
[0.599s] Installing hfi_a9_node script to /home/bong/project/snake_RL/GD/horcrux_ws/install/handsfree_imu/lib/handsfree_imu
[0.599s] writing list of installed files to '/home/bong/project/snake_RL/GD/horcrux_ws/build/handsfree_imu/install.log'
[0.804s] Invoked command in '/home/bong/project/snake_RL/GD/horcrux_ws/src/handsfree_imu' returned '0': PYTHONPATH=/home/bong/project/snake_RL/GD/horcrux_ws/build/handsfree_imu/prefix_override:/home/bong/project/snake_RL/GD/horcrux_ws/install/handsfree_imu/lib/python3.10/site-packages:${PYTHONPATH} /usr/bin/python3 setup.py egg_info --egg-base ../../build/handsfree_imu build --build-base /home/bong/project/snake_RL/GD/horcrux_ws/build/handsfree_imu/build install --record /home/bong/project/snake_RL/GD/horcrux_ws/build/handsfree_imu/install.log --single-version-externally-managed
