[0.060s] Invoking command in '/home/bong/project/snake_RL/GD/horcrux_ws/build/horcrux_interfaces': CMAKE_PREFIX_PATH=${CMAKE_PREFIX_PATH}:/home/bong/project/snake_RL/GD/horcrux_ws/install/horcrux_state:/home/bong/project/snake_RL/GD/horcrux_ws/install/horcrux_msg:/opt/ros/iron /usr/bin/cmake --build /home/bong/project/snake_RL/GD/horcrux_ws/build/horcrux_interfaces -- -j4 -l4
[0.098s] [  2%] Built target horcrux_interfaces__rosidl_generator_type_description
[0.115s] [  2%] Built target ament_cmake_python_copy_horcrux_interfaces
[0.123s] [  4%] Built target horcrux_interfaces__cpp
[0.125s] [ 22%] Built target horcrux_interfaces__rosidl_generator_c
[0.147s] [ 31%] Built target horcrux_interfaces__rosidl_typesupport_fastrtps_cpp
[0.151s] [ 40%] Built target horcrux_interfaces__rosidl_typesupport_cpp
[0.159s] [ 50%] Built target horcrux_interfaces__rosidl_typesupport_fastrtps_c
[0.182s] [ 59%] Built target horcrux_interfaces__rosidl_typesupport_introspection_c
[0.184s] [ 68%] Built target horcrux_interfaces__rosidl_typesupport_c
[0.190s] [ 77%] Built target horcrux_interfaces__rosidl_typesupport_introspection_cpp
[0.207s] [ 77%] Built target horcrux_interfaces
[0.222s] [ 79%] Built target horcrux_interfaces__py
[0.242s] [ 86%] Built target horcrux_interfaces__rosidl_generator_py
[0.258s] running egg_info
[0.259s] writing horcrux_interfaces.egg-info/PKG-INFO
[0.259s] writing dependency_links to horcrux_interfaces.egg-info/dependency_links.txt
[0.260s] writing top-level names to horcrux_interfaces.egg-info/top_level.txt
[0.260s] reading manifest file 'horcrux_interfaces.egg-info/SOURCES.txt'
[0.261s] writing manifest file 'horcrux_interfaces.egg-info/SOURCES.txt'
[0.266s] [ 90%] Built target horcrux_interfaces__rosidl_typesupport_introspection_c__pyext
[0.267s] [ 95%] Built target horcrux_interfaces__rosidl_typesupport_c__pyext
[0.277s] [ 95%] Built target ament_cmake_python_build_horcrux_interfaces_egg
[0.280s] [100%] Built target horcrux_interfaces__rosidl_typesupport_fastrtps_c__pyext
