running egg_info
/usr/lib/python3/dist-packages/setuptools/command/install.py:34: SetuptoolsDeprecationWarning: setup.py install is deprecated. Use build and pip and other standards-based tools.
  warnings.warn(
writing ../../build/handsfree_imu/handsfree_imu.egg-info/PKG-INFO
writing dependency_links to ../../build/handsfree_imu/handsfree_imu.egg-info/dependency_links.txt
writing entry points to ../../build/handsfree_imu/handsfree_imu.egg-info/entry_points.txt
writing requirements to ../../build/handsfree_imu/handsfree_imu.egg-info/requires.txt
writing top-level names to ../../build/handsfree_imu/handsfree_imu.egg-info/top_level.txt
reading manifest file '../../build/handsfree_imu/handsfree_imu.egg-info/SOURCES.txt'
adding license file 'LICENSE'
writing manifest file '../../build/handsfree_imu/handsfree_imu.egg-info/SOURCES.txt'
running build
running build_py
copying handsfree_imu/hfi_a9_node.py -> /home/bong/project/snake_RL/GD/horcrux_ws/build/handsfree_imu/build/lib/handsfree_imu
running install
running install_lib
copying /home/bong/project/snake_RL/GD/horcrux_ws/build/handsfree_imu/build/lib/handsfree_imu/hfi_a9_node.py -> /home/bong/project/snake_RL/GD/horcrux_ws/install/handsfree_imu/lib/python3.10/site-packages/handsfree_imu
byte-compiling /home/bong/project/snake_RL/GD/horcrux_ws/install/handsfree_imu/lib/python3.10/site-packages/handsfree_imu/hfi_a9_node.py to hfi_a9_node.cpython-310.pyc
running install_data
running install_egg_info
removing '/home/bong/project/snake_RL/GD/horcrux_ws/install/handsfree_imu/lib/python3.10/site-packages/handsfree_imu-0.0.0-py3.10.egg-info' (and everything under it)
Copying ../../build/handsfree_imu/handsfree_imu.egg-info to /home/bong/project/snake_RL/GD/horcrux_ws/install/handsfree_imu/lib/python3.10/site-packages/handsfree_imu-0.0.0-py3.10.egg-info
running install_scripts
Installing hfi_a9_node script to /home/bong/project/snake_RL/GD/horcrux_ws/install/handsfree_imu/lib/handsfree_imu
writing list of installed files to '/home/bong/project/snake_RL/GD/horcrux_ws/build/handsfree_imu/install.log'
