running egg_info
creating ../../build/handsfree_imu/handsfree_imu.egg-info
writing ../../build/handsfree_imu/handsfree_imu.egg-info/PKG-INFO
writing dependency_links to ../../build/handsfree_imu/handsfree_imu.egg-info/dependency_links.txt
writing entry points to ../../build/handsfree_imu/handsfree_imu.egg-info/entry_points.txt
writing requirements to ../../build/handsfree_imu/handsfree_imu.egg-info/requires.txt
writing top-level names to ../../build/handsfree_imu/handsfree_imu.egg-info/top_level.txt
writing manifest file '../../build/handsfree_imu/handsfree_imu.egg-info/SOURCES.txt'
reading manifest file '../../build/handsfree_imu/handsfree_imu.egg-info/SOURCES.txt'
adding license file 'LICENSE'
writing manifest file '../../build/handsfree_imu/handsfree_imu.egg-info/SOURCES.txt'
running build
running build_py
creating /home/bong/project/snake_RL/GD/horcrux_ws/build/handsfree_imu/build
creating /home/bong/project/snake_RL/GD/horcrux_ws/build/handsfree_imu/build/lib
creating /home/bong/project/snake_RL/GD/horcrux_ws/build/handsfree_imu/build/lib/handsfree_imu
copying handsfree_imu/__init__.py -> /home/bong/project/snake_RL/GD/horcrux_ws/build/handsfree_imu/build/lib/handsfree_imu
copying handsfree_imu/hfi_a9_node.py -> /home/bong/project/snake_RL/GD/horcrux_ws/build/handsfree_imu/build/lib/handsfree_imu
running install
running install_lib
creating /home/bong/project/snake_RL/GD/horcrux_ws/install/handsfree_imu/lib/python3.10/site-packages/handsfree_imu
copying /home/bong/project/snake_RL/GD/horcrux_ws/build/handsfree_imu/build/lib/handsfree_imu/__init__.py -> /home/bong/project/snake_RL/GD/horcrux_ws/install/handsfree_imu/lib/python3.10/site-packages/handsfree_imu
copying /home/bong/project/snake_RL/GD/horcrux_ws/build/handsfree_imu/build/lib/handsfree_imu/hfi_a9_node.py -> /home/bong/project/snake_RL/GD/horcrux_ws/install/handsfree_imu/lib/python3.10/site-packages/handsfree_imu
byte-compiling /home/bong/project/snake_RL/GD/horcrux_ws/install/handsfree_imu/lib/python3.10/site-packages/handsfree_imu/__init__.py to __init__.cpython-310.pyc
byte-compiling /home/bong/project/snake_RL/GD/horcrux_ws/install/handsfree_imu/lib/python3.10/site-packages/handsfree_imu/hfi_a9_node.py to hfi_a9_node.cpython-310.pyc
running install_data
creating /home/bong/project/snake_RL/GD/horcrux_ws/install/handsfree_imu/share/ament_index
creating /home/bong/project/snake_RL/GD/horcrux_ws/install/handsfree_imu/share/ament_index/resource_index
creating /home/bong/project/snake_RL/GD/horcrux_ws/install/handsfree_imu/share/ament_index/resource_index/packages
copying resource/handsfree_imu -> /home/bong/project/snake_RL/GD/horcrux_ws/install/handsfree_imu/share/ament_index/resource_index/packages
copying package.xml -> /home/bong/project/snake_RL/GD/horcrux_ws/install/handsfree_imu/share/handsfree_imu
running install_egg_info
Copying ../../build/handsfree_imu/handsfree_imu.egg-info to /home/bong/project/snake_RL/GD/horcrux_ws/install/handsfree_imu/lib/python3.10/site-packages/handsfree_imu-0.0.0-py3.10.egg-info
running install_scripts
Installing hfi_a9_node script to /home/bong/project/snake_RL/GD/horcrux_ws/install/handsfree_imu/lib/handsfree_imu
writing list of installed files to '/home/bong/project/snake_RL/GD/horcrux_ws/build/handsfree_imu/install.log'
