[0.512s] Invoking command in '/home/bong/project/snake_RL/GD/horcrux_ws/src/handsfree_imu': PYTHONPATH=/home/bong/project/snake_RL/GD/horcrux_ws/build/handsfree_imu/prefix_override:/home/bong/project/snake_RL/GD/horcrux_ws/install/handsfree_imu/lib/python3.10/site-packages:${PYTHONPATH} /usr/bin/python3 setup.py egg_info --egg-base ../../build/handsfree_imu build --build-base /home/bong/project/snake_RL/GD/horcrux_ws/build/handsfree_imu/build install --record /home/bong/project/snake_RL/GD/horcrux_ws/build/handsfree_imu/install.log --single-version-externally-managed
[0.639s] running egg_info
[0.640s] creating ../../build/handsfree_imu/handsfree_imu.egg-info
[0.640s] writing ../../build/handsfree_imu/handsfree_imu.egg-info/PKG-INFO
[0.640s] writing dependency_links to ../../build/handsfree_imu/handsfree_imu.egg-info/dependency_links.txt
[0.640s] writing entry points to ../../build/handsfree_imu/handsfree_imu.egg-info/entry_points.txt
[0.640s] writing requirements to ../../build/handsfree_imu/handsfree_imu.egg-info/requires.txt
[0.640s] writing top-level names to ../../build/handsfree_imu/handsfree_imu.egg-info/top_level.txt
[0.640s] writing manifest file '../../build/handsfree_imu/handsfree_imu.egg-info/SOURCES.txt'
[0.642s] reading manifest file '../../build/handsfree_imu/handsfree_imu.egg-info/SOURCES.txt'
[0.642s] adding license file 'LICENSE'
[0.642s] writing manifest file '../../build/handsfree_imu/handsfree_imu.egg-info/SOURCES.txt'
[0.642s] running build
[0.642s] running build_py
[0.642s] creating /home/bong/project/snake_RL/GD/horcrux_ws/build/handsfree_imu/build
[0.642s] creating /home/bong/project/snake_RL/GD/horcrux_ws/build/handsfree_imu/build/lib
[0.642s] creating /home/bong/project/snake_RL/GD/horcrux_ws/build/handsfree_imu/build/lib/handsfree_imu
[0.642s] copying handsfree_imu/__init__.py -> /home/bong/project/snake_RL/GD/horcrux_ws/build/handsfree_imu/build/lib/handsfree_imu
[0.642s] copying handsfree_imu/hfi_a9_node.py -> /home/bong/project/snake_RL/GD/horcrux_ws/build/handsfree_imu/build/lib/handsfree_imu
[0.642s] running install
[0.642s] running install_lib
[0.642s] /usr/lib/python3/dist-packages/setuptools/command/install.py:34: SetuptoolsDeprecationWarning: setup.py install is deprecated. Use build and pip and other standards-based tools.
[0.642s]   warnings.warn(
[0.645s] creating /home/bong/project/snake_RL/GD/horcrux_ws/install/handsfree_imu/lib/python3.10/site-packages/handsfree_imu
[0.645s] copying /home/bong/project/snake_RL/GD/horcrux_ws/build/handsfree_imu/build/lib/handsfree_imu/__init__.py -> /home/bong/project/snake_RL/GD/horcrux_ws/install/handsfree_imu/lib/python3.10/site-packages/handsfree_imu
[0.645s] copying /home/bong/project/snake_RL/GD/horcrux_ws/build/handsfree_imu/build/lib/handsfree_imu/hfi_a9_node.py -> /home/bong/project/snake_RL/GD/horcrux_ws/install/handsfree_imu/lib/python3.10/site-packages/handsfree_imu
[0.645s] byte-compiling /home/bong/project/snake_RL/GD/horcrux_ws/install/handsfree_imu/lib/python3.10/site-packages/handsfree_imu/__init__.py to __init__.cpython-310.pyc
[0.645s] byte-compiling /home/bong/project/snake_RL/GD/horcrux_ws/install/handsfree_imu/lib/python3.10/site-packages/handsfree_imu/hfi_a9_node.py to hfi_a9_node.cpython-310.pyc
[0.645s] running install_data
[0.645s] creating /home/bong/project/snake_RL/GD/horcrux_ws/install/handsfree_imu/share/ament_index
[0.645s] creating /home/bong/project/snake_RL/GD/horcrux_ws/install/handsfree_imu/share/ament_index/resource_index
[0.645s] creating /home/bong/project/snake_RL/GD/horcrux_ws/install/handsfree_imu/share/ament_index/resource_index/packages
[0.645s] copying resource/handsfree_imu -> /home/bong/project/snake_RL/GD/horcrux_ws/install/handsfree_imu/share/ament_index/resource_index/packages
[0.645s] copying package.xml -> /home/bong/project/snake_RL/GD/horcrux_ws/install/handsfree_imu/share/handsfree_imu
[0.646s] running install_egg_info
[0.646s] Copying ../../build/handsfree_imu/handsfree_imu.egg-info to /home/bong/project/snake_RL/GD/horcrux_ws/install/handsfree_imu/lib/python3.10/site-packages/handsfree_imu-0.0.0-py3.10.egg-info
[0.646s] running install_scripts
[0.656s] Installing hfi_a9_node script to /home/bong/project/snake_RL/GD/horcrux_ws/install/handsfree_imu/lib/handsfree_imu
[0.656s] writing list of installed files to '/home/bong/project/snake_RL/GD/horcrux_ws/build/handsfree_imu/install.log'
[0.968s] Invoked command in '/home/bong/project/snake_RL/GD/horcrux_ws/src/handsfree_imu' returned '0': PYTHONPATH=/home/bong/project/snake_RL/GD/horcrux_ws/build/handsfree_imu/prefix_override:/home/bong/project/snake_RL/GD/horcrux_ws/install/handsfree_imu/lib/python3.10/site-packages:${PYTHONPATH} /usr/bin/python3 setup.py egg_info --egg-base ../../build/handsfree_imu build --build-base /home/bong/project/snake_RL/GD/horcrux_ws/build/handsfree_imu/build install --record /home/bong/project/snake_RL/GD/horcrux_ws/build/handsfree_imu/install.log --single-version-externally-managed
