[0.448s] DEBUG:colcon:Command line arguments: ['/usr/bin/colcon', 'build']
[0.448s] DEBUG:colcon:Parsed command line arguments: Namespace(log_base=None, log_level=None, verb_name='build', build_base='build', install_base='install', merge_install=False, symlink_install=False, test_result_base=None, continue_on_error=False, executor='parallel', parallel_workers=4, event_handlers=None, ignore_user_meta=False, metas=['./colcon.meta'], base_paths=['.'], packages_ignore=None, packages_ignore_regex=None, paths=None, packages_up_to=None, packages_up_to_regex=None, packages_above=None, packages_above_and_dependencies=None, packages_above_depth=None, packages_select_by_dep=None, packages_skip_by_dep=None, packages_skip_up_to=None, packages_select_build_failed=False, packages_skip_build_finished=False, packages_select_test_failures=False, packages_skip_test_passed=False, packages_select=None, packages_skip=None, packages_select_regex=None, packages_skip_regex=None, packages_start=None, packages_end=None, allow_overriding=[], cmake_args=None, cmake_target=None, cmake_target_skip_unavailable=False, cmake_clean_cache=False, cmake_clean_first=False, cmake_force_configure=False, ament_cmake_args=None, catkin_cmake_args=None, catkin_skip_building_tests=False, verb_parser=<colcon_defaults.argument_parser.defaults.DefaultArgumentsDecorator object at 0xffff80fe6ec0>, verb_extension=<colcon_core.verb.build.BuildVerb object at 0xffff80fe4af0>, main=<bound method BuildVerb.main of <colcon_core.verb.build.BuildVerb object at 0xffff80fe4af0>>)
[0.478s] Level 1:colcon.colcon_core.package_discovery:discover_packages(colcon_meta) check parameters
[0.478s] Level 1:colcon.colcon_core.package_discovery:discover_packages(recursive) check parameters
[0.478s] Level 1:colcon.colcon_core.package_discovery:discover_packages(ignore) check parameters
[0.478s] Level 1:colcon.colcon_core.package_discovery:discover_packages(path) check parameters
[0.478s] Level 1:colcon.colcon_core.package_discovery:discover_packages(colcon_meta) discover
[0.478s] Level 1:colcon.colcon_core.package_discovery:discover_packages(recursive) discover
[0.478s] INFO:colcon.colcon_core.package_discovery:Crawling recursively for packages in '/home/bong/project/snake_RL/GD/horcrux_ws'
[0.478s] Level 1:colcon.colcon_core.package_identification:_identify(.) by extensions ['ignore', 'ignore_ament_install']
[0.478s] Level 1:colcon.colcon_core.package_identification:_identify(.) by extension 'ignore'
[0.478s] Level 1:colcon.colcon_core.package_identification:_identify(.) by extension 'ignore_ament_install'
[0.478s] Level 1:colcon.colcon_core.package_identification:_identify(.) by extensions ['colcon_pkg']
[0.478s] Level 1:colcon.colcon_core.package_identification:_identify(.) by extension 'colcon_pkg'
[0.478s] Level 1:colcon.colcon_core.package_identification:_identify(.) by extensions ['colcon_meta']
[0.478s] Level 1:colcon.colcon_core.package_identification:_identify(.) by extension 'colcon_meta'
[0.478s] Level 1:colcon.colcon_core.package_identification:_identify(.) by extensions ['ros']
[0.478s] Level 1:colcon.colcon_core.package_identification:_identify(.) by extension 'ros'
[0.483s] Level 1:colcon.colcon_core.package_identification:_identify(.) by extensions ['cmake', 'python']
[0.483s] Level 1:colcon.colcon_core.package_identification:_identify(.) by extension 'cmake'
[0.484s] Level 1:colcon.colcon_core.package_identification:_identify(.) by extension 'python'
[0.484s] Level 1:colcon.colcon_core.package_identification:_identify(.) by extensions ['python_setup_py']
[0.484s] Level 1:colcon.colcon_core.package_identification:_identify(.) by extension 'python_setup_py'
[0.484s] Level 1:colcon.colcon_core.package_identification:_identify(build) by extensions ['ignore', 'ignore_ament_install']
[0.484s] Level 1:colcon.colcon_core.package_identification:_identify(build) by extension 'ignore'
[0.484s] Level 1:colcon.colcon_core.package_identification:_identify(build) ignored
[0.484s] Level 1:colcon.colcon_core.package_identification:_identify(install) by extensions ['ignore', 'ignore_ament_install']
[0.484s] Level 1:colcon.colcon_core.package_identification:_identify(install) by extension 'ignore'
[0.484s] Level 1:colcon.colcon_core.package_identification:_identify(install) ignored
[0.484s] Level 1:colcon.colcon_core.package_identification:_identify(log) by extensions ['ignore', 'ignore_ament_install']
[0.484s] Level 1:colcon.colcon_core.package_identification:_identify(log) by extension 'ignore'
[0.484s] Level 1:colcon.colcon_core.package_identification:_identify(log) ignored
[0.484s] Level 1:colcon.colcon_core.package_identification:_identify(src) by extensions ['ignore', 'ignore_ament_install']
[0.484s] Level 1:colcon.colcon_core.package_identification:_identify(src) by extension 'ignore'
[0.484s] Level 1:colcon.colcon_core.package_identification:_identify(src) by extension 'ignore_ament_install'
[0.484s] Level 1:colcon.colcon_core.package_identification:_identify(src) by extensions ['colcon_pkg']
[0.484s] Level 1:colcon.colcon_core.package_identification:_identify(src) by extension 'colcon_pkg'
[0.484s] Level 1:colcon.colcon_core.package_identification:_identify(src) by extensions ['colcon_meta']
[0.484s] Level 1:colcon.colcon_core.package_identification:_identify(src) by extension 'colcon_meta'
[0.484s] Level 1:colcon.colcon_core.package_identification:_identify(src) by extensions ['ros']
[0.484s] Level 1:colcon.colcon_core.package_identification:_identify(src) by extension 'ros'
[0.484s] Level 1:colcon.colcon_core.package_identification:_identify(src) by extensions ['cmake', 'python']
[0.484s] Level 1:colcon.colcon_core.package_identification:_identify(src) by extension 'cmake'
[0.484s] Level 1:colcon.colcon_core.package_identification:_identify(src) by extension 'python'
[0.484s] Level 1:colcon.colcon_core.package_identification:_identify(src) by extensions ['python_setup_py']
[0.484s] Level 1:colcon.colcon_core.package_identification:_identify(src) by extension 'python_setup_py'
[0.484s] Level 1:colcon.colcon_core.package_identification:_identify(src/handsfree_imu) by extensions ['ignore', 'ignore_ament_install']
[0.484s] Level 1:colcon.colcon_core.package_identification:_identify(src/handsfree_imu) by extension 'ignore'
[0.484s] Level 1:colcon.colcon_core.package_identification:_identify(src/handsfree_imu) by extension 'ignore_ament_install'
[0.484s] Level 1:colcon.colcon_core.package_identification:_identify(src/handsfree_imu) by extensions ['colcon_pkg']
[0.484s] Level 1:colcon.colcon_core.package_identification:_identify(src/handsfree_imu) by extension 'colcon_pkg'
[0.484s] Level 1:colcon.colcon_core.package_identification:_identify(src/handsfree_imu) by extensions ['colcon_meta']
[0.484s] Level 1:colcon.colcon_core.package_identification:_identify(src/handsfree_imu) by extension 'colcon_meta'
[0.484s] Level 1:colcon.colcon_core.package_identification:_identify(src/handsfree_imu) by extensions ['ros']
[0.484s] Level 1:colcon.colcon_core.package_identification:_identify(src/handsfree_imu) by extension 'ros'
[0.486s] DEBUG:colcon.colcon_core.package_identification:Package 'src/handsfree_imu' with type 'ros.ament_python' and name 'handsfree_imu'
[0.486s] Level 1:colcon.colcon_core.package_identification:_identify(src/horcrux_interfaces) by extensions ['ignore', 'ignore_ament_install']
[0.486s] Level 1:colcon.colcon_core.package_identification:_identify(src/horcrux_interfaces) by extension 'ignore'
[0.486s] Level 1:colcon.colcon_core.package_identification:_identify(src/horcrux_interfaces) by extension 'ignore_ament_install'
[0.486s] Level 1:colcon.colcon_core.package_identification:_identify(src/horcrux_interfaces) by extensions ['colcon_pkg']
[0.486s] Level 1:colcon.colcon_core.package_identification:_identify(src/horcrux_interfaces) by extension 'colcon_pkg'
[0.486s] Level 1:colcon.colcon_core.package_identification:_identify(src/horcrux_interfaces) by extensions ['colcon_meta']
[0.486s] Level 1:colcon.colcon_core.package_identification:_identify(src/horcrux_interfaces) by extension 'colcon_meta'
[0.486s] Level 1:colcon.colcon_core.package_identification:_identify(src/horcrux_interfaces) by extensions ['ros']
[0.486s] Level 1:colcon.colcon_core.package_identification:_identify(src/horcrux_interfaces) by extension 'ros'
[0.487s] DEBUG:colcon.colcon_core.package_identification:Package 'src/horcrux_interfaces' with type 'ros.ament_cmake' and name 'horcrux_interfaces'
[0.487s] Level 1:colcon.colcon_core.package_identification:_identify(src/horcrux_msg) by extensions ['ignore', 'ignore_ament_install']
[0.487s] Level 1:colcon.colcon_core.package_identification:_identify(src/horcrux_msg) by extension 'ignore'
[0.487s] Level 1:colcon.colcon_core.package_identification:_identify(src/horcrux_msg) by extension 'ignore_ament_install'
[0.487s] Level 1:colcon.colcon_core.package_identification:_identify(src/horcrux_msg) by extensions ['colcon_pkg']
[0.487s] Level 1:colcon.colcon_core.package_identification:_identify(src/horcrux_msg) by extension 'colcon_pkg'
[0.487s] Level 1:colcon.colcon_core.package_identification:_identify(src/horcrux_msg) by extensions ['colcon_meta']
[0.487s] Level 1:colcon.colcon_core.package_identification:_identify(src/horcrux_msg) by extension 'colcon_meta'
[0.487s] Level 1:colcon.colcon_core.package_identification:_identify(src/horcrux_msg) by extensions ['ros']
[0.487s] Level 1:colcon.colcon_core.package_identification:_identify(src/horcrux_msg) by extension 'ros'
[0.488s] DEBUG:colcon.colcon_core.package_identification:Package 'src/horcrux_msg' with type 'ros.ament_python' and name 'horcrux_msg'
[0.488s] Level 1:colcon.colcon_core.package_identification:_identify(src/horcrux_state) by extensions ['ignore', 'ignore_ament_install']
[0.488s] Level 1:colcon.colcon_core.package_identification:_identify(src/horcrux_state) by extension 'ignore'
[0.488s] Level 1:colcon.colcon_core.package_identification:_identify(src/horcrux_state) by extension 'ignore_ament_install'
[0.488s] Level 1:colcon.colcon_core.package_identification:_identify(src/horcrux_state) by extensions ['colcon_pkg']
[0.488s] Level 1:colcon.colcon_core.package_identification:_identify(src/horcrux_state) by extension 'colcon_pkg'
[0.488s] Level 1:colcon.colcon_core.package_identification:_identify(src/horcrux_state) by extensions ['colcon_meta']
[0.488s] Level 1:colcon.colcon_core.package_identification:_identify(src/horcrux_state) by extension 'colcon_meta'
[0.488s] Level 1:colcon.colcon_core.package_identification:_identify(src/horcrux_state) by extensions ['ros']
[0.488s] Level 1:colcon.colcon_core.package_identification:_identify(src/horcrux_state) by extension 'ros'
[0.488s] DEBUG:colcon.colcon_core.package_identification:Package 'src/horcrux_state' with type 'ros.ament_python' and name 'horcrux_state'
[0.488s] Level 1:colcon.colcon_core.package_discovery:discover_packages(recursive) using defaults
[0.488s] Level 1:colcon.colcon_core.package_discovery:discover_packages(ignore) discover
[0.488s] Level 1:colcon.colcon_core.package_discovery:discover_packages(ignore) using defaults
[0.488s] Level 1:colcon.colcon_core.package_discovery:discover_packages(path) discover
[0.488s] Level 1:colcon.colcon_core.package_discovery:discover_packages(path) using defaults
[0.531s] Level 1:colcon.colcon_core.package_discovery:discover_packages(prefix_path) check parameters
[0.531s] Level 1:colcon.colcon_core.package_discovery:discover_packages(prefix_path) discover
[0.545s] DEBUG:colcon.colcon_installed_package_information.package_discovery:Found 5 installed packages in /home/bong/project/snake_RL/GD/horcrux_ws/install
[0.553s] DEBUG:colcon.colcon_installed_package_information.package_discovery:Found 339 installed packages in /opt/ros/iron
[0.553s] Level 1:colcon.colcon_core.package_discovery:discover_packages(prefix_path) using defaults
[0.604s] Level 5:colcon.colcon_core.verb:set package 'handsfree_imu' build argument 'cmake_args' from command line to 'None'
[0.604s] Level 5:colcon.colcon_core.verb:set package 'handsfree_imu' build argument 'cmake_target' from command line to 'None'
[0.604s] Level 5:colcon.colcon_core.verb:set package 'handsfree_imu' build argument 'cmake_target_skip_unavailable' from command line to 'False'
[0.604s] Level 5:colcon.colcon_core.verb:set package 'handsfree_imu' build argument 'cmake_clean_cache' from command line to 'False'
[0.604s] Level 5:colcon.colcon_core.verb:set package 'handsfree_imu' build argument 'cmake_clean_first' from command line to 'False'
[0.604s] Level 5:colcon.colcon_core.verb:set package 'handsfree_imu' build argument 'cmake_force_configure' from command line to 'False'
[0.604s] Level 5:colcon.colcon_core.verb:set package 'handsfree_imu' build argument 'ament_cmake_args' from command line to 'None'
[0.604s] Level 5:colcon.colcon_core.verb:set package 'handsfree_imu' build argument 'catkin_cmake_args' from command line to 'None'
[0.604s] Level 5:colcon.colcon_core.verb:set package 'handsfree_imu' build argument 'catkin_skip_building_tests' from command line to 'False'
[0.604s] DEBUG:colcon.colcon_core.verb:Building package 'handsfree_imu' with the following arguments: {'ament_cmake_args': None, 'build_base': '/home/bong/project/snake_RL/GD/horcrux_ws/build/handsfree_imu', 'catkin_cmake_args': None, 'catkin_skip_building_tests': False, 'cmake_args': None, 'cmake_clean_cache': False, 'cmake_clean_first': False, 'cmake_force_configure': False, 'cmake_target': None, 'cmake_target_skip_unavailable': False, 'install_base': '/home/bong/project/snake_RL/GD/horcrux_ws/install/handsfree_imu', 'merge_install': False, 'path': '/home/bong/project/snake_RL/GD/horcrux_ws/src/handsfree_imu', 'symlink_install': False, 'test_result_base': None}
[0.610s] Level 5:colcon.colcon_core.verb:set package 'horcrux_interfaces' build argument 'cmake_args' from command line to 'None'
[0.610s] Level 5:colcon.colcon_core.verb:set package 'horcrux_interfaces' build argument 'cmake_target' from command line to 'None'
[0.610s] Level 5:colcon.colcon_core.verb:set package 'horcrux_interfaces' build argument 'cmake_target_skip_unavailable' from command line to 'False'
[0.610s] Level 5:colcon.colcon_core.verb:set package 'horcrux_interfaces' build argument 'cmake_clean_cache' from command line to 'False'
[0.610s] Level 5:colcon.colcon_core.verb:set package 'horcrux_interfaces' build argument 'cmake_clean_first' from command line to 'False'
[0.610s] Level 5:colcon.colcon_core.verb:set package 'horcrux_interfaces' build argument 'cmake_force_configure' from command line to 'False'
[0.610s] Level 5:colcon.colcon_core.verb:set package 'horcrux_interfaces' build argument 'ament_cmake_args' from command line to 'None'
[0.610s] Level 5:colcon.colcon_core.verb:set package 'horcrux_interfaces' build argument 'catkin_cmake_args' from command line to 'None'
[0.610s] Level 5:colcon.colcon_core.verb:set package 'horcrux_interfaces' build argument 'catkin_skip_building_tests' from command line to 'False'
[0.610s] DEBUG:colcon.colcon_core.verb:Building package 'horcrux_interfaces' with the following arguments: {'ament_cmake_args': None, 'build_base': '/home/bong/project/snake_RL/GD/horcrux_ws/build/horcrux_interfaces', 'catkin_cmake_args': None, 'catkin_skip_building_tests': False, 'cmake_args': None, 'cmake_clean_cache': False, 'cmake_clean_first': False, 'cmake_force_configure': False, 'cmake_target': None, 'cmake_target_skip_unavailable': False, 'install_base': '/home/bong/project/snake_RL/GD/horcrux_ws/install/horcrux_interfaces', 'merge_install': False, 'path': '/home/bong/project/snake_RL/GD/horcrux_ws/src/horcrux_interfaces', 'symlink_install': False, 'test_result_base': None}
[0.617s] Level 5:colcon.colcon_core.verb:set package 'horcrux_msg' build argument 'cmake_args' from command line to 'None'
[0.617s] Level 5:colcon.colcon_core.verb:set package 'horcrux_msg' build argument 'cmake_target' from command line to 'None'
[0.617s] Level 5:colcon.colcon_core.verb:set package 'horcrux_msg' build argument 'cmake_target_skip_unavailable' from command line to 'False'
[0.617s] Level 5:colcon.colcon_core.verb:set package 'horcrux_msg' build argument 'cmake_clean_cache' from command line to 'False'
[0.617s] Level 5:colcon.colcon_core.verb:set package 'horcrux_msg' build argument 'cmake_clean_first' from command line to 'False'
[0.617s] Level 5:colcon.colcon_core.verb:set package 'horcrux_msg' build argument 'cmake_force_configure' from command line to 'False'
[0.617s] Level 5:colcon.colcon_core.verb:set package 'horcrux_msg' build argument 'ament_cmake_args' from command line to 'None'
[0.617s] Level 5:colcon.colcon_core.verb:set package 'horcrux_msg' build argument 'catkin_cmake_args' from command line to 'None'
[0.617s] Level 5:colcon.colcon_core.verb:set package 'horcrux_msg' build argument 'catkin_skip_building_tests' from command line to 'False'
[0.617s] DEBUG:colcon.colcon_core.verb:Building package 'horcrux_msg' with the following arguments: {'ament_cmake_args': None, 'build_base': '/home/bong/project/snake_RL/GD/horcrux_ws/build/horcrux_msg', 'catkin_cmake_args': None, 'catkin_skip_building_tests': False, 'cmake_args': None, 'cmake_clean_cache': False, 'cmake_clean_first': False, 'cmake_force_configure': False, 'cmake_target': None, 'cmake_target_skip_unavailable': False, 'install_base': '/home/bong/project/snake_RL/GD/horcrux_ws/install/horcrux_msg', 'merge_install': False, 'path': '/home/bong/project/snake_RL/GD/horcrux_ws/src/horcrux_msg', 'symlink_install': False, 'test_result_base': None}
[0.623s] Level 5:colcon.colcon_core.verb:set package 'horcrux_state' build argument 'cmake_args' from command line to 'None'
[0.623s] Level 5:colcon.colcon_core.verb:set package 'horcrux_state' build argument 'cmake_target' from command line to 'None'
[0.623s] Level 5:colcon.colcon_core.verb:set package 'horcrux_state' build argument 'cmake_target_skip_unavailable' from command line to 'False'
[0.623s] Level 5:colcon.colcon_core.verb:set package 'horcrux_state' build argument 'cmake_clean_cache' from command line to 'False'
[0.623s] Level 5:colcon.colcon_core.verb:set package 'horcrux_state' build argument 'cmake_clean_first' from command line to 'False'
[0.623s] Level 5:colcon.colcon_core.verb:set package 'horcrux_state' build argument 'cmake_force_configure' from command line to 'False'
[0.623s] Level 5:colcon.colcon_core.verb:set package 'horcrux_state' build argument 'ament_cmake_args' from command line to 'None'
[0.623s] Level 5:colcon.colcon_core.verb:set package 'horcrux_state' build argument 'catkin_cmake_args' from command line to 'None'
[0.623s] Level 5:colcon.colcon_core.verb:set package 'horcrux_state' build argument 'catkin_skip_building_tests' from command line to 'False'
[0.623s] DEBUG:colcon.colcon_core.verb:Building package 'horcrux_state' with the following arguments: {'ament_cmake_args': None, 'build_base': '/home/bong/project/snake_RL/GD/horcrux_ws/build/horcrux_state', 'catkin_cmake_args': None, 'catkin_skip_building_tests': False, 'cmake_args': None, 'cmake_clean_cache': False, 'cmake_clean_first': False, 'cmake_force_configure': False, 'cmake_target': None, 'cmake_target_skip_unavailable': False, 'install_base': '/home/bong/project/snake_RL/GD/horcrux_ws/install/horcrux_state', 'merge_install': False, 'path': '/home/bong/project/snake_RL/GD/horcrux_ws/src/horcrux_state', 'symlink_install': False, 'test_result_base': None}
[0.629s] INFO:colcon.colcon_core.executor:Executing jobs using 'parallel' executor
[0.636s] DEBUG:colcon.colcon_parallel_executor.executor.parallel:run_until_complete
[0.636s] INFO:colcon.colcon_ros.task.ament_cmake.build:Building ROS package in '/home/bong/project/snake_RL/GD/horcrux_ws/src/horcrux_interfaces' with build type 'ament_cmake'
[0.636s] INFO:colcon.colcon_cmake.task.cmake.build:Building CMake package in '/home/bong/project/snake_RL/GD/horcrux_ws/src/horcrux_interfaces'
[0.646s] INFO:colcon.colcon_core.plugin_system:Skipping extension 'colcon_core.shell.bat': Not used on non-Windows systems
[0.646s] INFO:colcon.colcon_core.shell:Skip shell extension 'powershell' for command environment: Not usable outside of PowerShell
[0.646s] DEBUG:colcon.colcon_core.shell:Skip shell extension 'dsv' for command environment
[0.667s] INFO:colcon.colcon_ros.task.ament_python.build:Building ROS package in '/home/bong/project/snake_RL/GD/horcrux_ws/src/handsfree_imu' with build type 'ament_python'
[0.668s] Level 1:colcon.colcon_core.shell:create_environment_hook('handsfree_imu', 'ament_prefix_path')
[0.675s] INFO:colcon.colcon_core.shell:Creating environment hook '/home/bong/project/snake_RL/GD/horcrux_ws/install/handsfree_imu/share/handsfree_imu/hook/ament_prefix_path.ps1'
[0.676s] INFO:colcon.colcon_core.shell:Creating environment descriptor '/home/bong/project/snake_RL/GD/horcrux_ws/install/handsfree_imu/share/handsfree_imu/hook/ament_prefix_path.dsv'
[0.677s] INFO:colcon.colcon_core.shell:Creating environment hook '/home/bong/project/snake_RL/GD/horcrux_ws/install/handsfree_imu/share/handsfree_imu/hook/ament_prefix_path.sh'
[0.684s] INFO:colcon.colcon_core.shell:Skip shell extension 'powershell' for command environment: Not usable outside of PowerShell
[0.684s] DEBUG:colcon.colcon_core.shell:Skip shell extension 'dsv' for command environment
[0.708s] DEBUG:colcon.colcon_core.event_handler.log_command:Invoking command in '/home/bong/project/snake_RL/GD/horcrux_ws/build/horcrux_interfaces': CMAKE_PREFIX_PATH=${CMAKE_PREFIX_PATH}:/home/bong/project/snake_RL/GD/horcrux_ws/install/horcrux_state:/home/bong/project/snake_RL/GD/horcrux_ws/install/horcrux_msg:/home/bong/project/snake_RL/GD/horcrux_ws/install/handsfree_imu:/opt/ros/iron /usr/bin/cmake --build /home/bong/project/snake_RL/GD/horcrux_ws/build/horcrux_interfaces -- -j4 -l4
[0.846s] INFO:colcon.colcon_core.task.python.build:Building Python package in '/home/bong/project/snake_RL/GD/horcrux_ws/src/handsfree_imu'
[0.862s] INFO:colcon.colcon_core.shell:Skip shell extension 'powershell' for command environment: Not usable outside of PowerShell
[0.862s] DEBUG:colcon.colcon_core.shell:Skip shell extension 'dsv' for command environment
[1.009s] DEBUG:colcon.colcon_core.event_handler.log_command:Invoked command in '/home/bong/project/snake_RL/GD/horcrux_ws/build/horcrux_interfaces' returned '0': CMAKE_PREFIX_PATH=${CMAKE_PREFIX_PATH}:/home/bong/project/snake_RL/GD/horcrux_ws/install/horcrux_state:/home/bong/project/snake_RL/GD/horcrux_ws/install/horcrux_msg:/home/bong/project/snake_RL/GD/horcrux_ws/install/handsfree_imu:/opt/ros/iron /usr/bin/cmake --build /home/bong/project/snake_RL/GD/horcrux_ws/build/horcrux_interfaces -- -j4 -l4
[1.101s] DEBUG:colcon.colcon_core.event_handler.log_command:Invoking command in '/home/bong/project/snake_RL/GD/horcrux_ws/build/horcrux_interfaces': CMAKE_PREFIX_PATH=${CMAKE_PREFIX_PATH}:/home/bong/project/snake_RL/GD/horcrux_ws/install/horcrux_state:/home/bong/project/snake_RL/GD/horcrux_ws/install/horcrux_msg:/home/bong/project/snake_RL/GD/horcrux_ws/install/handsfree_imu:/opt/ros/iron /usr/bin/cmake --install /home/bong/project/snake_RL/GD/horcrux_ws/build/horcrux_interfaces
[1.140s] DEBUG:colcon.colcon_core.event_handler.log_command:Invoking command in '/home/bong/project/snake_RL/GD/horcrux_ws/src/handsfree_imu': PYTHONPATH=/home/bong/project/snake_RL/GD/horcrux_ws/build/handsfree_imu/prefix_override:/home/bong/project/snake_RL/GD/horcrux_ws/install/handsfree_imu/lib/python3.10/site-packages:${PYTHONPATH} /usr/bin/python3 setup.py egg_info --egg-base ../../build/handsfree_imu build --build-base /home/bong/project/snake_RL/GD/horcrux_ws/build/handsfree_imu/build install --record /home/bong/project/snake_RL/GD/horcrux_ws/build/handsfree_imu/install.log --single-version-externally-managed
[1.140s] Level 1:colcon.colcon_core.environment:create_environment_scripts_only(horcrux_interfaces)
[1.140s] DEBUG:colcon.colcon_core.event_handler.log_command:Invoked command in '/home/bong/project/snake_RL/GD/horcrux_ws/build/horcrux_interfaces' returned '0': CMAKE_PREFIX_PATH=${CMAKE_PREFIX_PATH}:/home/bong/project/snake_RL/GD/horcrux_ws/install/horcrux_state:/home/bong/project/snake_RL/GD/horcrux_ws/install/horcrux_msg:/home/bong/project/snake_RL/GD/horcrux_ws/install/handsfree_imu:/opt/ros/iron /usr/bin/cmake --install /home/bong/project/snake_RL/GD/horcrux_ws/build/horcrux_interfaces
[1.150s] Level 1:colcon.colcon_core.environment:checking '/home/bong/project/snake_RL/GD/horcrux_ws/install/horcrux_interfaces' for CMake module files
[1.150s] Level 1:colcon.colcon_core.environment:checking '/home/bong/project/snake_RL/GD/horcrux_ws/install/horcrux_interfaces' for CMake config files
[1.150s] Level 1:colcon.colcon_core.shell:create_environment_hook('horcrux_interfaces', 'cmake_prefix_path')
[1.157s] INFO:colcon.colcon_core.shell:Creating environment hook '/home/bong/project/snake_RL/GD/horcrux_ws/install/horcrux_interfaces/share/horcrux_interfaces/hook/cmake_prefix_path.ps1'
[1.157s] INFO:colcon.colcon_core.shell:Creating environment descriptor '/home/bong/project/snake_RL/GD/horcrux_ws/install/horcrux_interfaces/share/horcrux_interfaces/hook/cmake_prefix_path.dsv'
[1.158s] INFO:colcon.colcon_core.shell:Creating environment hook '/home/bong/project/snake_RL/GD/horcrux_ws/install/horcrux_interfaces/share/horcrux_interfaces/hook/cmake_prefix_path.sh'
[1.158s] Level 1:colcon.colcon_core.environment:checking '/home/bong/project/snake_RL/GD/horcrux_ws/install/horcrux_interfaces/lib'
[1.158s] Level 1:colcon.colcon_core.shell:create_environment_hook('horcrux_interfaces', 'ld_library_path_lib')
[1.165s] INFO:colcon.colcon_core.shell:Creating environment hook '/home/bong/project/snake_RL/GD/horcrux_ws/install/horcrux_interfaces/share/horcrux_interfaces/hook/ld_library_path_lib.ps1'
[1.165s] INFO:colcon.colcon_core.shell:Creating environment descriptor '/home/bong/project/snake_RL/GD/horcrux_ws/install/horcrux_interfaces/share/horcrux_interfaces/hook/ld_library_path_lib.dsv'
[1.165s] INFO:colcon.colcon_core.shell:Creating environment hook '/home/bong/project/snake_RL/GD/horcrux_ws/install/horcrux_interfaces/share/horcrux_interfaces/hook/ld_library_path_lib.sh'
[1.165s] Level 1:colcon.colcon_core.environment:checking '/home/bong/project/snake_RL/GD/horcrux_ws/install/horcrux_interfaces/bin'
[1.166s] Level 1:colcon.colcon_core.environment:checking '/home/bong/project/snake_RL/GD/horcrux_ws/install/horcrux_interfaces/lib/pkgconfig/horcrux_interfaces.pc'
[1.166s] Level 1:colcon.colcon_core.environment:checking '/home/bong/project/snake_RL/GD/horcrux_ws/install/horcrux_interfaces/lib/python3.10/site-packages'
[1.166s] Level 1:colcon.colcon_core.shell:create_environment_hook('horcrux_interfaces', 'pythonpath')
[1.172s] INFO:colcon.colcon_core.shell:Creating environment hook '/home/bong/project/snake_RL/GD/horcrux_ws/install/horcrux_interfaces/share/horcrux_interfaces/hook/pythonpath.ps1'
[1.172s] INFO:colcon.colcon_core.shell:Creating environment descriptor '/home/bong/project/snake_RL/GD/horcrux_ws/install/horcrux_interfaces/share/horcrux_interfaces/hook/pythonpath.dsv'
[1.173s] INFO:colcon.colcon_core.shell:Creating environment hook '/home/bong/project/snake_RL/GD/horcrux_ws/install/horcrux_interfaces/share/horcrux_interfaces/hook/pythonpath.sh'
[1.173s] Level 1:colcon.colcon_core.environment:checking '/home/bong/project/snake_RL/GD/horcrux_ws/install/horcrux_interfaces/bin'
[1.179s] INFO:colcon.colcon_core.shell:Creating package script '/home/bong/project/snake_RL/GD/horcrux_ws/install/horcrux_interfaces/share/horcrux_interfaces/package.ps1'
[1.180s] INFO:colcon.colcon_core.shell:Creating package descriptor '/home/bong/project/snake_RL/GD/horcrux_ws/install/horcrux_interfaces/share/horcrux_interfaces/package.dsv'
[1.181s] INFO:colcon.colcon_core.shell:Creating package script '/home/bong/project/snake_RL/GD/horcrux_ws/install/horcrux_interfaces/share/horcrux_interfaces/package.sh'
[1.182s] INFO:colcon.colcon_core.shell:Creating package script '/home/bong/project/snake_RL/GD/horcrux_ws/install/horcrux_interfaces/share/horcrux_interfaces/package.bash'
[1.182s] INFO:colcon.colcon_core.shell:Creating package script '/home/bong/project/snake_RL/GD/horcrux_ws/install/horcrux_interfaces/share/horcrux_interfaces/package.zsh'
[1.183s] Level 1:colcon.colcon_core.environment:create_file_with_runtime_dependencies(/home/bong/project/snake_RL/GD/horcrux_ws/install/horcrux_interfaces/share/colcon-core/packages/horcrux_interfaces)
[1.264s] Level 1:colcon.colcon_core.environment:create_environment_scripts_only(horcrux_interfaces)
[1.275s] Level 1:colcon.colcon_core.environment:checking '/home/bong/project/snake_RL/GD/horcrux_ws/install/horcrux_interfaces' for CMake module files
[1.275s] Level 1:colcon.colcon_core.environment:checking '/home/bong/project/snake_RL/GD/horcrux_ws/install/horcrux_interfaces' for CMake config files
[1.275s] Level 1:colcon.colcon_core.shell:create_environment_hook('horcrux_interfaces', 'cmake_prefix_path')
[1.282s] INFO:colcon.colcon_core.shell:Creating environment hook '/home/bong/project/snake_RL/GD/horcrux_ws/install/horcrux_interfaces/share/horcrux_interfaces/hook/cmake_prefix_path.ps1'
[1.283s] INFO:colcon.colcon_core.shell:Creating environment descriptor '/home/bong/project/snake_RL/GD/horcrux_ws/install/horcrux_interfaces/share/horcrux_interfaces/hook/cmake_prefix_path.dsv'
[1.283s] INFO:colcon.colcon_core.shell:Creating environment hook '/home/bong/project/snake_RL/GD/horcrux_ws/install/horcrux_interfaces/share/horcrux_interfaces/hook/cmake_prefix_path.sh'
[1.283s] Level 1:colcon.colcon_core.environment:checking '/home/bong/project/snake_RL/GD/horcrux_ws/install/horcrux_interfaces/lib'
[1.283s] Level 1:colcon.colcon_core.shell:create_environment_hook('horcrux_interfaces', 'ld_library_path_lib')
[1.290s] INFO:colcon.colcon_core.shell:Creating environment hook '/home/bong/project/snake_RL/GD/horcrux_ws/install/horcrux_interfaces/share/horcrux_interfaces/hook/ld_library_path_lib.ps1'
[1.290s] INFO:colcon.colcon_core.shell:Creating environment descriptor '/home/bong/project/snake_RL/GD/horcrux_ws/install/horcrux_interfaces/share/horcrux_interfaces/hook/ld_library_path_lib.dsv'
[1.290s] INFO:colcon.colcon_core.shell:Creating environment hook '/home/bong/project/snake_RL/GD/horcrux_ws/install/horcrux_interfaces/share/horcrux_interfaces/hook/ld_library_path_lib.sh'
[1.291s] Level 1:colcon.colcon_core.environment:checking '/home/bong/project/snake_RL/GD/horcrux_ws/install/horcrux_interfaces/bin'
[1.291s] Level 1:colcon.colcon_core.environment:checking '/home/bong/project/snake_RL/GD/horcrux_ws/install/horcrux_interfaces/lib/pkgconfig/horcrux_interfaces.pc'
[1.291s] Level 1:colcon.colcon_core.environment:checking '/home/bong/project/snake_RL/GD/horcrux_ws/install/horcrux_interfaces/lib/python3.10/site-packages'
[1.291s] Level 1:colcon.colcon_core.shell:create_environment_hook('horcrux_interfaces', 'pythonpath')
[1.297s] INFO:colcon.colcon_core.shell:Creating environment hook '/home/bong/project/snake_RL/GD/horcrux_ws/install/horcrux_interfaces/share/horcrux_interfaces/hook/pythonpath.ps1'
[1.298s] INFO:colcon.colcon_core.shell:Creating environment descriptor '/home/bong/project/snake_RL/GD/horcrux_ws/install/horcrux_interfaces/share/horcrux_interfaces/hook/pythonpath.dsv'
[1.298s] INFO:colcon.colcon_core.shell:Creating environment hook '/home/bong/project/snake_RL/GD/horcrux_ws/install/horcrux_interfaces/share/horcrux_interfaces/hook/pythonpath.sh'
[1.298s] Level 1:colcon.colcon_core.environment:checking '/home/bong/project/snake_RL/GD/horcrux_ws/install/horcrux_interfaces/bin'
[1.304s] INFO:colcon.colcon_core.shell:Creating package script '/home/bong/project/snake_RL/GD/horcrux_ws/install/horcrux_interfaces/share/horcrux_interfaces/package.ps1'
[1.305s] INFO:colcon.colcon_core.shell:Creating package descriptor '/home/bong/project/snake_RL/GD/horcrux_ws/install/horcrux_interfaces/share/horcrux_interfaces/package.dsv'
[1.305s] INFO:colcon.colcon_core.shell:Creating package script '/home/bong/project/snake_RL/GD/horcrux_ws/install/horcrux_interfaces/share/horcrux_interfaces/package.sh'
[1.305s] INFO:colcon.colcon_core.shell:Creating package script '/home/bong/project/snake_RL/GD/horcrux_ws/install/horcrux_interfaces/share/horcrux_interfaces/package.bash'
[1.305s] INFO:colcon.colcon_core.shell:Creating package script '/home/bong/project/snake_RL/GD/horcrux_ws/install/horcrux_interfaces/share/horcrux_interfaces/package.zsh'
[1.305s] Level 1:colcon.colcon_core.environment:create_file_with_runtime_dependencies(/home/bong/project/snake_RL/GD/horcrux_ws/install/horcrux_interfaces/share/colcon-core/packages/horcrux_interfaces)
[1.305s] INFO:colcon.colcon_ros.task.ament_python.build:Building ROS package in '/home/bong/project/snake_RL/GD/horcrux_ws/src/horcrux_msg' with build type 'ament_python'
[1.306s] Level 1:colcon.colcon_core.shell:create_environment_hook('horcrux_msg', 'ament_prefix_path')
[1.312s] INFO:colcon.colcon_core.shell:Creating environment hook '/home/bong/project/snake_RL/GD/horcrux_ws/install/horcrux_msg/share/horcrux_msg/hook/ament_prefix_path.ps1'
[1.313s] INFO:colcon.colcon_core.shell:Creating environment descriptor '/home/bong/project/snake_RL/GD/horcrux_ws/install/horcrux_msg/share/horcrux_msg/hook/ament_prefix_path.dsv'
[1.313s] INFO:colcon.colcon_core.shell:Creating environment hook '/home/bong/project/snake_RL/GD/horcrux_ws/install/horcrux_msg/share/horcrux_msg/hook/ament_prefix_path.sh'
[1.319s] INFO:colcon.colcon_core.shell:Skip shell extension 'powershell' for command environment: Not usable outside of PowerShell
[1.319s] DEBUG:colcon.colcon_core.shell:Skip shell extension 'dsv' for command environment
[1.341s] INFO:colcon.colcon_ros.task.ament_python.build:Building ROS package in '/home/bong/project/snake_RL/GD/horcrux_ws/src/horcrux_state' with build type 'ament_python'
[1.341s] Level 1:colcon.colcon_core.shell:create_environment_hook('horcrux_state', 'ament_prefix_path')
[1.348s] INFO:colcon.colcon_core.shell:Creating environment hook '/home/bong/project/snake_RL/GD/horcrux_ws/install/horcrux_state/share/horcrux_state/hook/ament_prefix_path.ps1'
[1.348s] INFO:colcon.colcon_core.shell:Creating environment descriptor '/home/bong/project/snake_RL/GD/horcrux_ws/install/horcrux_state/share/horcrux_state/hook/ament_prefix_path.dsv'
[1.348s] INFO:colcon.colcon_core.shell:Creating environment hook '/home/bong/project/snake_RL/GD/horcrux_ws/install/horcrux_state/share/horcrux_state/hook/ament_prefix_path.sh'
[1.355s] INFO:colcon.colcon_core.shell:Skip shell extension 'powershell' for command environment: Not usable outside of PowerShell
[1.355s] DEBUG:colcon.colcon_core.shell:Skip shell extension 'dsv' for command environment
[1.377s] DEBUG:colcon.colcon_core.event_handler.log_command:Invoked command in '/home/bong/project/snake_RL/GD/horcrux_ws/src/handsfree_imu' returned '0': PYTHONPATH=/home/bong/project/snake_RL/GD/horcrux_ws/build/handsfree_imu/prefix_override:/home/bong/project/snake_RL/GD/horcrux_ws/install/handsfree_imu/lib/python3.10/site-packages:${PYTHONPATH} /usr/bin/python3 setup.py egg_info --egg-base ../../build/handsfree_imu build --build-base /home/bong/project/snake_RL/GD/horcrux_ws/build/handsfree_imu/build install --record /home/bong/project/snake_RL/GD/horcrux_ws/build/handsfree_imu/install.log --single-version-externally-managed
[1.384s] Level 1:colcon.colcon_core.environment:checking '/home/bong/project/snake_RL/GD/horcrux_ws/install/handsfree_imu' for CMake module files
[1.384s] Level 1:colcon.colcon_core.environment:checking '/home/bong/project/snake_RL/GD/horcrux_ws/install/handsfree_imu' for CMake config files
[1.385s] Level 1:colcon.colcon_core.environment:checking '/home/bong/project/snake_RL/GD/horcrux_ws/install/handsfree_imu/lib'
[1.385s] Level 1:colcon.colcon_core.environment:checking '/home/bong/project/snake_RL/GD/horcrux_ws/install/handsfree_imu/bin'
[1.385s] Level 1:colcon.colcon_core.environment:checking '/home/bong/project/snake_RL/GD/horcrux_ws/install/handsfree_imu/lib/pkgconfig/handsfree_imu.pc'
[1.385s] Level 1:colcon.colcon_core.environment:checking '/home/bong/project/snake_RL/GD/horcrux_ws/install/handsfree_imu/lib/python3.10/site-packages'
[1.385s] Level 1:colcon.colcon_core.shell:create_environment_hook('handsfree_imu', 'pythonpath')
[1.391s] INFO:colcon.colcon_core.shell:Creating environment hook '/home/bong/project/snake_RL/GD/horcrux_ws/install/handsfree_imu/share/handsfree_imu/hook/pythonpath.ps1'
[1.391s] INFO:colcon.colcon_core.shell:Creating environment descriptor '/home/bong/project/snake_RL/GD/horcrux_ws/install/handsfree_imu/share/handsfree_imu/hook/pythonpath.dsv'
[1.392s] INFO:colcon.colcon_core.shell:Creating environment hook '/home/bong/project/snake_RL/GD/horcrux_ws/install/handsfree_imu/share/handsfree_imu/hook/pythonpath.sh'
[1.392s] Level 1:colcon.colcon_core.environment:checking '/home/bong/project/snake_RL/GD/horcrux_ws/install/handsfree_imu/bin'
[1.392s] Level 1:colcon.colcon_core.environment:create_environment_scripts_only(handsfree_imu)
[1.398s] INFO:colcon.colcon_core.shell:Creating package script '/home/bong/project/snake_RL/GD/horcrux_ws/install/handsfree_imu/share/handsfree_imu/package.ps1'
[1.398s] INFO:colcon.colcon_core.shell:Creating package descriptor '/home/bong/project/snake_RL/GD/horcrux_ws/install/handsfree_imu/share/handsfree_imu/package.dsv'
[1.399s] INFO:colcon.colcon_core.shell:Creating package script '/home/bong/project/snake_RL/GD/horcrux_ws/install/handsfree_imu/share/handsfree_imu/package.sh'
[1.399s] INFO:colcon.colcon_core.shell:Creating package script '/home/bong/project/snake_RL/GD/horcrux_ws/install/handsfree_imu/share/handsfree_imu/package.bash'
[1.399s] INFO:colcon.colcon_core.shell:Creating package script '/home/bong/project/snake_RL/GD/horcrux_ws/install/handsfree_imu/share/handsfree_imu/package.zsh'
[1.399s] Level 1:colcon.colcon_core.environment:create_file_with_runtime_dependencies(/home/bong/project/snake_RL/GD/horcrux_ws/install/handsfree_imu/share/colcon-core/packages/handsfree_imu)
[1.524s] INFO:colcon.colcon_core.task.python.build:Building Python package in '/home/bong/project/snake_RL/GD/horcrux_ws/src/horcrux_msg'
[1.531s] INFO:colcon.colcon_core.shell:Skip shell extension 'powershell' for command environment: Not usable outside of PowerShell
[1.531s] DEBUG:colcon.colcon_core.shell:Skip shell extension 'dsv' for command environment
[1.679s] INFO:colcon.colcon_core.task.python.build:Building Python package in '/home/bong/project/snake_RL/GD/horcrux_ws/src/horcrux_state'
[1.686s] INFO:colcon.colcon_core.shell:Skip shell extension 'powershell' for command environment: Not usable outside of PowerShell
[1.686s] DEBUG:colcon.colcon_core.shell:Skip shell extension 'dsv' for command environment
[1.901s] DEBUG:colcon.colcon_core.event_handler.log_command:Invoking command in '/home/bong/project/snake_RL/GD/horcrux_ws/src/horcrux_msg': PYTHONPATH=/home/bong/project/snake_RL/GD/horcrux_ws/build/horcrux_msg/prefix_override:/home/bong/project/snake_RL/GD/horcrux_ws/install/horcrux_msg/lib/python3.10/site-packages:/home/bong/project/snake_RL/GD/horcrux_ws/install/horcrux_interfaces/lib/python3.10/site-packages:/home/bong/project/snake_RL/GD/horcrux_ws/install/horcrux_state/lib/python3.10/site-packages:/home/bong/project/snake_RL/GD/horcrux_ws/install/horcrux_msg/lib/python3.10/site-packages:/home/bong/project/snake_RL/GD/horcrux_ws/install/handsfree_imu/lib/python3.10/site-packages:/opt/ros/iron/lib/python3.10/site-packages /usr/bin/python3 setup.py egg_info --egg-base ../../build/horcrux_msg build --build-base /home/bong/project/snake_RL/GD/horcrux_ws/build/horcrux_msg/build install --record /home/bong/project/snake_RL/GD/horcrux_ws/build/horcrux_msg/install.log --single-version-externally-managed
[1.906s] DEBUG:colcon.colcon_core.event_handler.log_command:Invoking command in '/home/bong/project/snake_RL/GD/horcrux_ws/src/horcrux_state': PYTHONPATH=/home/bong/project/snake_RL/GD/horcrux_ws/build/horcrux_state/prefix_override:/home/bong/project/snake_RL/GD/horcrux_ws/install/horcrux_state/lib/python3.10/site-packages:/home/bong/project/snake_RL/GD/horcrux_ws/install/horcrux_interfaces/lib/python3.10/site-packages:/home/bong/project/snake_RL/GD/horcrux_ws/install/horcrux_state/lib/python3.10/site-packages:/home/bong/project/snake_RL/GD/horcrux_ws/install/horcrux_msg/lib/python3.10/site-packages:/home/bong/project/snake_RL/GD/horcrux_ws/install/handsfree_imu/lib/python3.10/site-packages:/opt/ros/iron/lib/python3.10/site-packages /usr/bin/python3 setup.py egg_info --egg-base ../../build/horcrux_state build --build-base /home/bong/project/snake_RL/GD/horcrux_ws/build/horcrux_state/build install --record /home/bong/project/snake_RL/GD/horcrux_ws/build/horcrux_state/install.log --single-version-externally-managed
[2.066s] DEBUG:colcon.colcon_core.event_handler.log_command:Invoked command in '/home/bong/project/snake_RL/GD/horcrux_ws/src/horcrux_msg' returned '0': PYTHONPATH=/home/bong/project/snake_RL/GD/horcrux_ws/build/horcrux_msg/prefix_override:/home/bong/project/snake_RL/GD/horcrux_ws/install/horcrux_msg/lib/python3.10/site-packages:/home/bong/project/snake_RL/GD/horcrux_ws/install/horcrux_interfaces/lib/python3.10/site-packages:/home/bong/project/snake_RL/GD/horcrux_ws/install/horcrux_state/lib/python3.10/site-packages:/home/bong/project/snake_RL/GD/horcrux_ws/install/horcrux_msg/lib/python3.10/site-packages:/home/bong/project/snake_RL/GD/horcrux_ws/install/handsfree_imu/lib/python3.10/site-packages:/opt/ros/iron/lib/python3.10/site-packages /usr/bin/python3 setup.py egg_info --egg-base ../../build/horcrux_msg build --build-base /home/bong/project/snake_RL/GD/horcrux_ws/build/horcrux_msg/build install --record /home/bong/project/snake_RL/GD/horcrux_ws/build/horcrux_msg/install.log --single-version-externally-managed
[2.079s] Level 1:colcon.colcon_core.environment:checking '/home/bong/project/snake_RL/GD/horcrux_ws/install/horcrux_msg' for CMake module files
[2.079s] Level 1:colcon.colcon_core.environment:checking '/home/bong/project/snake_RL/GD/horcrux_ws/install/horcrux_msg' for CMake config files
[2.080s] Level 1:colcon.colcon_core.environment:checking '/home/bong/project/snake_RL/GD/horcrux_ws/install/horcrux_msg/lib'
[2.080s] Level 1:colcon.colcon_core.environment:checking '/home/bong/project/snake_RL/GD/horcrux_ws/install/horcrux_msg/bin'
[2.080s] Level 1:colcon.colcon_core.environment:checking '/home/bong/project/snake_RL/GD/horcrux_ws/install/horcrux_msg/lib/pkgconfig/horcrux_msg.pc'
[2.080s] Level 1:colcon.colcon_core.environment:checking '/home/bong/project/snake_RL/GD/horcrux_ws/install/horcrux_msg/lib/python3.10/site-packages'
[2.080s] Level 1:colcon.colcon_core.shell:create_environment_hook('horcrux_msg', 'pythonpath')
[2.087s] INFO:colcon.colcon_core.shell:Creating environment hook '/home/bong/project/snake_RL/GD/horcrux_ws/install/horcrux_msg/share/horcrux_msg/hook/pythonpath.ps1'
[2.087s] INFO:colcon.colcon_core.shell:Creating environment descriptor '/home/bong/project/snake_RL/GD/horcrux_ws/install/horcrux_msg/share/horcrux_msg/hook/pythonpath.dsv'
[2.087s] INFO:colcon.colcon_core.shell:Creating environment hook '/home/bong/project/snake_RL/GD/horcrux_ws/install/horcrux_msg/share/horcrux_msg/hook/pythonpath.sh'
[2.088s] Level 1:colcon.colcon_core.environment:checking '/home/bong/project/snake_RL/GD/horcrux_ws/install/horcrux_msg/bin'
[2.088s] Level 1:colcon.colcon_core.environment:create_environment_scripts_only(horcrux_msg)
[2.094s] INFO:colcon.colcon_core.shell:Creating package script '/home/bong/project/snake_RL/GD/horcrux_ws/install/horcrux_msg/share/horcrux_msg/package.ps1'
[2.095s] INFO:colcon.colcon_core.shell:Creating package descriptor '/home/bong/project/snake_RL/GD/horcrux_ws/install/horcrux_msg/share/horcrux_msg/package.dsv'
[2.095s] INFO:colcon.colcon_core.shell:Creating package script '/home/bong/project/snake_RL/GD/horcrux_ws/install/horcrux_msg/share/horcrux_msg/package.sh'
[2.095s] INFO:colcon.colcon_core.shell:Creating package script '/home/bong/project/snake_RL/GD/horcrux_ws/install/horcrux_msg/share/horcrux_msg/package.bash'
[2.095s] INFO:colcon.colcon_core.shell:Creating package script '/home/bong/project/snake_RL/GD/horcrux_ws/install/horcrux_msg/share/horcrux_msg/package.zsh'
[2.095s] Level 1:colcon.colcon_core.environment:create_file_with_runtime_dependencies(/home/bong/project/snake_RL/GD/horcrux_ws/install/horcrux_msg/share/colcon-core/packages/horcrux_msg)
[2.097s] DEBUG:colcon.colcon_core.event_handler.log_command:Invoked command in '/home/bong/project/snake_RL/GD/horcrux_ws/src/horcrux_state' returned '0': PYTHONPATH=/home/bong/project/snake_RL/GD/horcrux_ws/build/horcrux_state/prefix_override:/home/bong/project/snake_RL/GD/horcrux_ws/install/horcrux_state/lib/python3.10/site-packages:/home/bong/project/snake_RL/GD/horcrux_ws/install/horcrux_interfaces/lib/python3.10/site-packages:/home/bong/project/snake_RL/GD/horcrux_ws/install/horcrux_state/lib/python3.10/site-packages:/home/bong/project/snake_RL/GD/horcrux_ws/install/horcrux_msg/lib/python3.10/site-packages:/home/bong/project/snake_RL/GD/horcrux_ws/install/handsfree_imu/lib/python3.10/site-packages:/opt/ros/iron/lib/python3.10/site-packages /usr/bin/python3 setup.py egg_info --egg-base ../../build/horcrux_state build --build-base /home/bong/project/snake_RL/GD/horcrux_ws/build/horcrux_state/build install --record /home/bong/project/snake_RL/GD/horcrux_ws/build/horcrux_state/install.log --single-version-externally-managed
[2.105s] Level 1:colcon.colcon_core.environment:checking '/home/bong/project/snake_RL/GD/horcrux_ws/install/horcrux_state' for CMake module files
[2.105s] Level 1:colcon.colcon_core.environment:checking '/home/bong/project/snake_RL/GD/horcrux_ws/install/horcrux_state' for CMake config files
[2.106s] Level 1:colcon.colcon_core.environment:checking '/home/bong/project/snake_RL/GD/horcrux_ws/install/horcrux_state/lib'
[2.106s] Level 1:colcon.colcon_core.environment:checking '/home/bong/project/snake_RL/GD/horcrux_ws/install/horcrux_state/bin'
[2.106s] Level 1:colcon.colcon_core.environment:checking '/home/bong/project/snake_RL/GD/horcrux_ws/install/horcrux_state/lib/pkgconfig/horcrux_state.pc'
[2.106s] Level 1:colcon.colcon_core.environment:checking '/home/bong/project/snake_RL/GD/horcrux_ws/install/horcrux_state/lib/python3.10/site-packages'
[2.106s] Level 1:colcon.colcon_core.shell:create_environment_hook('horcrux_state', 'pythonpath')
[2.113s] INFO:colcon.colcon_core.shell:Creating environment hook '/home/bong/project/snake_RL/GD/horcrux_ws/install/horcrux_state/share/horcrux_state/hook/pythonpath.ps1'
[2.113s] INFO:colcon.colcon_core.shell:Creating environment descriptor '/home/bong/project/snake_RL/GD/horcrux_ws/install/horcrux_state/share/horcrux_state/hook/pythonpath.dsv'
[2.114s] INFO:colcon.colcon_core.shell:Creating environment hook '/home/bong/project/snake_RL/GD/horcrux_ws/install/horcrux_state/share/horcrux_state/hook/pythonpath.sh'
[2.114s] Level 1:colcon.colcon_core.environment:checking '/home/bong/project/snake_RL/GD/horcrux_ws/install/horcrux_state/bin'
[2.114s] Level 1:colcon.colcon_core.environment:create_environment_scripts_only(horcrux_state)
[2.121s] INFO:colcon.colcon_core.shell:Creating package script '/home/bong/project/snake_RL/GD/horcrux_ws/install/horcrux_state/share/horcrux_state/package.ps1'
[2.121s] INFO:colcon.colcon_core.shell:Creating package descriptor '/home/bong/project/snake_RL/GD/horcrux_ws/install/horcrux_state/share/horcrux_state/package.dsv'
[2.121s] INFO:colcon.colcon_core.shell:Creating package script '/home/bong/project/snake_RL/GD/horcrux_ws/install/horcrux_state/share/horcrux_state/package.sh'
[2.122s] INFO:colcon.colcon_core.shell:Creating package script '/home/bong/project/snake_RL/GD/horcrux_ws/install/horcrux_state/share/horcrux_state/package.bash'
[2.122s] INFO:colcon.colcon_core.shell:Creating package script '/home/bong/project/snake_RL/GD/horcrux_ws/install/horcrux_state/share/horcrux_state/package.zsh'
[2.122s] Level 1:colcon.colcon_core.environment:create_file_with_runtime_dependencies(/home/bong/project/snake_RL/GD/horcrux_ws/install/horcrux_state/share/colcon-core/packages/horcrux_state)
[2.122s] DEBUG:colcon.colcon_parallel_executor.executor.parallel:closing loop
[2.122s] DEBUG:colcon.colcon_parallel_executor.executor.parallel:loop closed
[2.122s] DEBUG:colcon.colcon_parallel_executor.executor.parallel:run_until_complete finished with '0'
[2.122s] DEBUG:colcon.colcon_core.event_reactor:joining thread
[2.136s] INFO:colcon.colcon_core.plugin_system:Skipping extension 'colcon_notification.desktop_notification.terminal_notifier': Not used on non-Darwin systems
[2.136s] INFO:colcon.colcon_core.plugin_system:Skipping extension 'colcon_notification.desktop_notification.win32': Not used on non-Windows systems
[2.136s] INFO:colcon.colcon_notification.desktop_notification:Sending desktop notification using 'notify2'
[2.145s] DEBUG:colcon.colcon_core.event_reactor:joined thread
[2.152s] INFO:colcon.colcon_core.shell:Creating prefix script '/home/bong/project/snake_RL/GD/horcrux_ws/install/local_setup.ps1'
[2.154s] INFO:colcon.colcon_core.shell:Creating prefix util module '/home/bong/project/snake_RL/GD/horcrux_ws/install/_local_setup_util_ps1.py'
[2.155s] INFO:colcon.colcon_core.shell:Creating prefix chain script '/home/bong/project/snake_RL/GD/horcrux_ws/install/setup.ps1'
[2.163s] INFO:colcon.colcon_core.shell:Creating prefix script '/home/bong/project/snake_RL/GD/horcrux_ws/install/local_setup.sh'
[2.164s] INFO:colcon.colcon_core.shell:Creating prefix util module '/home/bong/project/snake_RL/GD/horcrux_ws/install/_local_setup_util_sh.py'
[2.164s] INFO:colcon.colcon_core.shell:Creating prefix chain script '/home/bong/project/snake_RL/GD/horcrux_ws/install/setup.sh'
[2.171s] INFO:colcon.colcon_core.shell:Creating prefix script '/home/bong/project/snake_RL/GD/horcrux_ws/install/local_setup.bash'
[2.172s] INFO:colcon.colcon_core.shell:Creating prefix chain script '/home/bong/project/snake_RL/GD/horcrux_ws/install/setup.bash'
[2.179s] INFO:colcon.colcon_core.shell:Creating prefix script '/home/bong/project/snake_RL/GD/horcrux_ws/install/local_setup.zsh'
[2.179s] INFO:colcon.colcon_core.shell:Creating prefix chain script '/home/bong/project/snake_RL/GD/horcrux_ws/install/setup.zsh'
