[0.442s] DEBUG:colcon:Command line arguments: ['/usr/bin/colcon', 'build']
[0.442s] DEBUG:colcon:Parsed command line arguments: Namespace(log_base=None, log_level=None, verb_name='build', build_base='build', install_base='install', merge_install=False, symlink_install=False, test_result_base=None, continue_on_error=False, executor='parallel', parallel_workers=4, event_handlers=None, ignore_user_meta=False, metas=['./colcon.meta'], base_paths=['.'], packages_ignore=None, packages_ignore_regex=None, paths=None, packages_up_to=None, packages_up_to_regex=None, packages_above=None, packages_above_and_dependencies=None, packages_above_depth=None, packages_select_by_dep=None, packages_skip_by_dep=None, packages_skip_up_to=None, packages_select_build_failed=False, packages_skip_build_finished=False, packages_select_test_failures=False, packages_skip_test_passed=False, packages_select=None, packages_skip=None, packages_select_regex=None, packages_skip_regex=None, packages_start=None, packages_end=None, allow_overriding=[], cmake_args=None, cmake_target=None, cmake_target_skip_unavailable=False, cmake_clean_cache=False, cmake_clean_first=False, cmake_force_configure=False, ament_cmake_args=None, catkin_cmake_args=None, catkin_skip_building_tests=False, verb_parser=<colcon_defaults.argument_parser.defaults.DefaultArgumentsDecorator object at 0xffff871a6fe0>, verb_extension=<colcon_core.verb.build.BuildVerb object at 0xffff871a4fa0>, main=<bound method BuildVerb.main of <colcon_core.verb.build.BuildVerb object at 0xffff871a4fa0>>)
[0.463s] Level 1:colcon.colcon_core.package_discovery:discover_packages(colcon_meta) check parameters
[0.463s] Level 1:colcon.colcon_core.package_discovery:discover_packages(recursive) check parameters
[0.463s] Level 1:colcon.colcon_core.package_discovery:discover_packages(ignore) check parameters
[0.463s] Level 1:colcon.colcon_core.package_discovery:discover_packages(path) check parameters
[0.463s] Level 1:colcon.colcon_core.package_discovery:discover_packages(colcon_meta) discover
[0.463s] Level 1:colcon.colcon_core.package_discovery:discover_packages(recursive) discover
[0.463s] INFO:colcon.colcon_core.package_discovery:Crawling recursively for packages in '/home/bong/project/snake_RL/GD/horcrux_ws'
[0.463s] Level 1:colcon.colcon_core.package_identification:_identify(.) by extensions ['ignore', 'ignore_ament_install']
[0.463s] Level 1:colcon.colcon_core.package_identification:_identify(.) by extension 'ignore'
[0.463s] Level 1:colcon.colcon_core.package_identification:_identify(.) by extension 'ignore_ament_install'
[0.463s] Level 1:colcon.colcon_core.package_identification:_identify(.) by extensions ['colcon_pkg']
[0.463s] Level 1:colcon.colcon_core.package_identification:_identify(.) by extension 'colcon_pkg'
[0.463s] Level 1:colcon.colcon_core.package_identification:_identify(.) by extensions ['colcon_meta']
[0.463s] Level 1:colcon.colcon_core.package_identification:_identify(.) by extension 'colcon_meta'
[0.463s] Level 1:colcon.colcon_core.package_identification:_identify(.) by extensions ['ros']
[0.463s] Level 1:colcon.colcon_core.package_identification:_identify(.) by extension 'ros'
[0.469s] Level 1:colcon.colcon_core.package_identification:_identify(.) by extensions ['cmake', 'python']
[0.469s] Level 1:colcon.colcon_core.package_identification:_identify(.) by extension 'cmake'
[0.469s] Level 1:colcon.colcon_core.package_identification:_identify(.) by extension 'python'
[0.469s] Level 1:colcon.colcon_core.package_identification:_identify(.) by extensions ['python_setup_py']
[0.469s] Level 1:colcon.colcon_core.package_identification:_identify(.) by extension 'python_setup_py'
[0.469s] Level 1:colcon.colcon_core.package_identification:_identify(build) by extensions ['ignore', 'ignore_ament_install']
[0.469s] Level 1:colcon.colcon_core.package_identification:_identify(build) by extension 'ignore'
[0.469s] Level 1:colcon.colcon_core.package_identification:_identify(build) ignored
[0.469s] Level 1:colcon.colcon_core.package_identification:_identify(install) by extensions ['ignore', 'ignore_ament_install']
[0.469s] Level 1:colcon.colcon_core.package_identification:_identify(install) by extension 'ignore'
[0.469s] Level 1:colcon.colcon_core.package_identification:_identify(install) ignored
[0.469s] Level 1:colcon.colcon_core.package_identification:_identify(log) by extensions ['ignore', 'ignore_ament_install']
[0.469s] Level 1:colcon.colcon_core.package_identification:_identify(log) by extension 'ignore'
[0.469s] Level 1:colcon.colcon_core.package_identification:_identify(log) ignored
[0.469s] Level 1:colcon.colcon_core.package_identification:_identify(src) by extensions ['ignore', 'ignore_ament_install']
[0.469s] Level 1:colcon.colcon_core.package_identification:_identify(src) by extension 'ignore'
[0.469s] Level 1:colcon.colcon_core.package_identification:_identify(src) by extension 'ignore_ament_install'
[0.469s] Level 1:colcon.colcon_core.package_identification:_identify(src) by extensions ['colcon_pkg']
[0.469s] Level 1:colcon.colcon_core.package_identification:_identify(src) by extension 'colcon_pkg'
[0.469s] Level 1:colcon.colcon_core.package_identification:_identify(src) by extensions ['colcon_meta']
[0.469s] Level 1:colcon.colcon_core.package_identification:_identify(src) by extension 'colcon_meta'
[0.469s] Level 1:colcon.colcon_core.package_identification:_identify(src) by extensions ['ros']
[0.469s] Level 1:colcon.colcon_core.package_identification:_identify(src) by extension 'ros'
[0.469s] Level 1:colcon.colcon_core.package_identification:_identify(src) by extensions ['cmake', 'python']
[0.469s] Level 1:colcon.colcon_core.package_identification:_identify(src) by extension 'cmake'
[0.469s] Level 1:colcon.colcon_core.package_identification:_identify(src) by extension 'python'
[0.469s] Level 1:colcon.colcon_core.package_identification:_identify(src) by extensions ['python_setup_py']
[0.470s] Level 1:colcon.colcon_core.package_identification:_identify(src) by extension 'python_setup_py'
[0.470s] Level 1:colcon.colcon_core.package_identification:_identify(src/handsfree_imu) by extensions ['ignore', 'ignore_ament_install']
[0.470s] Level 1:colcon.colcon_core.package_identification:_identify(src/handsfree_imu) by extension 'ignore'
[0.470s] Level 1:colcon.colcon_core.package_identification:_identify(src/handsfree_imu) by extension 'ignore_ament_install'
[0.470s] Level 1:colcon.colcon_core.package_identification:_identify(src/handsfree_imu) by extensions ['colcon_pkg']
[0.470s] Level 1:colcon.colcon_core.package_identification:_identify(src/handsfree_imu) by extension 'colcon_pkg'
[0.470s] Level 1:colcon.colcon_core.package_identification:_identify(src/handsfree_imu) by extensions ['colcon_meta']
[0.470s] Level 1:colcon.colcon_core.package_identification:_identify(src/handsfree_imu) by extension 'colcon_meta'
[0.470s] Level 1:colcon.colcon_core.package_identification:_identify(src/handsfree_imu) by extensions ['ros']
[0.470s] Level 1:colcon.colcon_core.package_identification:_identify(src/handsfree_imu) by extension 'ros'
[0.471s] DEBUG:colcon.colcon_core.package_identification:Package 'src/handsfree_imu' with type 'ros.ament_python' and name 'handsfree_imu'
[0.471s] Level 1:colcon.colcon_core.package_identification:_identify(src/horcrux_interfaces) by extensions ['ignore', 'ignore_ament_install']
[0.471s] Level 1:colcon.colcon_core.package_identification:_identify(src/horcrux_interfaces) by extension 'ignore'
[0.471s] Level 1:colcon.colcon_core.package_identification:_identify(src/horcrux_interfaces) by extension 'ignore_ament_install'
[0.471s] Level 1:colcon.colcon_core.package_identification:_identify(src/horcrux_interfaces) by extensions ['colcon_pkg']
[0.471s] Level 1:colcon.colcon_core.package_identification:_identify(src/horcrux_interfaces) by extension 'colcon_pkg'
[0.471s] Level 1:colcon.colcon_core.package_identification:_identify(src/horcrux_interfaces) by extensions ['colcon_meta']
[0.471s] Level 1:colcon.colcon_core.package_identification:_identify(src/horcrux_interfaces) by extension 'colcon_meta'
[0.471s] Level 1:colcon.colcon_core.package_identification:_identify(src/horcrux_interfaces) by extensions ['ros']
[0.471s] Level 1:colcon.colcon_core.package_identification:_identify(src/horcrux_interfaces) by extension 'ros'
[0.471s] DEBUG:colcon.colcon_core.package_identification:Package 'src/horcrux_interfaces' with type 'ros.ament_cmake' and name 'horcrux_interfaces'
[0.472s] Level 1:colcon.colcon_core.package_identification:_identify(src/horcrux_msg) by extensions ['ignore', 'ignore_ament_install']
[0.472s] Level 1:colcon.colcon_core.package_identification:_identify(src/horcrux_msg) by extension 'ignore'
[0.472s] Level 1:colcon.colcon_core.package_identification:_identify(src/horcrux_msg) by extension 'ignore_ament_install'
[0.472s] Level 1:colcon.colcon_core.package_identification:_identify(src/horcrux_msg) by extensions ['colcon_pkg']
[0.472s] Level 1:colcon.colcon_core.package_identification:_identify(src/horcrux_msg) by extension 'colcon_pkg'
[0.472s] Level 1:colcon.colcon_core.package_identification:_identify(src/horcrux_msg) by extensions ['colcon_meta']
[0.472s] Level 1:colcon.colcon_core.package_identification:_identify(src/horcrux_msg) by extension 'colcon_meta'
[0.472s] Level 1:colcon.colcon_core.package_identification:_identify(src/horcrux_msg) by extensions ['ros']
[0.472s] Level 1:colcon.colcon_core.package_identification:_identify(src/horcrux_msg) by extension 'ros'
[0.472s] DEBUG:colcon.colcon_core.package_identification:Package 'src/horcrux_msg' with type 'ros.ament_python' and name 'horcrux_msg'
[0.472s] Level 1:colcon.colcon_core.package_identification:_identify(src/horcrux_state) by extensions ['ignore', 'ignore_ament_install']
[0.472s] Level 1:colcon.colcon_core.package_identification:_identify(src/horcrux_state) by extension 'ignore'
[0.472s] Level 1:colcon.colcon_core.package_identification:_identify(src/horcrux_state) by extension 'ignore_ament_install'
[0.472s] Level 1:colcon.colcon_core.package_identification:_identify(src/horcrux_state) by extensions ['colcon_pkg']
[0.472s] Level 1:colcon.colcon_core.package_identification:_identify(src/horcrux_state) by extension 'colcon_pkg'
[0.472s] Level 1:colcon.colcon_core.package_identification:_identify(src/horcrux_state) by extensions ['colcon_meta']
[0.472s] Level 1:colcon.colcon_core.package_identification:_identify(src/horcrux_state) by extension 'colcon_meta'
[0.472s] Level 1:colcon.colcon_core.package_identification:_identify(src/horcrux_state) by extensions ['ros']
[0.472s] Level 1:colcon.colcon_core.package_identification:_identify(src/horcrux_state) by extension 'ros'
[0.472s] DEBUG:colcon.colcon_core.package_identification:Package 'src/horcrux_state' with type 'ros.ament_python' and name 'horcrux_state'
[0.472s] Level 1:colcon.colcon_core.package_discovery:discover_packages(recursive) using defaults
[0.472s] Level 1:colcon.colcon_core.package_discovery:discover_packages(ignore) discover
[0.472s] Level 1:colcon.colcon_core.package_discovery:discover_packages(ignore) using defaults
[0.473s] Level 1:colcon.colcon_core.package_discovery:discover_packages(path) discover
[0.473s] Level 1:colcon.colcon_core.package_discovery:discover_packages(path) using defaults
[0.513s] Level 1:colcon.colcon_core.package_discovery:discover_packages(prefix_path) check parameters
[0.513s] Level 1:colcon.colcon_core.package_discovery:discover_packages(prefix_path) discover
[0.526s] DEBUG:colcon.colcon_installed_package_information.package_discovery:Found 5 installed packages in /home/bong/project/snake_RL/GD/horcrux_ws/install
[0.533s] DEBUG:colcon.colcon_installed_package_information.package_discovery:Found 339 installed packages in /opt/ros/iron
[0.534s] Level 1:colcon.colcon_core.package_discovery:discover_packages(prefix_path) using defaults
[0.581s] Level 5:colcon.colcon_core.verb:set package 'handsfree_imu' build argument 'cmake_args' from command line to 'None'
[0.581s] Level 5:colcon.colcon_core.verb:set package 'handsfree_imu' build argument 'cmake_target' from command line to 'None'
[0.581s] Level 5:colcon.colcon_core.verb:set package 'handsfree_imu' build argument 'cmake_target_skip_unavailable' from command line to 'False'
[0.581s] Level 5:colcon.colcon_core.verb:set package 'handsfree_imu' build argument 'cmake_clean_cache' from command line to 'False'
[0.581s] Level 5:colcon.colcon_core.verb:set package 'handsfree_imu' build argument 'cmake_clean_first' from command line to 'False'
[0.581s] Level 5:colcon.colcon_core.verb:set package 'handsfree_imu' build argument 'cmake_force_configure' from command line to 'False'
[0.581s] Level 5:colcon.colcon_core.verb:set package 'handsfree_imu' build argument 'ament_cmake_args' from command line to 'None'
[0.581s] Level 5:colcon.colcon_core.verb:set package 'handsfree_imu' build argument 'catkin_cmake_args' from command line to 'None'
[0.581s] Level 5:colcon.colcon_core.verb:set package 'handsfree_imu' build argument 'catkin_skip_building_tests' from command line to 'False'
[0.581s] DEBUG:colcon.colcon_core.verb:Building package 'handsfree_imu' with the following arguments: {'ament_cmake_args': None, 'build_base': '/home/bong/project/snake_RL/GD/horcrux_ws/build/handsfree_imu', 'catkin_cmake_args': None, 'catkin_skip_building_tests': False, 'cmake_args': None, 'cmake_clean_cache': False, 'cmake_clean_first': False, 'cmake_force_configure': False, 'cmake_target': None, 'cmake_target_skip_unavailable': False, 'install_base': '/home/bong/project/snake_RL/GD/horcrux_ws/install/handsfree_imu', 'merge_install': False, 'path': '/home/bong/project/snake_RL/GD/horcrux_ws/src/handsfree_imu', 'symlink_install': False, 'test_result_base': None}
[0.587s] Level 5:colcon.colcon_core.verb:set package 'horcrux_interfaces' build argument 'cmake_args' from command line to 'None'
[0.587s] Level 5:colcon.colcon_core.verb:set package 'horcrux_interfaces' build argument 'cmake_target' from command line to 'None'
[0.587s] Level 5:colcon.colcon_core.verb:set package 'horcrux_interfaces' build argument 'cmake_target_skip_unavailable' from command line to 'False'
[0.587s] Level 5:colcon.colcon_core.verb:set package 'horcrux_interfaces' build argument 'cmake_clean_cache' from command line to 'False'
[0.587s] Level 5:colcon.colcon_core.verb:set package 'horcrux_interfaces' build argument 'cmake_clean_first' from command line to 'False'
[0.587s] Level 5:colcon.colcon_core.verb:set package 'horcrux_interfaces' build argument 'cmake_force_configure' from command line to 'False'
[0.587s] Level 5:colcon.colcon_core.verb:set package 'horcrux_interfaces' build argument 'ament_cmake_args' from command line to 'None'
[0.587s] Level 5:colcon.colcon_core.verb:set package 'horcrux_interfaces' build argument 'catkin_cmake_args' from command line to 'None'
[0.587s] Level 5:colcon.colcon_core.verb:set package 'horcrux_interfaces' build argument 'catkin_skip_building_tests' from command line to 'False'
[0.587s] DEBUG:colcon.colcon_core.verb:Building package 'horcrux_interfaces' with the following arguments: {'ament_cmake_args': None, 'build_base': '/home/bong/project/snake_RL/GD/horcrux_ws/build/horcrux_interfaces', 'catkin_cmake_args': None, 'catkin_skip_building_tests': False, 'cmake_args': None, 'cmake_clean_cache': False, 'cmake_clean_first': False, 'cmake_force_configure': False, 'cmake_target': None, 'cmake_target_skip_unavailable': False, 'install_base': '/home/bong/project/snake_RL/GD/horcrux_ws/install/horcrux_interfaces', 'merge_install': False, 'path': '/home/bong/project/snake_RL/GD/horcrux_ws/src/horcrux_interfaces', 'symlink_install': False, 'test_result_base': None}
[0.594s] Level 5:colcon.colcon_core.verb:set package 'horcrux_msg' build argument 'cmake_args' from command line to 'None'
[0.594s] Level 5:colcon.colcon_core.verb:set package 'horcrux_msg' build argument 'cmake_target' from command line to 'None'
[0.594s] Level 5:colcon.colcon_core.verb:set package 'horcrux_msg' build argument 'cmake_target_skip_unavailable' from command line to 'False'
[0.594s] Level 5:colcon.colcon_core.verb:set package 'horcrux_msg' build argument 'cmake_clean_cache' from command line to 'False'
[0.594s] Level 5:colcon.colcon_core.verb:set package 'horcrux_msg' build argument 'cmake_clean_first' from command line to 'False'
[0.594s] Level 5:colcon.colcon_core.verb:set package 'horcrux_msg' build argument 'cmake_force_configure' from command line to 'False'
[0.594s] Level 5:colcon.colcon_core.verb:set package 'horcrux_msg' build argument 'ament_cmake_args' from command line to 'None'
[0.594s] Level 5:colcon.colcon_core.verb:set package 'horcrux_msg' build argument 'catkin_cmake_args' from command line to 'None'
[0.594s] Level 5:colcon.colcon_core.verb:set package 'horcrux_msg' build argument 'catkin_skip_building_tests' from command line to 'False'
[0.594s] DEBUG:colcon.colcon_core.verb:Building package 'horcrux_msg' with the following arguments: {'ament_cmake_args': None, 'build_base': '/home/bong/project/snake_RL/GD/horcrux_ws/build/horcrux_msg', 'catkin_cmake_args': None, 'catkin_skip_building_tests': False, 'cmake_args': None, 'cmake_clean_cache': False, 'cmake_clean_first': False, 'cmake_force_configure': False, 'cmake_target': None, 'cmake_target_skip_unavailable': False, 'install_base': '/home/bong/project/snake_RL/GD/horcrux_ws/install/horcrux_msg', 'merge_install': False, 'path': '/home/bong/project/snake_RL/GD/horcrux_ws/src/horcrux_msg', 'symlink_install': False, 'test_result_base': None}
[0.600s] Level 5:colcon.colcon_core.verb:set package 'horcrux_state' build argument 'cmake_args' from command line to 'None'
[0.600s] Level 5:colcon.colcon_core.verb:set package 'horcrux_state' build argument 'cmake_target' from command line to 'None'
[0.600s] Level 5:colcon.colcon_core.verb:set package 'horcrux_state' build argument 'cmake_target_skip_unavailable' from command line to 'False'
[0.600s] Level 5:colcon.colcon_core.verb:set package 'horcrux_state' build argument 'cmake_clean_cache' from command line to 'False'
[0.600s] Level 5:colcon.colcon_core.verb:set package 'horcrux_state' build argument 'cmake_clean_first' from command line to 'False'
[0.600s] Level 5:colcon.colcon_core.verb:set package 'horcrux_state' build argument 'cmake_force_configure' from command line to 'False'
[0.600s] Level 5:colcon.colcon_core.verb:set package 'horcrux_state' build argument 'ament_cmake_args' from command line to 'None'
[0.600s] Level 5:colcon.colcon_core.verb:set package 'horcrux_state' build argument 'catkin_cmake_args' from command line to 'None'
[0.600s] Level 5:colcon.colcon_core.verb:set package 'horcrux_state' build argument 'catkin_skip_building_tests' from command line to 'False'
[0.600s] DEBUG:colcon.colcon_core.verb:Building package 'horcrux_state' with the following arguments: {'ament_cmake_args': None, 'build_base': '/home/bong/project/snake_RL/GD/horcrux_ws/build/horcrux_state', 'catkin_cmake_args': None, 'catkin_skip_building_tests': False, 'cmake_args': None, 'cmake_clean_cache': False, 'cmake_clean_first': False, 'cmake_force_configure': False, 'cmake_target': None, 'cmake_target_skip_unavailable': False, 'install_base': '/home/bong/project/snake_RL/GD/horcrux_ws/install/horcrux_state', 'merge_install': False, 'path': '/home/bong/project/snake_RL/GD/horcrux_ws/src/horcrux_state', 'symlink_install': False, 'test_result_base': None}
[0.606s] INFO:colcon.colcon_core.executor:Executing jobs using 'parallel' executor
[0.613s] DEBUG:colcon.colcon_parallel_executor.executor.parallel:run_until_complete
[0.613s] INFO:colcon.colcon_ros.task.ament_cmake.build:Building ROS package in '/home/bong/project/snake_RL/GD/horcrux_ws/src/horcrux_interfaces' with build type 'ament_cmake'
[0.613s] INFO:colcon.colcon_cmake.task.cmake.build:Building CMake package in '/home/bong/project/snake_RL/GD/horcrux_ws/src/horcrux_interfaces'
[0.620s] INFO:colcon.colcon_core.plugin_system:Skipping extension 'colcon_core.shell.bat': Not used on non-Windows systems
[0.620s] INFO:colcon.colcon_core.shell:Skip shell extension 'powershell' for command environment: Not usable outside of PowerShell
[0.620s] DEBUG:colcon.colcon_core.shell:Skip shell extension 'dsv' for command environment
[0.642s] INFO:colcon.colcon_ros.task.ament_python.build:Building ROS package in '/home/bong/project/snake_RL/GD/horcrux_ws/src/handsfree_imu' with build type 'ament_python'
[0.642s] Level 1:colcon.colcon_core.shell:create_environment_hook('handsfree_imu', 'ament_prefix_path')
[0.649s] INFO:colcon.colcon_core.shell:Creating environment hook '/home/bong/project/snake_RL/GD/horcrux_ws/install/handsfree_imu/share/handsfree_imu/hook/ament_prefix_path.ps1'
[0.649s] INFO:colcon.colcon_core.shell:Creating environment descriptor '/home/bong/project/snake_RL/GD/horcrux_ws/install/handsfree_imu/share/handsfree_imu/hook/ament_prefix_path.dsv'
[0.650s] INFO:colcon.colcon_core.shell:Creating environment hook '/home/bong/project/snake_RL/GD/horcrux_ws/install/handsfree_imu/share/handsfree_imu/hook/ament_prefix_path.sh'
[0.657s] INFO:colcon.colcon_core.shell:Skip shell extension 'powershell' for command environment: Not usable outside of PowerShell
[0.657s] DEBUG:colcon.colcon_core.shell:Skip shell extension 'dsv' for command environment
[0.684s] DEBUG:colcon.colcon_core.event_handler.log_command:Invoking command in '/home/bong/project/snake_RL/GD/horcrux_ws/build/horcrux_interfaces': CMAKE_PREFIX_PATH=${CMAKE_PREFIX_PATH}:/home/bong/project/snake_RL/GD/horcrux_ws/install/handsfree_imu:/home/bong/project/snake_RL/GD/horcrux_ws/install/horcrux_state:/home/bong/project/snake_RL/GD/horcrux_ws/install/horcrux_msg:/opt/ros/iron /usr/bin/cmake --build /home/bong/project/snake_RL/GD/horcrux_ws/build/horcrux_interfaces -- -j4 -l4
[0.826s] INFO:colcon.colcon_core.task.python.build:Building Python package in '/home/bong/project/snake_RL/GD/horcrux_ws/src/handsfree_imu'
[0.833s] INFO:colcon.colcon_core.shell:Skip shell extension 'powershell' for command environment: Not usable outside of PowerShell
[0.834s] DEBUG:colcon.colcon_core.shell:Skip shell extension 'dsv' for command environment
[0.925s] DEBUG:colcon.colcon_core.event_handler.log_command:Invoked command in '/home/bong/project/snake_RL/GD/horcrux_ws/build/horcrux_interfaces' returned '0': CMAKE_PREFIX_PATH=${CMAKE_PREFIX_PATH}:/home/bong/project/snake_RL/GD/horcrux_ws/install/handsfree_imu:/home/bong/project/snake_RL/GD/horcrux_ws/install/horcrux_state:/home/bong/project/snake_RL/GD/horcrux_ws/install/horcrux_msg:/opt/ros/iron /usr/bin/cmake --build /home/bong/project/snake_RL/GD/horcrux_ws/build/horcrux_interfaces -- -j4 -l4
[1.001s] DEBUG:colcon.colcon_core.event_handler.log_command:Invoking command in '/home/bong/project/snake_RL/GD/horcrux_ws/build/horcrux_interfaces': CMAKE_PREFIX_PATH=${CMAKE_PREFIX_PATH}:/home/bong/project/snake_RL/GD/horcrux_ws/install/handsfree_imu:/home/bong/project/snake_RL/GD/horcrux_ws/install/horcrux_state:/home/bong/project/snake_RL/GD/horcrux_ws/install/horcrux_msg:/opt/ros/iron /usr/bin/cmake --install /home/bong/project/snake_RL/GD/horcrux_ws/build/horcrux_interfaces
[1.038s] Level 1:colcon.colcon_core.environment:create_environment_scripts_only(horcrux_interfaces)
[1.045s] DEBUG:colcon.colcon_core.event_handler.log_command:Invoked command in '/home/bong/project/snake_RL/GD/horcrux_ws/build/horcrux_interfaces' returned '0': CMAKE_PREFIX_PATH=${CMAKE_PREFIX_PATH}:/home/bong/project/snake_RL/GD/horcrux_ws/install/handsfree_imu:/home/bong/project/snake_RL/GD/horcrux_ws/install/horcrux_state:/home/bong/project/snake_RL/GD/horcrux_ws/install/horcrux_msg:/opt/ros/iron /usr/bin/cmake --install /home/bong/project/snake_RL/GD/horcrux_ws/build/horcrux_interfaces
[1.047s] Level 1:colcon.colcon_core.environment:checking '/home/bong/project/snake_RL/GD/horcrux_ws/install/horcrux_interfaces' for CMake module files
[1.047s] Level 1:colcon.colcon_core.environment:checking '/home/bong/project/snake_RL/GD/horcrux_ws/install/horcrux_interfaces' for CMake config files
[1.048s] Level 1:colcon.colcon_core.shell:create_environment_hook('horcrux_interfaces', 'cmake_prefix_path')
[1.063s] INFO:colcon.colcon_core.shell:Creating environment hook '/home/bong/project/snake_RL/GD/horcrux_ws/install/horcrux_interfaces/share/horcrux_interfaces/hook/cmake_prefix_path.ps1'
[1.063s] INFO:colcon.colcon_core.shell:Creating environment descriptor '/home/bong/project/snake_RL/GD/horcrux_ws/install/horcrux_interfaces/share/horcrux_interfaces/hook/cmake_prefix_path.dsv'
[1.063s] INFO:colcon.colcon_core.shell:Creating environment hook '/home/bong/project/snake_RL/GD/horcrux_ws/install/horcrux_interfaces/share/horcrux_interfaces/hook/cmake_prefix_path.sh'
[1.064s] Level 1:colcon.colcon_core.environment:checking '/home/bong/project/snake_RL/GD/horcrux_ws/install/horcrux_interfaces/lib'
[1.064s] Level 1:colcon.colcon_core.shell:create_environment_hook('horcrux_interfaces', 'ld_library_path_lib')
[1.074s] INFO:colcon.colcon_core.shell:Creating environment hook '/home/bong/project/snake_RL/GD/horcrux_ws/install/horcrux_interfaces/share/horcrux_interfaces/hook/ld_library_path_lib.ps1'
[1.074s] INFO:colcon.colcon_core.shell:Creating environment descriptor '/home/bong/project/snake_RL/GD/horcrux_ws/install/horcrux_interfaces/share/horcrux_interfaces/hook/ld_library_path_lib.dsv'
[1.075s] INFO:colcon.colcon_core.shell:Creating environment hook '/home/bong/project/snake_RL/GD/horcrux_ws/install/horcrux_interfaces/share/horcrux_interfaces/hook/ld_library_path_lib.sh'
[1.075s] Level 1:colcon.colcon_core.environment:checking '/home/bong/project/snake_RL/GD/horcrux_ws/install/horcrux_interfaces/bin'
[1.075s] Level 1:colcon.colcon_core.environment:checking '/home/bong/project/snake_RL/GD/horcrux_ws/install/horcrux_interfaces/lib/pkgconfig/horcrux_interfaces.pc'
[1.075s] Level 1:colcon.colcon_core.environment:checking '/home/bong/project/snake_RL/GD/horcrux_ws/install/horcrux_interfaces/lib/python3.10/site-packages'
[1.075s] Level 1:colcon.colcon_core.shell:create_environment_hook('horcrux_interfaces', 'pythonpath')
[1.082s] INFO:colcon.colcon_core.shell:Creating environment hook '/home/bong/project/snake_RL/GD/horcrux_ws/install/horcrux_interfaces/share/horcrux_interfaces/hook/pythonpath.ps1'
[1.082s] INFO:colcon.colcon_core.shell:Creating environment descriptor '/home/bong/project/snake_RL/GD/horcrux_ws/install/horcrux_interfaces/share/horcrux_interfaces/hook/pythonpath.dsv'
[1.082s] INFO:colcon.colcon_core.shell:Creating environment hook '/home/bong/project/snake_RL/GD/horcrux_ws/install/horcrux_interfaces/share/horcrux_interfaces/hook/pythonpath.sh'
[1.083s] Level 1:colcon.colcon_core.environment:checking '/home/bong/project/snake_RL/GD/horcrux_ws/install/horcrux_interfaces/bin'
[1.090s] INFO:colcon.colcon_core.shell:Creating package script '/home/bong/project/snake_RL/GD/horcrux_ws/install/horcrux_interfaces/share/horcrux_interfaces/package.ps1'
[1.090s] INFO:colcon.colcon_core.shell:Creating package descriptor '/home/bong/project/snake_RL/GD/horcrux_ws/install/horcrux_interfaces/share/horcrux_interfaces/package.dsv'
[1.091s] INFO:colcon.colcon_core.shell:Creating package script '/home/bong/project/snake_RL/GD/horcrux_ws/install/horcrux_interfaces/share/horcrux_interfaces/package.sh'
[1.091s] INFO:colcon.colcon_core.shell:Creating package script '/home/bong/project/snake_RL/GD/horcrux_ws/install/horcrux_interfaces/share/horcrux_interfaces/package.bash'
[1.091s] INFO:colcon.colcon_core.shell:Creating package script '/home/bong/project/snake_RL/GD/horcrux_ws/install/horcrux_interfaces/share/horcrux_interfaces/package.zsh'
[1.092s] Level 1:colcon.colcon_core.environment:create_file_with_runtime_dependencies(/home/bong/project/snake_RL/GD/horcrux_ws/install/horcrux_interfaces/share/colcon-core/packages/horcrux_interfaces)
[1.093s] DEBUG:colcon.colcon_core.event_handler.log_command:Invoking command in '/home/bong/project/snake_RL/GD/horcrux_ws/src/handsfree_imu': PYTHONPATH=/home/bong/project/snake_RL/GD/horcrux_ws/build/handsfree_imu/prefix_override:/home/bong/project/snake_RL/GD/horcrux_ws/install/handsfree_imu/lib/python3.10/site-packages:${PYTHONPATH} /usr/bin/python3 setup.py egg_info --egg-base ../../build/handsfree_imu build --build-base /home/bong/project/snake_RL/GD/horcrux_ws/build/handsfree_imu/build install --record /home/bong/project/snake_RL/GD/horcrux_ws/build/handsfree_imu/install.log --single-version-externally-managed
[1.170s] Level 1:colcon.colcon_core.environment:create_environment_scripts_only(horcrux_interfaces)
[1.177s] Level 1:colcon.colcon_core.environment:checking '/home/bong/project/snake_RL/GD/horcrux_ws/install/horcrux_interfaces' for CMake module files
[1.178s] Level 1:colcon.colcon_core.environment:checking '/home/bong/project/snake_RL/GD/horcrux_ws/install/horcrux_interfaces' for CMake config files
[1.178s] Level 1:colcon.colcon_core.shell:create_environment_hook('horcrux_interfaces', 'cmake_prefix_path')
[1.184s] INFO:colcon.colcon_core.shell:Creating environment hook '/home/bong/project/snake_RL/GD/horcrux_ws/install/horcrux_interfaces/share/horcrux_interfaces/hook/cmake_prefix_path.ps1'
[1.185s] INFO:colcon.colcon_core.shell:Creating environment descriptor '/home/bong/project/snake_RL/GD/horcrux_ws/install/horcrux_interfaces/share/horcrux_interfaces/hook/cmake_prefix_path.dsv'
[1.185s] INFO:colcon.colcon_core.shell:Creating environment hook '/home/bong/project/snake_RL/GD/horcrux_ws/install/horcrux_interfaces/share/horcrux_interfaces/hook/cmake_prefix_path.sh'
[1.186s] Level 1:colcon.colcon_core.environment:checking '/home/bong/project/snake_RL/GD/horcrux_ws/install/horcrux_interfaces/lib'
[1.186s] Level 1:colcon.colcon_core.shell:create_environment_hook('horcrux_interfaces', 'ld_library_path_lib')
[1.193s] INFO:colcon.colcon_core.shell:Creating environment hook '/home/bong/project/snake_RL/GD/horcrux_ws/install/horcrux_interfaces/share/horcrux_interfaces/hook/ld_library_path_lib.ps1'
[1.193s] INFO:colcon.colcon_core.shell:Creating environment descriptor '/home/bong/project/snake_RL/GD/horcrux_ws/install/horcrux_interfaces/share/horcrux_interfaces/hook/ld_library_path_lib.dsv'
[1.193s] INFO:colcon.colcon_core.shell:Creating environment hook '/home/bong/project/snake_RL/GD/horcrux_ws/install/horcrux_interfaces/share/horcrux_interfaces/hook/ld_library_path_lib.sh'
[1.194s] Level 1:colcon.colcon_core.environment:checking '/home/bong/project/snake_RL/GD/horcrux_ws/install/horcrux_interfaces/bin'
[1.194s] Level 1:colcon.colcon_core.environment:checking '/home/bong/project/snake_RL/GD/horcrux_ws/install/horcrux_interfaces/lib/pkgconfig/horcrux_interfaces.pc'
[1.194s] Level 1:colcon.colcon_core.environment:checking '/home/bong/project/snake_RL/GD/horcrux_ws/install/horcrux_interfaces/lib/python3.10/site-packages'
[1.194s] Level 1:colcon.colcon_core.shell:create_environment_hook('horcrux_interfaces', 'pythonpath')
[1.201s] INFO:colcon.colcon_core.shell:Creating environment hook '/home/bong/project/snake_RL/GD/horcrux_ws/install/horcrux_interfaces/share/horcrux_interfaces/hook/pythonpath.ps1'
[1.201s] INFO:colcon.colcon_core.shell:Creating environment descriptor '/home/bong/project/snake_RL/GD/horcrux_ws/install/horcrux_interfaces/share/horcrux_interfaces/hook/pythonpath.dsv'
[1.201s] INFO:colcon.colcon_core.shell:Creating environment hook '/home/bong/project/snake_RL/GD/horcrux_ws/install/horcrux_interfaces/share/horcrux_interfaces/hook/pythonpath.sh'
[1.202s] Level 1:colcon.colcon_core.environment:checking '/home/bong/project/snake_RL/GD/horcrux_ws/install/horcrux_interfaces/bin'
[1.208s] INFO:colcon.colcon_core.shell:Creating package script '/home/bong/project/snake_RL/GD/horcrux_ws/install/horcrux_interfaces/share/horcrux_interfaces/package.ps1'
[1.208s] INFO:colcon.colcon_core.shell:Creating package descriptor '/home/bong/project/snake_RL/GD/horcrux_ws/install/horcrux_interfaces/share/horcrux_interfaces/package.dsv'
[1.209s] INFO:colcon.colcon_core.shell:Creating package script '/home/bong/project/snake_RL/GD/horcrux_ws/install/horcrux_interfaces/share/horcrux_interfaces/package.sh'
[1.209s] INFO:colcon.colcon_core.shell:Creating package script '/home/bong/project/snake_RL/GD/horcrux_ws/install/horcrux_interfaces/share/horcrux_interfaces/package.bash'
[1.209s] INFO:colcon.colcon_core.shell:Creating package script '/home/bong/project/snake_RL/GD/horcrux_ws/install/horcrux_interfaces/share/horcrux_interfaces/package.zsh'
[1.209s] Level 1:colcon.colcon_core.environment:create_file_with_runtime_dependencies(/home/bong/project/snake_RL/GD/horcrux_ws/install/horcrux_interfaces/share/colcon-core/packages/horcrux_interfaces)
[1.210s] INFO:colcon.colcon_ros.task.ament_python.build:Building ROS package in '/home/bong/project/snake_RL/GD/horcrux_ws/src/horcrux_msg' with build type 'ament_python'
[1.210s] Level 1:colcon.colcon_core.shell:create_environment_hook('horcrux_msg', 'ament_prefix_path')
[1.217s] INFO:colcon.colcon_core.shell:Creating environment hook '/home/bong/project/snake_RL/GD/horcrux_ws/install/horcrux_msg/share/horcrux_msg/hook/ament_prefix_path.ps1'
[1.217s] INFO:colcon.colcon_core.shell:Creating environment descriptor '/home/bong/project/snake_RL/GD/horcrux_ws/install/horcrux_msg/share/horcrux_msg/hook/ament_prefix_path.dsv'
[1.217s] INFO:colcon.colcon_core.shell:Creating environment hook '/home/bong/project/snake_RL/GD/horcrux_ws/install/horcrux_msg/share/horcrux_msg/hook/ament_prefix_path.sh'
[1.227s] INFO:colcon.colcon_core.shell:Skip shell extension 'powershell' for command environment: Not usable outside of PowerShell
[1.227s] DEBUG:colcon.colcon_core.shell:Skip shell extension 'dsv' for command environment
[1.256s] INFO:colcon.colcon_ros.task.ament_python.build:Building ROS package in '/home/bong/project/snake_RL/GD/horcrux_ws/src/horcrux_state' with build type 'ament_python'
[1.256s] Level 1:colcon.colcon_core.shell:create_environment_hook('horcrux_state', 'ament_prefix_path')
[1.263s] INFO:colcon.colcon_core.shell:Creating environment hook '/home/bong/project/snake_RL/GD/horcrux_ws/install/horcrux_state/share/horcrux_state/hook/ament_prefix_path.ps1'
[1.264s] INFO:colcon.colcon_core.shell:Creating environment descriptor '/home/bong/project/snake_RL/GD/horcrux_ws/install/horcrux_state/share/horcrux_state/hook/ament_prefix_path.dsv'
[1.264s] INFO:colcon.colcon_core.shell:Creating environment hook '/home/bong/project/snake_RL/GD/horcrux_ws/install/horcrux_state/share/horcrux_state/hook/ament_prefix_path.sh'
[1.271s] INFO:colcon.colcon_core.shell:Skip shell extension 'powershell' for command environment: Not usable outside of PowerShell
[1.271s] DEBUG:colcon.colcon_core.shell:Skip shell extension 'dsv' for command environment
[1.414s] INFO:colcon.colcon_core.task.python.build:Building Python package in '/home/bong/project/snake_RL/GD/horcrux_ws/src/horcrux_msg'
[1.421s] INFO:colcon.colcon_core.shell:Skip shell extension 'powershell' for command environment: Not usable outside of PowerShell
[1.421s] DEBUG:colcon.colcon_core.shell:Skip shell extension 'dsv' for command environment
[1.443s] DEBUG:colcon.colcon_core.event_handler.log_command:Invoked command in '/home/bong/project/snake_RL/GD/horcrux_ws/src/handsfree_imu' returned '0': PYTHONPATH=/home/bong/project/snake_RL/GD/horcrux_ws/build/handsfree_imu/prefix_override:/home/bong/project/snake_RL/GD/horcrux_ws/install/handsfree_imu/lib/python3.10/site-packages:${PYTHONPATH} /usr/bin/python3 setup.py egg_info --egg-base ../../build/handsfree_imu build --build-base /home/bong/project/snake_RL/GD/horcrux_ws/build/handsfree_imu/build install --record /home/bong/project/snake_RL/GD/horcrux_ws/build/handsfree_imu/install.log --single-version-externally-managed
[1.449s] Level 1:colcon.colcon_core.environment:checking '/home/bong/project/snake_RL/GD/horcrux_ws/install/handsfree_imu' for CMake module files
[1.449s] Level 1:colcon.colcon_core.environment:checking '/home/bong/project/snake_RL/GD/horcrux_ws/install/handsfree_imu' for CMake config files
[1.450s] Level 1:colcon.colcon_core.environment:checking '/home/bong/project/snake_RL/GD/horcrux_ws/install/handsfree_imu/lib'
[1.450s] Level 1:colcon.colcon_core.environment:checking '/home/bong/project/snake_RL/GD/horcrux_ws/install/handsfree_imu/bin'
[1.450s] Level 1:colcon.colcon_core.environment:checking '/home/bong/project/snake_RL/GD/horcrux_ws/install/handsfree_imu/lib/pkgconfig/handsfree_imu.pc'
[1.450s] Level 1:colcon.colcon_core.environment:checking '/home/bong/project/snake_RL/GD/horcrux_ws/install/handsfree_imu/lib/python3.10/site-packages'
[1.450s] Level 1:colcon.colcon_core.shell:create_environment_hook('handsfree_imu', 'pythonpath')
[1.457s] INFO:colcon.colcon_core.shell:Creating environment hook '/home/bong/project/snake_RL/GD/horcrux_ws/install/handsfree_imu/share/handsfree_imu/hook/pythonpath.ps1'
[1.457s] INFO:colcon.colcon_core.shell:Creating environment descriptor '/home/bong/project/snake_RL/GD/horcrux_ws/install/handsfree_imu/share/handsfree_imu/hook/pythonpath.dsv'
[1.457s] INFO:colcon.colcon_core.shell:Creating environment hook '/home/bong/project/snake_RL/GD/horcrux_ws/install/handsfree_imu/share/handsfree_imu/hook/pythonpath.sh'
[1.458s] Level 1:colcon.colcon_core.environment:checking '/home/bong/project/snake_RL/GD/horcrux_ws/install/handsfree_imu/bin'
[1.458s] Level 1:colcon.colcon_core.environment:create_environment_scripts_only(handsfree_imu)
[1.465s] INFO:colcon.colcon_core.shell:Creating package script '/home/bong/project/snake_RL/GD/horcrux_ws/install/handsfree_imu/share/handsfree_imu/package.ps1'
[1.465s] INFO:colcon.colcon_core.shell:Creating package descriptor '/home/bong/project/snake_RL/GD/horcrux_ws/install/handsfree_imu/share/handsfree_imu/package.dsv'
[1.465s] INFO:colcon.colcon_core.shell:Creating package script '/home/bong/project/snake_RL/GD/horcrux_ws/install/handsfree_imu/share/handsfree_imu/package.sh'
[1.466s] INFO:colcon.colcon_core.shell:Creating package script '/home/bong/project/snake_RL/GD/horcrux_ws/install/handsfree_imu/share/handsfree_imu/package.bash'
[1.466s] INFO:colcon.colcon_core.shell:Creating package script '/home/bong/project/snake_RL/GD/horcrux_ws/install/handsfree_imu/share/handsfree_imu/package.zsh'
[1.466s] Level 1:colcon.colcon_core.environment:create_file_with_runtime_dependencies(/home/bong/project/snake_RL/GD/horcrux_ws/install/handsfree_imu/share/colcon-core/packages/handsfree_imu)
[1.591s] INFO:colcon.colcon_core.task.python.build:Building Python package in '/home/bong/project/snake_RL/GD/horcrux_ws/src/horcrux_state'
[1.597s] INFO:colcon.colcon_core.shell:Skip shell extension 'powershell' for command environment: Not usable outside of PowerShell
[1.597s] DEBUG:colcon.colcon_core.shell:Skip shell extension 'dsv' for command environment
[1.800s] DEBUG:colcon.colcon_core.event_handler.log_command:Invoking command in '/home/bong/project/snake_RL/GD/horcrux_ws/src/horcrux_msg': PYTHONPATH=/home/bong/project/snake_RL/GD/horcrux_ws/build/horcrux_msg/prefix_override:/home/bong/project/snake_RL/GD/horcrux_ws/install/horcrux_msg/lib/python3.10/site-packages:/home/bong/project/snake_RL/GD/horcrux_ws/install/horcrux_interfaces/lib/python3.10/site-packages:/home/bong/project/snake_RL/GD/horcrux_ws/install/handsfree_imu/lib/python3.10/site-packages:/home/bong/project/snake_RL/GD/horcrux_ws/install/horcrux_state/lib/python3.10/site-packages:/home/bong/project/snake_RL/GD/horcrux_ws/install/horcrux_msg/lib/python3.10/site-packages:/opt/ros/iron/lib/python3.10/site-packages /usr/bin/python3 setup.py egg_info --egg-base ../../build/horcrux_msg build --build-base /home/bong/project/snake_RL/GD/horcrux_ws/build/horcrux_msg/build install --record /home/bong/project/snake_RL/GD/horcrux_ws/build/horcrux_msg/install.log --single-version-externally-managed
[1.800s] DEBUG:colcon.colcon_core.event_handler.log_command:Invoking command in '/home/bong/project/snake_RL/GD/horcrux_ws/src/horcrux_state': PYTHONPATH=/home/bong/project/snake_RL/GD/horcrux_ws/build/horcrux_state/prefix_override:/home/bong/project/snake_RL/GD/horcrux_ws/install/horcrux_state/lib/python3.10/site-packages:/home/bong/project/snake_RL/GD/horcrux_ws/install/horcrux_interfaces/lib/python3.10/site-packages:/home/bong/project/snake_RL/GD/horcrux_ws/install/handsfree_imu/lib/python3.10/site-packages:/home/bong/project/snake_RL/GD/horcrux_ws/install/horcrux_state/lib/python3.10/site-packages:/home/bong/project/snake_RL/GD/horcrux_ws/install/horcrux_msg/lib/python3.10/site-packages:/opt/ros/iron/lib/python3.10/site-packages /usr/bin/python3 setup.py egg_info --egg-base ../../build/horcrux_state build --build-base /home/bong/project/snake_RL/GD/horcrux_ws/build/horcrux_state/build install --record /home/bong/project/snake_RL/GD/horcrux_ws/build/horcrux_state/install.log --single-version-externally-managed
[1.947s] DEBUG:colcon.colcon_core.event_handler.log_command:Invoked command in '/home/bong/project/snake_RL/GD/horcrux_ws/src/horcrux_msg' returned '0': PYTHONPATH=/home/bong/project/snake_RL/GD/horcrux_ws/build/horcrux_msg/prefix_override:/home/bong/project/snake_RL/GD/horcrux_ws/install/horcrux_msg/lib/python3.10/site-packages:/home/bong/project/snake_RL/GD/horcrux_ws/install/horcrux_interfaces/lib/python3.10/site-packages:/home/bong/project/snake_RL/GD/horcrux_ws/install/handsfree_imu/lib/python3.10/site-packages:/home/bong/project/snake_RL/GD/horcrux_ws/install/horcrux_state/lib/python3.10/site-packages:/home/bong/project/snake_RL/GD/horcrux_ws/install/horcrux_msg/lib/python3.10/site-packages:/opt/ros/iron/lib/python3.10/site-packages /usr/bin/python3 setup.py egg_info --egg-base ../../build/horcrux_msg build --build-base /home/bong/project/snake_RL/GD/horcrux_ws/build/horcrux_msg/build install --record /home/bong/project/snake_RL/GD/horcrux_ws/build/horcrux_msg/install.log --single-version-externally-managed
[1.962s] Level 1:colcon.colcon_core.environment:checking '/home/bong/project/snake_RL/GD/horcrux_ws/install/horcrux_msg' for CMake module files
[1.962s] Level 1:colcon.colcon_core.environment:checking '/home/bong/project/snake_RL/GD/horcrux_ws/install/horcrux_msg' for CMake config files
[1.963s] Level 1:colcon.colcon_core.environment:checking '/home/bong/project/snake_RL/GD/horcrux_ws/install/horcrux_msg/lib'
[1.963s] Level 1:colcon.colcon_core.environment:checking '/home/bong/project/snake_RL/GD/horcrux_ws/install/horcrux_msg/bin'
[1.963s] Level 1:colcon.colcon_core.environment:checking '/home/bong/project/snake_RL/GD/horcrux_ws/install/horcrux_msg/lib/pkgconfig/horcrux_msg.pc'
[1.963s] Level 1:colcon.colcon_core.environment:checking '/home/bong/project/snake_RL/GD/horcrux_ws/install/horcrux_msg/lib/python3.10/site-packages'
[1.963s] Level 1:colcon.colcon_core.shell:create_environment_hook('horcrux_msg', 'pythonpath')
[1.970s] INFO:colcon.colcon_core.shell:Creating environment hook '/home/bong/project/snake_RL/GD/horcrux_ws/install/horcrux_msg/share/horcrux_msg/hook/pythonpath.ps1'
[1.970s] INFO:colcon.colcon_core.shell:Creating environment descriptor '/home/bong/project/snake_RL/GD/horcrux_ws/install/horcrux_msg/share/horcrux_msg/hook/pythonpath.dsv'
[1.970s] INFO:colcon.colcon_core.shell:Creating environment hook '/home/bong/project/snake_RL/GD/horcrux_ws/install/horcrux_msg/share/horcrux_msg/hook/pythonpath.sh'
[1.970s] Level 1:colcon.colcon_core.environment:checking '/home/bong/project/snake_RL/GD/horcrux_ws/install/horcrux_msg/bin'
[1.970s] Level 1:colcon.colcon_core.environment:create_environment_scripts_only(horcrux_msg)
[1.977s] INFO:colcon.colcon_core.shell:Creating package script '/home/bong/project/snake_RL/GD/horcrux_ws/install/horcrux_msg/share/horcrux_msg/package.ps1'
[1.977s] INFO:colcon.colcon_core.shell:Creating package descriptor '/home/bong/project/snake_RL/GD/horcrux_ws/install/horcrux_msg/share/horcrux_msg/package.dsv'
[1.977s] INFO:colcon.colcon_core.shell:Creating package script '/home/bong/project/snake_RL/GD/horcrux_ws/install/horcrux_msg/share/horcrux_msg/package.sh'
[1.977s] INFO:colcon.colcon_core.shell:Creating package script '/home/bong/project/snake_RL/GD/horcrux_ws/install/horcrux_msg/share/horcrux_msg/package.bash'
[1.978s] INFO:colcon.colcon_core.shell:Creating package script '/home/bong/project/snake_RL/GD/horcrux_ws/install/horcrux_msg/share/horcrux_msg/package.zsh'
[1.978s] Level 1:colcon.colcon_core.environment:create_file_with_runtime_dependencies(/home/bong/project/snake_RL/GD/horcrux_ws/install/horcrux_msg/share/colcon-core/packages/horcrux_msg)
[1.979s] DEBUG:colcon.colcon_core.event_handler.log_command:Invoked command in '/home/bong/project/snake_RL/GD/horcrux_ws/src/horcrux_state' returned '0': PYTHONPATH=/home/bong/project/snake_RL/GD/horcrux_ws/build/horcrux_state/prefix_override:/home/bong/project/snake_RL/GD/horcrux_ws/install/horcrux_state/lib/python3.10/site-packages:/home/bong/project/snake_RL/GD/horcrux_ws/install/horcrux_interfaces/lib/python3.10/site-packages:/home/bong/project/snake_RL/GD/horcrux_ws/install/handsfree_imu/lib/python3.10/site-packages:/home/bong/project/snake_RL/GD/horcrux_ws/install/horcrux_state/lib/python3.10/site-packages:/home/bong/project/snake_RL/GD/horcrux_ws/install/horcrux_msg/lib/python3.10/site-packages:/opt/ros/iron/lib/python3.10/site-packages /usr/bin/python3 setup.py egg_info --egg-base ../../build/horcrux_state build --build-base /home/bong/project/snake_RL/GD/horcrux_ws/build/horcrux_state/build install --record /home/bong/project/snake_RL/GD/horcrux_ws/build/horcrux_state/install.log --single-version-externally-managed
[1.985s] Level 1:colcon.colcon_core.environment:checking '/home/bong/project/snake_RL/GD/horcrux_ws/install/horcrux_state' for CMake module files
[1.986s] Level 1:colcon.colcon_core.environment:checking '/home/bong/project/snake_RL/GD/horcrux_ws/install/horcrux_state' for CMake config files
[1.986s] Level 1:colcon.colcon_core.environment:checking '/home/bong/project/snake_RL/GD/horcrux_ws/install/horcrux_state/lib'
[1.986s] Level 1:colcon.colcon_core.environment:checking '/home/bong/project/snake_RL/GD/horcrux_ws/install/horcrux_state/bin'
[1.986s] Level 1:colcon.colcon_core.environment:checking '/home/bong/project/snake_RL/GD/horcrux_ws/install/horcrux_state/lib/pkgconfig/horcrux_state.pc'
[1.986s] Level 1:colcon.colcon_core.environment:checking '/home/bong/project/snake_RL/GD/horcrux_ws/install/horcrux_state/lib/python3.10/site-packages'
[1.986s] Level 1:colcon.colcon_core.shell:create_environment_hook('horcrux_state', 'pythonpath')
[1.993s] INFO:colcon.colcon_core.shell:Creating environment hook '/home/bong/project/snake_RL/GD/horcrux_ws/install/horcrux_state/share/horcrux_state/hook/pythonpath.ps1'
[1.993s] INFO:colcon.colcon_core.shell:Creating environment descriptor '/home/bong/project/snake_RL/GD/horcrux_ws/install/horcrux_state/share/horcrux_state/hook/pythonpath.dsv'
[1.993s] INFO:colcon.colcon_core.shell:Creating environment hook '/home/bong/project/snake_RL/GD/horcrux_ws/install/horcrux_state/share/horcrux_state/hook/pythonpath.sh'
[1.993s] Level 1:colcon.colcon_core.environment:checking '/home/bong/project/snake_RL/GD/horcrux_ws/install/horcrux_state/bin'
[1.993s] Level 1:colcon.colcon_core.environment:create_environment_scripts_only(horcrux_state)
[2.000s] INFO:colcon.colcon_core.shell:Creating package script '/home/bong/project/snake_RL/GD/horcrux_ws/install/horcrux_state/share/horcrux_state/package.ps1'
[2.001s] INFO:colcon.colcon_core.shell:Creating package descriptor '/home/bong/project/snake_RL/GD/horcrux_ws/install/horcrux_state/share/horcrux_state/package.dsv'
[2.001s] INFO:colcon.colcon_core.shell:Creating package script '/home/bong/project/snake_RL/GD/horcrux_ws/install/horcrux_state/share/horcrux_state/package.sh'
[2.001s] INFO:colcon.colcon_core.shell:Creating package script '/home/bong/project/snake_RL/GD/horcrux_ws/install/horcrux_state/share/horcrux_state/package.bash'
[2.001s] INFO:colcon.colcon_core.shell:Creating package script '/home/bong/project/snake_RL/GD/horcrux_ws/install/horcrux_state/share/horcrux_state/package.zsh'
[2.002s] Level 1:colcon.colcon_core.environment:create_file_with_runtime_dependencies(/home/bong/project/snake_RL/GD/horcrux_ws/install/horcrux_state/share/colcon-core/packages/horcrux_state)
[2.002s] DEBUG:colcon.colcon_parallel_executor.executor.parallel:closing loop
[2.002s] DEBUG:colcon.colcon_parallel_executor.executor.parallel:loop closed
[2.002s] DEBUG:colcon.colcon_parallel_executor.executor.parallel:run_until_complete finished with '0'
[2.002s] DEBUG:colcon.colcon_core.event_reactor:joining thread
[2.012s] INFO:colcon.colcon_core.plugin_system:Skipping extension 'colcon_notification.desktop_notification.terminal_notifier': Not used on non-Darwin systems
[2.012s] INFO:colcon.colcon_core.plugin_system:Skipping extension 'colcon_notification.desktop_notification.win32': Not used on non-Windows systems
[2.012s] INFO:colcon.colcon_notification.desktop_notification:Sending desktop notification using 'notify2'
[2.019s] DEBUG:colcon.colcon_core.event_reactor:joined thread
[2.027s] INFO:colcon.colcon_core.shell:Creating prefix script '/home/bong/project/snake_RL/GD/horcrux_ws/install/local_setup.ps1'
[2.027s] INFO:colcon.colcon_core.shell:Creating prefix util module '/home/bong/project/snake_RL/GD/horcrux_ws/install/_local_setup_util_ps1.py'
[2.028s] INFO:colcon.colcon_core.shell:Creating prefix chain script '/home/bong/project/snake_RL/GD/horcrux_ws/install/setup.ps1'
[2.036s] INFO:colcon.colcon_core.shell:Creating prefix script '/home/bong/project/snake_RL/GD/horcrux_ws/install/local_setup.sh'
[2.036s] INFO:colcon.colcon_core.shell:Creating prefix util module '/home/bong/project/snake_RL/GD/horcrux_ws/install/_local_setup_util_sh.py'
[2.037s] INFO:colcon.colcon_core.shell:Creating prefix chain script '/home/bong/project/snake_RL/GD/horcrux_ws/install/setup.sh'
[2.044s] INFO:colcon.colcon_core.shell:Creating prefix script '/home/bong/project/snake_RL/GD/horcrux_ws/install/local_setup.bash'
[2.044s] INFO:colcon.colcon_core.shell:Creating prefix chain script '/home/bong/project/snake_RL/GD/horcrux_ws/install/setup.bash'
[2.051s] INFO:colcon.colcon_core.shell:Creating prefix script '/home/bong/project/snake_RL/GD/horcrux_ws/install/local_setup.zsh'
[2.051s] INFO:colcon.colcon_core.shell:Creating prefix chain script '/home/bong/project/snake_RL/GD/horcrux_ws/install/setup.zsh'
