[0.552s] Invoking command in '/home/bong/project/snake_RL/GD/horcrux_ws/src/horcrux_state': PYTHONPATH=/home/bong/project/snake_RL/GD/horcrux_ws/build/horcrux_state/prefix_override:/home/bong/project/snake_RL/GD/horcrux_ws/install/horcrux_state/lib/python3.10/site-packages:/home/bong/project/snake_RL/GD/horcrux_ws/install/horcrux_interfaces/lib/python3.10/site-packages:/home/bong/project/snake_RL/GD/horcrux_ws/install/handsfree_imu/lib/python3.10/site-packages:/home/bong/project/snake_RL/GD/horcrux_ws/install/horcrux_state/lib/python3.10/site-packages:/home/bong/project/snake_RL/GD/horcrux_ws/install/horcrux_msg/lib/python3.10/site-packages:/opt/ros/iron/lib/python3.10/site-packages /usr/bin/python3 setup.py egg_info --egg-base ../../build/horcrux_state build --build-base /home/bong/project/snake_RL/GD/horcrux_ws/build/horcrux_state/build install --record /home/bong/project/snake_RL/GD/horcrux_ws/build/horcrux_state/install.log --single-version-externally-managed
[0.669s] running egg_info
[0.672s] writing ../../build/horcrux_state/horcrux_state.egg-info/PKG-INFO
[0.672s] writing dependency_links to ../../build/horcrux_state/horcrux_state.egg-info/dependency_links.txt
[0.673s] writing entry points to ../../build/horcrux_state/horcrux_state.egg-info/entry_points.txt
[0.673s] writing requirements to ../../build/horcrux_state/horcrux_state.egg-info/requires.txt
[0.673s] writing top-level names to ../../build/horcrux_state/horcrux_state.egg-info/top_level.txt
[0.674s] reading manifest file '../../build/horcrux_state/horcrux_state.egg-info/SOURCES.txt'
[0.674s] adding license file 'LICENSE'
[0.674s] writing manifest file '../../build/horcrux_state/horcrux_state.egg-info/SOURCES.txt'
[0.675s] running build
[0.675s] running build_py
[0.675s] running install
[0.675s] /usr/lib/python3/dist-packages/setuptools/command/install.py:34: SetuptoolsDeprecationWarning: setup.py install is deprecated. Use build and pip and other standards-based tools.
[0.675s]   warnings.warn(
[0.675s] running install_lib
[0.676s] running install_data
[0.676s] copying launch/joy_launch.py -> /home/bong/project/snake_RL/GD/horcrux_ws/install/horcrux_state/share/horcrux_state/launch
[0.676s] running install_egg_info
[0.678s] removing '/home/bong/project/snake_RL/GD/horcrux_ws/install/horcrux_state/lib/python3.10/site-packages/horcrux_state-0.0.0-py3.10.egg-info' (and everything under it)
[0.679s] Copying ../../build/horcrux_state/horcrux_state.egg-info to /home/bong/project/snake_RL/GD/horcrux_ws/install/horcrux_state/lib/python3.10/site-packages/horcrux_state-0.0.0-py3.10.egg-info
[0.679s] running install_scripts
[0.692s] Installing state_node script to /home/bong/project/snake_RL/GD/horcrux_ws/install/horcrux_state/lib/horcrux_state
[0.692s] writing list of installed files to '/home/bong/project/snake_RL/GD/horcrux_ws/build/horcrux_state/install.log'
[0.730s] Invoked command in '/home/bong/project/snake_RL/GD/horcrux_ws/src/horcrux_state' returned '0': PYTHONPATH=/home/bong/project/snake_RL/GD/horcrux_ws/build/horcrux_state/prefix_override:/home/bong/project/snake_RL/GD/horcrux_ws/install/horcrux_state/lib/python3.10/site-packages:/home/bong/project/snake_RL/GD/horcrux_ws/install/horcrux_interfaces/lib/python3.10/site-packages:/home/bong/project/snake_RL/GD/horcrux_ws/install/handsfree_imu/lib/python3.10/site-packages:/home/bong/project/snake_RL/GD/horcrux_ws/install/horcrux_state/lib/python3.10/site-packages:/home/bong/project/snake_RL/GD/horcrux_ws/install/horcrux_msg/lib/python3.10/site-packages:/opt/ros/iron/lib/python3.10/site-packages /usr/bin/python3 setup.py egg_info --egg-base ../../build/horcrux_state build --build-base /home/bong/project/snake_RL/GD/horcrux_ws/build/horcrux_state/build install --record /home/bong/project/snake_RL/GD/horcrux_ws/build/horcrux_state/install.log --single-version-externally-managed
