[0.432s] DEBUG:colcon:Command line arguments: ['/usr/bin/colcon', 'build']
[0.432s] DEBUG:colcon:Parsed command line arguments: Namespace(log_base=None, log_level=None, verb_name='build', build_base='build', install_base='install', merge_install=False, symlink_install=False, test_result_base=None, continue_on_error=False, executor='parallel', parallel_workers=4, event_handlers=None, ignore_user_meta=False, metas=['./colcon.meta'], base_paths=['.'], packages_ignore=None, packages_ignore_regex=None, paths=None, packages_up_to=None, packages_up_to_regex=None, packages_above=None, packages_above_and_dependencies=None, packages_above_depth=None, packages_select_by_dep=None, packages_skip_by_dep=None, packages_skip_up_to=None, packages_select_build_failed=False, packages_skip_build_finished=False, packages_select_test_failures=False, packages_skip_test_passed=False, packages_select=None, packages_skip=None, packages_select_regex=None, packages_skip_regex=None, packages_start=None, packages_end=None, allow_overriding=[], cmake_args=None, cmake_target=None, cmake_target_skip_unavailable=False, cmake_clean_cache=False, cmake_clean_first=False, cmake_force_configure=False, ament_cmake_args=None, catkin_cmake_args=None, catkin_skip_building_tests=False, verb_parser=<colcon_defaults.argument_parser.defaults.DefaultArgumentsDecorator object at 0xffffa0406890>, verb_extension=<colcon_core.verb.build.BuildVerb object at 0xffffa0407c70>, main=<bound method BuildVerb.main of <colcon_core.verb.build.BuildVerb object at 0xffffa0407c70>>)
[0.453s] Level 1:colcon.colcon_core.package_discovery:discover_packages(colcon_meta) check parameters
[0.453s] Level 1:colcon.colcon_core.package_discovery:discover_packages(recursive) check parameters
[0.453s] Level 1:colcon.colcon_core.package_discovery:discover_packages(ignore) check parameters
[0.453s] Level 1:colcon.colcon_core.package_discovery:discover_packages(path) check parameters
[0.453s] Level 1:colcon.colcon_core.package_discovery:discover_packages(colcon_meta) discover
[0.453s] Level 1:colcon.colcon_core.package_discovery:discover_packages(recursive) discover
[0.453s] INFO:colcon.colcon_core.package_discovery:Crawling recursively for packages in '/home/bong/project/snake_RL/GD/horcrux_ws'
[0.453s] Level 1:colcon.colcon_core.package_identification:_identify(.) by extensions ['ignore', 'ignore_ament_install']
[0.453s] Level 1:colcon.colcon_core.package_identification:_identify(.) by extension 'ignore'
[0.453s] Level 1:colcon.colcon_core.package_identification:_identify(.) by extension 'ignore_ament_install'
[0.453s] Level 1:colcon.colcon_core.package_identification:_identify(.) by extensions ['colcon_pkg']
[0.454s] Level 1:colcon.colcon_core.package_identification:_identify(.) by extension 'colcon_pkg'
[0.454s] Level 1:colcon.colcon_core.package_identification:_identify(.) by extensions ['colcon_meta']
[0.454s] Level 1:colcon.colcon_core.package_identification:_identify(.) by extension 'colcon_meta'
[0.454s] Level 1:colcon.colcon_core.package_identification:_identify(.) by extensions ['ros']
[0.454s] Level 1:colcon.colcon_core.package_identification:_identify(.) by extension 'ros'
[0.459s] Level 1:colcon.colcon_core.package_identification:_identify(.) by extensions ['cmake', 'python']
[0.459s] Level 1:colcon.colcon_core.package_identification:_identify(.) by extension 'cmake'
[0.459s] Level 1:colcon.colcon_core.package_identification:_identify(.) by extension 'python'
[0.459s] Level 1:colcon.colcon_core.package_identification:_identify(.) by extensions ['python_setup_py']
[0.459s] Level 1:colcon.colcon_core.package_identification:_identify(.) by extension 'python_setup_py'
[0.459s] Level 1:colcon.colcon_core.package_identification:_identify(build) by extensions ['ignore', 'ignore_ament_install']
[0.459s] Level 1:colcon.colcon_core.package_identification:_identify(build) by extension 'ignore'
[0.459s] Level 1:colcon.colcon_core.package_identification:_identify(build) ignored
[0.459s] Level 1:colcon.colcon_core.package_identification:_identify(install) by extensions ['ignore', 'ignore_ament_install']
[0.459s] Level 1:colcon.colcon_core.package_identification:_identify(install) by extension 'ignore'
[0.459s] Level 1:colcon.colcon_core.package_identification:_identify(install) ignored
[0.460s] Level 1:colcon.colcon_core.package_identification:_identify(log) by extensions ['ignore', 'ignore_ament_install']
[0.460s] Level 1:colcon.colcon_core.package_identification:_identify(log) by extension 'ignore'
[0.460s] Level 1:colcon.colcon_core.package_identification:_identify(log) ignored
[0.460s] Level 1:colcon.colcon_core.package_identification:_identify(src) by extensions ['ignore', 'ignore_ament_install']
[0.460s] Level 1:colcon.colcon_core.package_identification:_identify(src) by extension 'ignore'
[0.460s] Level 1:colcon.colcon_core.package_identification:_identify(src) by extension 'ignore_ament_install'
[0.460s] Level 1:colcon.colcon_core.package_identification:_identify(src) by extensions ['colcon_pkg']
[0.460s] Level 1:colcon.colcon_core.package_identification:_identify(src) by extension 'colcon_pkg'
[0.460s] Level 1:colcon.colcon_core.package_identification:_identify(src) by extensions ['colcon_meta']
[0.460s] Level 1:colcon.colcon_core.package_identification:_identify(src) by extension 'colcon_meta'
[0.460s] Level 1:colcon.colcon_core.package_identification:_identify(src) by extensions ['ros']
[0.460s] Level 1:colcon.colcon_core.package_identification:_identify(src) by extension 'ros'
[0.460s] Level 1:colcon.colcon_core.package_identification:_identify(src) by extensions ['cmake', 'python']
[0.460s] Level 1:colcon.colcon_core.package_identification:_identify(src) by extension 'cmake'
[0.460s] Level 1:colcon.colcon_core.package_identification:_identify(src) by extension 'python'
[0.460s] Level 1:colcon.colcon_core.package_identification:_identify(src) by extensions ['python_setup_py']
[0.460s] Level 1:colcon.colcon_core.package_identification:_identify(src) by extension 'python_setup_py'
[0.460s] Level 1:colcon.colcon_core.package_identification:_identify(src/handsfree_imu) by extensions ['ignore', 'ignore_ament_install']
[0.460s] Level 1:colcon.colcon_core.package_identification:_identify(src/handsfree_imu) by extension 'ignore'
[0.460s] Level 1:colcon.colcon_core.package_identification:_identify(src/handsfree_imu) by extension 'ignore_ament_install'
[0.460s] Level 1:colcon.colcon_core.package_identification:_identify(src/handsfree_imu) by extensions ['colcon_pkg']
[0.460s] Level 1:colcon.colcon_core.package_identification:_identify(src/handsfree_imu) by extension 'colcon_pkg'
[0.460s] Level 1:colcon.colcon_core.package_identification:_identify(src/handsfree_imu) by extensions ['colcon_meta']
[0.460s] Level 1:colcon.colcon_core.package_identification:_identify(src/handsfree_imu) by extension 'colcon_meta'
[0.460s] Level 1:colcon.colcon_core.package_identification:_identify(src/handsfree_imu) by extensions ['ros']
[0.460s] Level 1:colcon.colcon_core.package_identification:_identify(src/handsfree_imu) by extension 'ros'
[0.461s] DEBUG:colcon.colcon_core.package_identification:Package 'src/handsfree_imu' with type 'ros.ament_python' and name 'handsfree_imu'
[0.461s] Level 1:colcon.colcon_core.package_identification:_identify(src/horcrux_interfaces) by extensions ['ignore', 'ignore_ament_install']
[0.461s] Level 1:colcon.colcon_core.package_identification:_identify(src/horcrux_interfaces) by extension 'ignore'
[0.461s] Level 1:colcon.colcon_core.package_identification:_identify(src/horcrux_interfaces) by extension 'ignore_ament_install'
[0.461s] Level 1:colcon.colcon_core.package_identification:_identify(src/horcrux_interfaces) by extensions ['colcon_pkg']
[0.461s] Level 1:colcon.colcon_core.package_identification:_identify(src/horcrux_interfaces) by extension 'colcon_pkg'
[0.462s] Level 1:colcon.colcon_core.package_identification:_identify(src/horcrux_interfaces) by extensions ['colcon_meta']
[0.462s] Level 1:colcon.colcon_core.package_identification:_identify(src/horcrux_interfaces) by extension 'colcon_meta'
[0.462s] Level 1:colcon.colcon_core.package_identification:_identify(src/horcrux_interfaces) by extensions ['ros']
[0.462s] Level 1:colcon.colcon_core.package_identification:_identify(src/horcrux_interfaces) by extension 'ros'
[0.462s] DEBUG:colcon.colcon_core.package_identification:Package 'src/horcrux_interfaces' with type 'ros.ament_cmake' and name 'horcrux_interfaces'
[0.462s] Level 1:colcon.colcon_core.package_identification:_identify(src/horcrux_msg) by extensions ['ignore', 'ignore_ament_install']
[0.462s] Level 1:colcon.colcon_core.package_identification:_identify(src/horcrux_msg) by extension 'ignore'
[0.462s] Level 1:colcon.colcon_core.package_identification:_identify(src/horcrux_msg) by extension 'ignore_ament_install'
[0.462s] Level 1:colcon.colcon_core.package_identification:_identify(src/horcrux_msg) by extensions ['colcon_pkg']
[0.462s] Level 1:colcon.colcon_core.package_identification:_identify(src/horcrux_msg) by extension 'colcon_pkg'
[0.462s] Level 1:colcon.colcon_core.package_identification:_identify(src/horcrux_msg) by extensions ['colcon_meta']
[0.462s] Level 1:colcon.colcon_core.package_identification:_identify(src/horcrux_msg) by extension 'colcon_meta'
[0.462s] Level 1:colcon.colcon_core.package_identification:_identify(src/horcrux_msg) by extensions ['ros']
[0.462s] Level 1:colcon.colcon_core.package_identification:_identify(src/horcrux_msg) by extension 'ros'
[0.462s] DEBUG:colcon.colcon_core.package_identification:Package 'src/horcrux_msg' with type 'ros.ament_python' and name 'horcrux_msg'
[0.462s] Level 1:colcon.colcon_core.package_identification:_identify(src/horcrux_state) by extensions ['ignore', 'ignore_ament_install']
[0.462s] Level 1:colcon.colcon_core.package_identification:_identify(src/horcrux_state) by extension 'ignore'
[0.462s] Level 1:colcon.colcon_core.package_identification:_identify(src/horcrux_state) by extension 'ignore_ament_install'
[0.462s] Level 1:colcon.colcon_core.package_identification:_identify(src/horcrux_state) by extensions ['colcon_pkg']
[0.462s] Level 1:colcon.colcon_core.package_identification:_identify(src/horcrux_state) by extension 'colcon_pkg'
[0.462s] Level 1:colcon.colcon_core.package_identification:_identify(src/horcrux_state) by extensions ['colcon_meta']
[0.463s] Level 1:colcon.colcon_core.package_identification:_identify(src/horcrux_state) by extension 'colcon_meta'
[0.463s] Level 1:colcon.colcon_core.package_identification:_identify(src/horcrux_state) by extensions ['ros']
[0.463s] Level 1:colcon.colcon_core.package_identification:_identify(src/horcrux_state) by extension 'ros'
[0.463s] DEBUG:colcon.colcon_core.package_identification:Package 'src/horcrux_state' with type 'ros.ament_python' and name 'horcrux_state'
[0.463s] Level 1:colcon.colcon_core.package_discovery:discover_packages(recursive) using defaults
[0.463s] Level 1:colcon.colcon_core.package_discovery:discover_packages(ignore) discover
[0.463s] Level 1:colcon.colcon_core.package_discovery:discover_packages(ignore) using defaults
[0.463s] Level 1:colcon.colcon_core.package_discovery:discover_packages(path) discover
[0.463s] Level 1:colcon.colcon_core.package_discovery:discover_packages(path) using defaults
[0.503s] Level 1:colcon.colcon_core.package_discovery:discover_packages(prefix_path) check parameters
[0.503s] Level 1:colcon.colcon_core.package_discovery:discover_packages(prefix_path) discover
[0.516s] DEBUG:colcon.colcon_installed_package_information.package_discovery:Found 5 installed packages in /home/bong/project/snake_RL/GD/horcrux_ws/install
[0.523s] DEBUG:colcon.colcon_installed_package_information.package_discovery:Found 339 installed packages in /opt/ros/iron
[0.524s] Level 1:colcon.colcon_core.package_discovery:discover_packages(prefix_path) using defaults
[0.571s] Level 5:colcon.colcon_core.verb:set package 'handsfree_imu' build argument 'cmake_args' from command line to 'None'
[0.571s] Level 5:colcon.colcon_core.verb:set package 'handsfree_imu' build argument 'cmake_target' from command line to 'None'
[0.571s] Level 5:colcon.colcon_core.verb:set package 'handsfree_imu' build argument 'cmake_target_skip_unavailable' from command line to 'False'
[0.572s] Level 5:colcon.colcon_core.verb:set package 'handsfree_imu' build argument 'cmake_clean_cache' from command line to 'False'
[0.572s] Level 5:colcon.colcon_core.verb:set package 'handsfree_imu' build argument 'cmake_clean_first' from command line to 'False'
[0.572s] Level 5:colcon.colcon_core.verb:set package 'handsfree_imu' build argument 'cmake_force_configure' from command line to 'False'
[0.572s] Level 5:colcon.colcon_core.verb:set package 'handsfree_imu' build argument 'ament_cmake_args' from command line to 'None'
[0.572s] Level 5:colcon.colcon_core.verb:set package 'handsfree_imu' build argument 'catkin_cmake_args' from command line to 'None'
[0.572s] Level 5:colcon.colcon_core.verb:set package 'handsfree_imu' build argument 'catkin_skip_building_tests' from command line to 'False'
[0.572s] DEBUG:colcon.colcon_core.verb:Building package 'handsfree_imu' with the following arguments: {'ament_cmake_args': None, 'build_base': '/home/bong/project/snake_RL/GD/horcrux_ws/build/handsfree_imu', 'catkin_cmake_args': None, 'catkin_skip_building_tests': False, 'cmake_args': None, 'cmake_clean_cache': False, 'cmake_clean_first': False, 'cmake_force_configure': False, 'cmake_target': None, 'cmake_target_skip_unavailable': False, 'install_base': '/home/bong/project/snake_RL/GD/horcrux_ws/install/handsfree_imu', 'merge_install': False, 'path': '/home/bong/project/snake_RL/GD/horcrux_ws/src/handsfree_imu', 'symlink_install': False, 'test_result_base': None}
[0.578s] Level 5:colcon.colcon_core.verb:set package 'horcrux_interfaces' build argument 'cmake_args' from command line to 'None'
[0.578s] Level 5:colcon.colcon_core.verb:set package 'horcrux_interfaces' build argument 'cmake_target' from command line to 'None'
[0.578s] Level 5:colcon.colcon_core.verb:set package 'horcrux_interfaces' build argument 'cmake_target_skip_unavailable' from command line to 'False'
[0.578s] Level 5:colcon.colcon_core.verb:set package 'horcrux_interfaces' build argument 'cmake_clean_cache' from command line to 'False'
[0.578s] Level 5:colcon.colcon_core.verb:set package 'horcrux_interfaces' build argument 'cmake_clean_first' from command line to 'False'
[0.578s] Level 5:colcon.colcon_core.verb:set package 'horcrux_interfaces' build argument 'cmake_force_configure' from command line to 'False'
[0.578s] Level 5:colcon.colcon_core.verb:set package 'horcrux_interfaces' build argument 'ament_cmake_args' from command line to 'None'
[0.578s] Level 5:colcon.colcon_core.verb:set package 'horcrux_interfaces' build argument 'catkin_cmake_args' from command line to 'None'
[0.578s] Level 5:colcon.colcon_core.verb:set package 'horcrux_interfaces' build argument 'catkin_skip_building_tests' from command line to 'False'
[0.578s] DEBUG:colcon.colcon_core.verb:Building package 'horcrux_interfaces' with the following arguments: {'ament_cmake_args': None, 'build_base': '/home/bong/project/snake_RL/GD/horcrux_ws/build/horcrux_interfaces', 'catkin_cmake_args': None, 'catkin_skip_building_tests': False, 'cmake_args': None, 'cmake_clean_cache': False, 'cmake_clean_first': False, 'cmake_force_configure': False, 'cmake_target': None, 'cmake_target_skip_unavailable': False, 'install_base': '/home/bong/project/snake_RL/GD/horcrux_ws/install/horcrux_interfaces', 'merge_install': False, 'path': '/home/bong/project/snake_RL/GD/horcrux_ws/src/horcrux_interfaces', 'symlink_install': False, 'test_result_base': None}
[0.584s] Level 5:colcon.colcon_core.verb:set package 'horcrux_msg' build argument 'cmake_args' from command line to 'None'
[0.584s] Level 5:colcon.colcon_core.verb:set package 'horcrux_msg' build argument 'cmake_target' from command line to 'None'
[0.584s] Level 5:colcon.colcon_core.verb:set package 'horcrux_msg' build argument 'cmake_target_skip_unavailable' from command line to 'False'
[0.584s] Level 5:colcon.colcon_core.verb:set package 'horcrux_msg' build argument 'cmake_clean_cache' from command line to 'False'
[0.584s] Level 5:colcon.colcon_core.verb:set package 'horcrux_msg' build argument 'cmake_clean_first' from command line to 'False'
[0.584s] Level 5:colcon.colcon_core.verb:set package 'horcrux_msg' build argument 'cmake_force_configure' from command line to 'False'
[0.584s] Level 5:colcon.colcon_core.verb:set package 'horcrux_msg' build argument 'ament_cmake_args' from command line to 'None'
[0.584s] Level 5:colcon.colcon_core.verb:set package 'horcrux_msg' build argument 'catkin_cmake_args' from command line to 'None'
[0.584s] Level 5:colcon.colcon_core.verb:set package 'horcrux_msg' build argument 'catkin_skip_building_tests' from command line to 'False'
[0.584s] DEBUG:colcon.colcon_core.verb:Building package 'horcrux_msg' with the following arguments: {'ament_cmake_args': None, 'build_base': '/home/bong/project/snake_RL/GD/horcrux_ws/build/horcrux_msg', 'catkin_cmake_args': None, 'catkin_skip_building_tests': False, 'cmake_args': None, 'cmake_clean_cache': False, 'cmake_clean_first': False, 'cmake_force_configure': False, 'cmake_target': None, 'cmake_target_skip_unavailable': False, 'install_base': '/home/bong/project/snake_RL/GD/horcrux_ws/install/horcrux_msg', 'merge_install': False, 'path': '/home/bong/project/snake_RL/GD/horcrux_ws/src/horcrux_msg', 'symlink_install': False, 'test_result_base': None}
[0.590s] Level 5:colcon.colcon_core.verb:set package 'horcrux_state' build argument 'cmake_args' from command line to 'None'
[0.590s] Level 5:colcon.colcon_core.verb:set package 'horcrux_state' build argument 'cmake_target' from command line to 'None'
[0.590s] Level 5:colcon.colcon_core.verb:set package 'horcrux_state' build argument 'cmake_target_skip_unavailable' from command line to 'False'
[0.590s] Level 5:colcon.colcon_core.verb:set package 'horcrux_state' build argument 'cmake_clean_cache' from command line to 'False'
[0.590s] Level 5:colcon.colcon_core.verb:set package 'horcrux_state' build argument 'cmake_clean_first' from command line to 'False'
[0.590s] Level 5:colcon.colcon_core.verb:set package 'horcrux_state' build argument 'cmake_force_configure' from command line to 'False'
[0.590s] Level 5:colcon.colcon_core.verb:set package 'horcrux_state' build argument 'ament_cmake_args' from command line to 'None'
[0.590s] Level 5:colcon.colcon_core.verb:set package 'horcrux_state' build argument 'catkin_cmake_args' from command line to 'None'
[0.590s] Level 5:colcon.colcon_core.verb:set package 'horcrux_state' build argument 'catkin_skip_building_tests' from command line to 'False'
[0.590s] DEBUG:colcon.colcon_core.verb:Building package 'horcrux_state' with the following arguments: {'ament_cmake_args': None, 'build_base': '/home/bong/project/snake_RL/GD/horcrux_ws/build/horcrux_state', 'catkin_cmake_args': None, 'catkin_skip_building_tests': False, 'cmake_args': None, 'cmake_clean_cache': False, 'cmake_clean_first': False, 'cmake_force_configure': False, 'cmake_target': None, 'cmake_target_skip_unavailable': False, 'install_base': '/home/bong/project/snake_RL/GD/horcrux_ws/install/horcrux_state', 'merge_install': False, 'path': '/home/bong/project/snake_RL/GD/horcrux_ws/src/horcrux_state', 'symlink_install': False, 'test_result_base': None}
[0.596s] INFO:colcon.colcon_core.executor:Executing jobs using 'parallel' executor
[0.603s] DEBUG:colcon.colcon_parallel_executor.executor.parallel:run_until_complete
[0.603s] INFO:colcon.colcon_ros.task.ament_cmake.build:Building ROS package in '/home/bong/project/snake_RL/GD/horcrux_ws/src/horcrux_interfaces' with build type 'ament_cmake'
[0.603s] INFO:colcon.colcon_cmake.task.cmake.build:Building CMake package in '/home/bong/project/snake_RL/GD/horcrux_ws/src/horcrux_interfaces'
[0.610s] INFO:colcon.colcon_core.plugin_system:Skipping extension 'colcon_core.shell.bat': Not used on non-Windows systems
[0.610s] INFO:colcon.colcon_core.shell:Skip shell extension 'powershell' for command environment: Not usable outside of PowerShell
[0.610s] DEBUG:colcon.colcon_core.shell:Skip shell extension 'dsv' for command environment
[0.631s] INFO:colcon.colcon_ros.task.ament_python.build:Building ROS package in '/home/bong/project/snake_RL/GD/horcrux_ws/src/handsfree_imu' with build type 'ament_python'
[0.631s] Level 1:colcon.colcon_core.shell:create_environment_hook('handsfree_imu', 'ament_prefix_path')
[0.638s] INFO:colcon.colcon_core.shell:Creating environment hook '/home/bong/project/snake_RL/GD/horcrux_ws/install/handsfree_imu/share/handsfree_imu/hook/ament_prefix_path.ps1'
[0.638s] INFO:colcon.colcon_core.shell:Creating environment descriptor '/home/bong/project/snake_RL/GD/horcrux_ws/install/handsfree_imu/share/handsfree_imu/hook/ament_prefix_path.dsv'
[0.639s] INFO:colcon.colcon_core.shell:Creating environment hook '/home/bong/project/snake_RL/GD/horcrux_ws/install/handsfree_imu/share/handsfree_imu/hook/ament_prefix_path.sh'
[0.646s] INFO:colcon.colcon_core.shell:Skip shell extension 'powershell' for command environment: Not usable outside of PowerShell
[0.646s] DEBUG:colcon.colcon_core.shell:Skip shell extension 'dsv' for command environment
[0.671s] DEBUG:colcon.colcon_core.event_handler.log_command:Invoking command in '/home/bong/project/snake_RL/GD/horcrux_ws/build/horcrux_interfaces': CMAKE_PREFIX_PATH=${CMAKE_PREFIX_PATH}:/home/bong/project/snake_RL/GD/horcrux_ws/install/handsfree_imu:/home/bong/project/snake_RL/GD/horcrux_ws/install/horcrux_state:/home/bong/project/snake_RL/GD/horcrux_ws/install/horcrux_msg:/opt/ros/iron /usr/bin/cmake --build /home/bong/project/snake_RL/GD/horcrux_ws/build/horcrux_interfaces -- -j4 -l4
[0.807s] INFO:colcon.colcon_core.task.python.build:Building Python package in '/home/bong/project/snake_RL/GD/horcrux_ws/src/handsfree_imu'
[0.815s] INFO:colcon.colcon_core.shell:Skip shell extension 'powershell' for command environment: Not usable outside of PowerShell
[0.815s] DEBUG:colcon.colcon_core.shell:Skip shell extension 'dsv' for command environment
[1.022s] DEBUG:colcon.colcon_core.event_handler.log_command:Invoking command in '/home/bong/project/snake_RL/GD/horcrux_ws/src/handsfree_imu': PYTHONPATH=/home/bong/project/snake_RL/GD/horcrux_ws/build/handsfree_imu/prefix_override:/home/bong/project/snake_RL/GD/horcrux_ws/install/handsfree_imu/lib/python3.10/site-packages:${PYTHONPATH} /usr/bin/python3 setup.py egg_info --egg-base ../../build/handsfree_imu build --build-base /home/bong/project/snake_RL/GD/horcrux_ws/build/handsfree_imu/build install --record /home/bong/project/snake_RL/GD/horcrux_ws/build/handsfree_imu/install.log --single-version-externally-managed
[1.177s] DEBUG:colcon.colcon_core.event_handler.log_command:Invoked command in '/home/bong/project/snake_RL/GD/horcrux_ws/src/handsfree_imu' returned '0': PYTHONPATH=/home/bong/project/snake_RL/GD/horcrux_ws/build/handsfree_imu/prefix_override:/home/bong/project/snake_RL/GD/horcrux_ws/install/handsfree_imu/lib/python3.10/site-packages:${PYTHONPATH} /usr/bin/python3 setup.py egg_info --egg-base ../../build/handsfree_imu build --build-base /home/bong/project/snake_RL/GD/horcrux_ws/build/handsfree_imu/build install --record /home/bong/project/snake_RL/GD/horcrux_ws/build/handsfree_imu/install.log --single-version-externally-managed
[1.185s] Level 1:colcon.colcon_core.environment:checking '/home/bong/project/snake_RL/GD/horcrux_ws/install/handsfree_imu' for CMake module files
[1.186s] Level 1:colcon.colcon_core.environment:checking '/home/bong/project/snake_RL/GD/horcrux_ws/install/handsfree_imu' for CMake config files
[1.186s] Level 1:colcon.colcon_core.environment:checking '/home/bong/project/snake_RL/GD/horcrux_ws/install/handsfree_imu/lib'
[1.186s] Level 1:colcon.colcon_core.environment:checking '/home/bong/project/snake_RL/GD/horcrux_ws/install/handsfree_imu/bin'
[1.186s] Level 1:colcon.colcon_core.environment:checking '/home/bong/project/snake_RL/GD/horcrux_ws/install/handsfree_imu/lib/pkgconfig/handsfree_imu.pc'
[1.186s] Level 1:colcon.colcon_core.environment:checking '/home/bong/project/snake_RL/GD/horcrux_ws/install/handsfree_imu/lib/python3.10/site-packages'
[1.186s] Level 1:colcon.colcon_core.shell:create_environment_hook('handsfree_imu', 'pythonpath')
[1.193s] INFO:colcon.colcon_core.shell:Creating environment hook '/home/bong/project/snake_RL/GD/horcrux_ws/install/handsfree_imu/share/handsfree_imu/hook/pythonpath.ps1'
[1.193s] INFO:colcon.colcon_core.shell:Creating environment descriptor '/home/bong/project/snake_RL/GD/horcrux_ws/install/handsfree_imu/share/handsfree_imu/hook/pythonpath.dsv'
[1.193s] INFO:colcon.colcon_core.shell:Creating environment hook '/home/bong/project/snake_RL/GD/horcrux_ws/install/handsfree_imu/share/handsfree_imu/hook/pythonpath.sh'
[1.194s] Level 1:colcon.colcon_core.environment:checking '/home/bong/project/snake_RL/GD/horcrux_ws/install/handsfree_imu/bin'
[1.194s] Level 1:colcon.colcon_core.environment:create_environment_scripts_only(handsfree_imu)
[1.201s] INFO:colcon.colcon_core.shell:Creating package script '/home/bong/project/snake_RL/GD/horcrux_ws/install/handsfree_imu/share/handsfree_imu/package.ps1'
[1.202s] INFO:colcon.colcon_core.shell:Creating package descriptor '/home/bong/project/snake_RL/GD/horcrux_ws/install/handsfree_imu/share/handsfree_imu/package.dsv'
[1.202s] INFO:colcon.colcon_core.shell:Creating package script '/home/bong/project/snake_RL/GD/horcrux_ws/install/handsfree_imu/share/handsfree_imu/package.sh'
[1.202s] INFO:colcon.colcon_core.shell:Creating package script '/home/bong/project/snake_RL/GD/horcrux_ws/install/handsfree_imu/share/handsfree_imu/package.bash'
[1.203s] INFO:colcon.colcon_core.shell:Creating package script '/home/bong/project/snake_RL/GD/horcrux_ws/install/handsfree_imu/share/handsfree_imu/package.zsh'
[1.203s] Level 1:colcon.colcon_core.environment:create_file_with_runtime_dependencies(/home/bong/project/snake_RL/GD/horcrux_ws/install/handsfree_imu/share/colcon-core/packages/handsfree_imu)
[4.140s] DEBUG:colcon.colcon_core.event_handler.log_command:Invoked command in '/home/bong/project/snake_RL/GD/horcrux_ws/build/horcrux_interfaces' returned '0': CMAKE_PREFIX_PATH=${CMAKE_PREFIX_PATH}:/home/bong/project/snake_RL/GD/horcrux_ws/install/handsfree_imu:/home/bong/project/snake_RL/GD/horcrux_ws/install/horcrux_state:/home/bong/project/snake_RL/GD/horcrux_ws/install/horcrux_msg:/opt/ros/iron /usr/bin/cmake --build /home/bong/project/snake_RL/GD/horcrux_ws/build/horcrux_interfaces -- -j4 -l4
[4.210s] DEBUG:colcon.colcon_core.event_handler.log_command:Invoking command in '/home/bong/project/snake_RL/GD/horcrux_ws/build/horcrux_interfaces': CMAKE_PREFIX_PATH=${CMAKE_PREFIX_PATH}:/home/bong/project/snake_RL/GD/horcrux_ws/install/handsfree_imu:/home/bong/project/snake_RL/GD/horcrux_ws/install/horcrux_state:/home/bong/project/snake_RL/GD/horcrux_ws/install/horcrux_msg:/opt/ros/iron /usr/bin/cmake --install /home/bong/project/snake_RL/GD/horcrux_ws/build/horcrux_interfaces
[4.249s] Level 1:colcon.colcon_core.environment:create_environment_scripts_only(horcrux_interfaces)
[4.257s] DEBUG:colcon.colcon_core.event_handler.log_command:Invoked command in '/home/bong/project/snake_RL/GD/horcrux_ws/build/horcrux_interfaces' returned '0': CMAKE_PREFIX_PATH=${CMAKE_PREFIX_PATH}:/home/bong/project/snake_RL/GD/horcrux_ws/install/handsfree_imu:/home/bong/project/snake_RL/GD/horcrux_ws/install/horcrux_state:/home/bong/project/snake_RL/GD/horcrux_ws/install/horcrux_msg:/opt/ros/iron /usr/bin/cmake --install /home/bong/project/snake_RL/GD/horcrux_ws/build/horcrux_interfaces
[4.258s] Level 1:colcon.colcon_core.environment:checking '/home/bong/project/snake_RL/GD/horcrux_ws/install/horcrux_interfaces' for CMake module files
[4.258s] Level 1:colcon.colcon_core.environment:checking '/home/bong/project/snake_RL/GD/horcrux_ws/install/horcrux_interfaces' for CMake config files
[4.259s] Level 1:colcon.colcon_core.shell:create_environment_hook('horcrux_interfaces', 'cmake_prefix_path')
[4.269s] INFO:colcon.colcon_core.shell:Creating environment hook '/home/bong/project/snake_RL/GD/horcrux_ws/install/horcrux_interfaces/share/horcrux_interfaces/hook/cmake_prefix_path.ps1'
[4.269s] INFO:colcon.colcon_core.shell:Creating environment descriptor '/home/bong/project/snake_RL/GD/horcrux_ws/install/horcrux_interfaces/share/horcrux_interfaces/hook/cmake_prefix_path.dsv'
[4.269s] INFO:colcon.colcon_core.shell:Creating environment hook '/home/bong/project/snake_RL/GD/horcrux_ws/install/horcrux_interfaces/share/horcrux_interfaces/hook/cmake_prefix_path.sh'
[4.270s] Level 1:colcon.colcon_core.environment:checking '/home/bong/project/snake_RL/GD/horcrux_ws/install/horcrux_interfaces/lib'
[4.270s] Level 1:colcon.colcon_core.shell:create_environment_hook('horcrux_interfaces', 'ld_library_path_lib')
[4.277s] INFO:colcon.colcon_core.shell:Creating environment hook '/home/bong/project/snake_RL/GD/horcrux_ws/install/horcrux_interfaces/share/horcrux_interfaces/hook/ld_library_path_lib.ps1'
[4.277s] INFO:colcon.colcon_core.shell:Creating environment descriptor '/home/bong/project/snake_RL/GD/horcrux_ws/install/horcrux_interfaces/share/horcrux_interfaces/hook/ld_library_path_lib.dsv'
[4.277s] INFO:colcon.colcon_core.shell:Creating environment hook '/home/bong/project/snake_RL/GD/horcrux_ws/install/horcrux_interfaces/share/horcrux_interfaces/hook/ld_library_path_lib.sh'
[4.277s] Level 1:colcon.colcon_core.environment:checking '/home/bong/project/snake_RL/GD/horcrux_ws/install/horcrux_interfaces/bin'
[4.277s] Level 1:colcon.colcon_core.environment:checking '/home/bong/project/snake_RL/GD/horcrux_ws/install/horcrux_interfaces/lib/pkgconfig/horcrux_interfaces.pc'
[4.277s] Level 1:colcon.colcon_core.environment:checking '/home/bong/project/snake_RL/GD/horcrux_ws/install/horcrux_interfaces/lib/python3.10/site-packages'
[4.277s] Level 1:colcon.colcon_core.shell:create_environment_hook('horcrux_interfaces', 'pythonpath')
[4.284s] INFO:colcon.colcon_core.shell:Creating environment hook '/home/bong/project/snake_RL/GD/horcrux_ws/install/horcrux_interfaces/share/horcrux_interfaces/hook/pythonpath.ps1'
[4.284s] INFO:colcon.colcon_core.shell:Creating environment descriptor '/home/bong/project/snake_RL/GD/horcrux_ws/install/horcrux_interfaces/share/horcrux_interfaces/hook/pythonpath.dsv'
[4.285s] INFO:colcon.colcon_core.shell:Creating environment hook '/home/bong/project/snake_RL/GD/horcrux_ws/install/horcrux_interfaces/share/horcrux_interfaces/hook/pythonpath.sh'
[4.285s] Level 1:colcon.colcon_core.environment:checking '/home/bong/project/snake_RL/GD/horcrux_ws/install/horcrux_interfaces/bin'
[4.292s] INFO:colcon.colcon_core.shell:Creating package script '/home/bong/project/snake_RL/GD/horcrux_ws/install/horcrux_interfaces/share/horcrux_interfaces/package.ps1'
[4.292s] INFO:colcon.colcon_core.shell:Creating package descriptor '/home/bong/project/snake_RL/GD/horcrux_ws/install/horcrux_interfaces/share/horcrux_interfaces/package.dsv'
[4.292s] INFO:colcon.colcon_core.shell:Creating package script '/home/bong/project/snake_RL/GD/horcrux_ws/install/horcrux_interfaces/share/horcrux_interfaces/package.sh'
[4.292s] INFO:colcon.colcon_core.shell:Creating package script '/home/bong/project/snake_RL/GD/horcrux_ws/install/horcrux_interfaces/share/horcrux_interfaces/package.bash'
[4.293s] INFO:colcon.colcon_core.shell:Creating package script '/home/bong/project/snake_RL/GD/horcrux_ws/install/horcrux_interfaces/share/horcrux_interfaces/package.zsh'
[4.293s] Level 1:colcon.colcon_core.environment:create_file_with_runtime_dependencies(/home/bong/project/snake_RL/GD/horcrux_ws/install/horcrux_interfaces/share/colcon-core/packages/horcrux_interfaces)
[4.372s] Level 1:colcon.colcon_core.environment:create_environment_scripts_only(horcrux_interfaces)
[4.378s] Level 1:colcon.colcon_core.environment:checking '/home/bong/project/snake_RL/GD/horcrux_ws/install/horcrux_interfaces' for CMake module files
[4.378s] Level 1:colcon.colcon_core.environment:checking '/home/bong/project/snake_RL/GD/horcrux_ws/install/horcrux_interfaces' for CMake config files
[4.379s] Level 1:colcon.colcon_core.shell:create_environment_hook('horcrux_interfaces', 'cmake_prefix_path')
[4.385s] INFO:colcon.colcon_core.shell:Creating environment hook '/home/bong/project/snake_RL/GD/horcrux_ws/install/horcrux_interfaces/share/horcrux_interfaces/hook/cmake_prefix_path.ps1'
[4.385s] INFO:colcon.colcon_core.shell:Creating environment descriptor '/home/bong/project/snake_RL/GD/horcrux_ws/install/horcrux_interfaces/share/horcrux_interfaces/hook/cmake_prefix_path.dsv'
[4.386s] INFO:colcon.colcon_core.shell:Creating environment hook '/home/bong/project/snake_RL/GD/horcrux_ws/install/horcrux_interfaces/share/horcrux_interfaces/hook/cmake_prefix_path.sh'
[4.387s] Level 1:colcon.colcon_core.environment:checking '/home/bong/project/snake_RL/GD/horcrux_ws/install/horcrux_interfaces/lib'
[4.387s] Level 1:colcon.colcon_core.shell:create_environment_hook('horcrux_interfaces', 'ld_library_path_lib')
[4.394s] INFO:colcon.colcon_core.shell:Creating environment hook '/home/bong/project/snake_RL/GD/horcrux_ws/install/horcrux_interfaces/share/horcrux_interfaces/hook/ld_library_path_lib.ps1'
[4.394s] INFO:colcon.colcon_core.shell:Creating environment descriptor '/home/bong/project/snake_RL/GD/horcrux_ws/install/horcrux_interfaces/share/horcrux_interfaces/hook/ld_library_path_lib.dsv'
[4.395s] INFO:colcon.colcon_core.shell:Creating environment hook '/home/bong/project/snake_RL/GD/horcrux_ws/install/horcrux_interfaces/share/horcrux_interfaces/hook/ld_library_path_lib.sh'
[4.395s] Level 1:colcon.colcon_core.environment:checking '/home/bong/project/snake_RL/GD/horcrux_ws/install/horcrux_interfaces/bin'
[4.395s] Level 1:colcon.colcon_core.environment:checking '/home/bong/project/snake_RL/GD/horcrux_ws/install/horcrux_interfaces/lib/pkgconfig/horcrux_interfaces.pc'
[4.395s] Level 1:colcon.colcon_core.environment:checking '/home/bong/project/snake_RL/GD/horcrux_ws/install/horcrux_interfaces/lib/python3.10/site-packages'
[4.395s] Level 1:colcon.colcon_core.shell:create_environment_hook('horcrux_interfaces', 'pythonpath')
[4.402s] INFO:colcon.colcon_core.shell:Creating environment hook '/home/bong/project/snake_RL/GD/horcrux_ws/install/horcrux_interfaces/share/horcrux_interfaces/hook/pythonpath.ps1'
[4.403s] INFO:colcon.colcon_core.shell:Creating environment descriptor '/home/bong/project/snake_RL/GD/horcrux_ws/install/horcrux_interfaces/share/horcrux_interfaces/hook/pythonpath.dsv'
[4.403s] INFO:colcon.colcon_core.shell:Creating environment hook '/home/bong/project/snake_RL/GD/horcrux_ws/install/horcrux_interfaces/share/horcrux_interfaces/hook/pythonpath.sh'
[4.403s] Level 1:colcon.colcon_core.environment:checking '/home/bong/project/snake_RL/GD/horcrux_ws/install/horcrux_interfaces/bin'
[4.410s] INFO:colcon.colcon_core.shell:Creating package script '/home/bong/project/snake_RL/GD/horcrux_ws/install/horcrux_interfaces/share/horcrux_interfaces/package.ps1'
[4.410s] INFO:colcon.colcon_core.shell:Creating package descriptor '/home/bong/project/snake_RL/GD/horcrux_ws/install/horcrux_interfaces/share/horcrux_interfaces/package.dsv'
[4.410s] INFO:colcon.colcon_core.shell:Creating package script '/home/bong/project/snake_RL/GD/horcrux_ws/install/horcrux_interfaces/share/horcrux_interfaces/package.sh'
[4.410s] INFO:colcon.colcon_core.shell:Creating package script '/home/bong/project/snake_RL/GD/horcrux_ws/install/horcrux_interfaces/share/horcrux_interfaces/package.bash'
[4.411s] INFO:colcon.colcon_core.shell:Creating package script '/home/bong/project/snake_RL/GD/horcrux_ws/install/horcrux_interfaces/share/horcrux_interfaces/package.zsh'
[4.411s] Level 1:colcon.colcon_core.environment:create_file_with_runtime_dependencies(/home/bong/project/snake_RL/GD/horcrux_ws/install/horcrux_interfaces/share/colcon-core/packages/horcrux_interfaces)
[4.411s] INFO:colcon.colcon_ros.task.ament_python.build:Building ROS package in '/home/bong/project/snake_RL/GD/horcrux_ws/src/horcrux_msg' with build type 'ament_python'
[4.411s] Level 1:colcon.colcon_core.shell:create_environment_hook('horcrux_msg', 'ament_prefix_path')
[4.418s] INFO:colcon.colcon_core.shell:Creating environment hook '/home/bong/project/snake_RL/GD/horcrux_ws/install/horcrux_msg/share/horcrux_msg/hook/ament_prefix_path.ps1'
[4.419s] INFO:colcon.colcon_core.shell:Creating environment descriptor '/home/bong/project/snake_RL/GD/horcrux_ws/install/horcrux_msg/share/horcrux_msg/hook/ament_prefix_path.dsv'
[4.419s] INFO:colcon.colcon_core.shell:Creating environment hook '/home/bong/project/snake_RL/GD/horcrux_ws/install/horcrux_msg/share/horcrux_msg/hook/ament_prefix_path.sh'
[4.426s] INFO:colcon.colcon_core.shell:Skip shell extension 'powershell' for command environment: Not usable outside of PowerShell
[4.426s] DEBUG:colcon.colcon_core.shell:Skip shell extension 'dsv' for command environment
[4.448s] INFO:colcon.colcon_ros.task.ament_python.build:Building ROS package in '/home/bong/project/snake_RL/GD/horcrux_ws/src/horcrux_state' with build type 'ament_python'
[4.448s] Level 1:colcon.colcon_core.shell:create_environment_hook('horcrux_state', 'ament_prefix_path')
[4.455s] INFO:colcon.colcon_core.shell:Creating environment hook '/home/bong/project/snake_RL/GD/horcrux_ws/install/horcrux_state/share/horcrux_state/hook/ament_prefix_path.ps1'
[4.455s] INFO:colcon.colcon_core.shell:Creating environment descriptor '/home/bong/project/snake_RL/GD/horcrux_ws/install/horcrux_state/share/horcrux_state/hook/ament_prefix_path.dsv'
[4.455s] INFO:colcon.colcon_core.shell:Creating environment hook '/home/bong/project/snake_RL/GD/horcrux_ws/install/horcrux_state/share/horcrux_state/hook/ament_prefix_path.sh'
[4.462s] INFO:colcon.colcon_core.shell:Skip shell extension 'powershell' for command environment: Not usable outside of PowerShell
[4.462s] DEBUG:colcon.colcon_core.shell:Skip shell extension 'dsv' for command environment
[4.606s] INFO:colcon.colcon_core.task.python.build:Building Python package in '/home/bong/project/snake_RL/GD/horcrux_ws/src/horcrux_msg'
[4.613s] INFO:colcon.colcon_core.shell:Skip shell extension 'powershell' for command environment: Not usable outside of PowerShell
[4.613s] DEBUG:colcon.colcon_core.shell:Skip shell extension 'dsv' for command environment
[4.765s] INFO:colcon.colcon_core.task.python.build:Building Python package in '/home/bong/project/snake_RL/GD/horcrux_ws/src/horcrux_state'
[4.772s] INFO:colcon.colcon_core.shell:Skip shell extension 'powershell' for command environment: Not usable outside of PowerShell
[4.773s] DEBUG:colcon.colcon_core.shell:Skip shell extension 'dsv' for command environment
[4.986s] DEBUG:colcon.colcon_core.event_handler.log_command:Invoking command in '/home/bong/project/snake_RL/GD/horcrux_ws/src/horcrux_msg': PYTHONPATH=/home/bong/project/snake_RL/GD/horcrux_ws/build/horcrux_msg/prefix_override:/home/bong/project/snake_RL/GD/horcrux_ws/install/horcrux_msg/lib/python3.10/site-packages:/home/bong/project/snake_RL/GD/horcrux_ws/install/horcrux_interfaces/lib/python3.10/site-packages:/home/bong/project/snake_RL/GD/horcrux_ws/install/handsfree_imu/lib/python3.10/site-packages:/home/bong/project/snake_RL/GD/horcrux_ws/install/horcrux_state/lib/python3.10/site-packages:/home/bong/project/snake_RL/GD/horcrux_ws/install/horcrux_msg/lib/python3.10/site-packages:/opt/ros/iron/lib/python3.10/site-packages /usr/bin/python3 setup.py egg_info --egg-base ../../build/horcrux_msg build --build-base /home/bong/project/snake_RL/GD/horcrux_ws/build/horcrux_msg/build install --record /home/bong/project/snake_RL/GD/horcrux_ws/build/horcrux_msg/install.log --single-version-externally-managed
[5.009s] DEBUG:colcon.colcon_core.event_handler.log_command:Invoking command in '/home/bong/project/snake_RL/GD/horcrux_ws/src/horcrux_state': PYTHONPATH=/home/bong/project/snake_RL/GD/horcrux_ws/build/horcrux_state/prefix_override:/home/bong/project/snake_RL/GD/horcrux_ws/install/horcrux_state/lib/python3.10/site-packages:/home/bong/project/snake_RL/GD/horcrux_ws/install/horcrux_interfaces/lib/python3.10/site-packages:/home/bong/project/snake_RL/GD/horcrux_ws/install/handsfree_imu/lib/python3.10/site-packages:/home/bong/project/snake_RL/GD/horcrux_ws/install/horcrux_state/lib/python3.10/site-packages:/home/bong/project/snake_RL/GD/horcrux_ws/install/horcrux_msg/lib/python3.10/site-packages:/opt/ros/iron/lib/python3.10/site-packages /usr/bin/python3 setup.py egg_info --egg-base ../../build/horcrux_state build --build-base /home/bong/project/snake_RL/GD/horcrux_ws/build/horcrux_state/build install --record /home/bong/project/snake_RL/GD/horcrux_ws/build/horcrux_state/install.log --single-version-externally-managed
[5.154s] DEBUG:colcon.colcon_core.event_handler.log_command:Invoked command in '/home/bong/project/snake_RL/GD/horcrux_ws/src/horcrux_msg' returned '0': PYTHONPATH=/home/bong/project/snake_RL/GD/horcrux_ws/build/horcrux_msg/prefix_override:/home/bong/project/snake_RL/GD/horcrux_ws/install/horcrux_msg/lib/python3.10/site-packages:/home/bong/project/snake_RL/GD/horcrux_ws/install/horcrux_interfaces/lib/python3.10/site-packages:/home/bong/project/snake_RL/GD/horcrux_ws/install/handsfree_imu/lib/python3.10/site-packages:/home/bong/project/snake_RL/GD/horcrux_ws/install/horcrux_state/lib/python3.10/site-packages:/home/bong/project/snake_RL/GD/horcrux_ws/install/horcrux_msg/lib/python3.10/site-packages:/opt/ros/iron/lib/python3.10/site-packages /usr/bin/python3 setup.py egg_info --egg-base ../../build/horcrux_msg build --build-base /home/bong/project/snake_RL/GD/horcrux_ws/build/horcrux_msg/build install --record /home/bong/project/snake_RL/GD/horcrux_ws/build/horcrux_msg/install.log --single-version-externally-managed
[5.165s] Level 1:colcon.colcon_core.environment:checking '/home/bong/project/snake_RL/GD/horcrux_ws/install/horcrux_msg' for CMake module files
[5.170s] Level 1:colcon.colcon_core.environment:checking '/home/bong/project/snake_RL/GD/horcrux_ws/install/horcrux_msg' for CMake config files
[5.170s] Level 1:colcon.colcon_core.environment:checking '/home/bong/project/snake_RL/GD/horcrux_ws/install/horcrux_msg/lib'
[5.170s] Level 1:colcon.colcon_core.environment:checking '/home/bong/project/snake_RL/GD/horcrux_ws/install/horcrux_msg/bin'
[5.170s] Level 1:colcon.colcon_core.environment:checking '/home/bong/project/snake_RL/GD/horcrux_ws/install/horcrux_msg/lib/pkgconfig/horcrux_msg.pc'
[5.170s] Level 1:colcon.colcon_core.environment:checking '/home/bong/project/snake_RL/GD/horcrux_ws/install/horcrux_msg/lib/python3.10/site-packages'
[5.170s] Level 1:colcon.colcon_core.shell:create_environment_hook('horcrux_msg', 'pythonpath')
[5.178s] INFO:colcon.colcon_core.shell:Creating environment hook '/home/bong/project/snake_RL/GD/horcrux_ws/install/horcrux_msg/share/horcrux_msg/hook/pythonpath.ps1'
[5.178s] INFO:colcon.colcon_core.shell:Creating environment descriptor '/home/bong/project/snake_RL/GD/horcrux_ws/install/horcrux_msg/share/horcrux_msg/hook/pythonpath.dsv'
[5.178s] INFO:colcon.colcon_core.shell:Creating environment hook '/home/bong/project/snake_RL/GD/horcrux_ws/install/horcrux_msg/share/horcrux_msg/hook/pythonpath.sh'
[5.178s] Level 1:colcon.colcon_core.environment:checking '/home/bong/project/snake_RL/GD/horcrux_ws/install/horcrux_msg/bin'
[5.178s] Level 1:colcon.colcon_core.environment:create_environment_scripts_only(horcrux_msg)
[5.186s] INFO:colcon.colcon_core.shell:Creating package script '/home/bong/project/snake_RL/GD/horcrux_ws/install/horcrux_msg/share/horcrux_msg/package.ps1'
[5.186s] INFO:colcon.colcon_core.shell:Creating package descriptor '/home/bong/project/snake_RL/GD/horcrux_ws/install/horcrux_msg/share/horcrux_msg/package.dsv'
[5.186s] INFO:colcon.colcon_core.shell:Creating package script '/home/bong/project/snake_RL/GD/horcrux_ws/install/horcrux_msg/share/horcrux_msg/package.sh'
[5.186s] INFO:colcon.colcon_core.shell:Creating package script '/home/bong/project/snake_RL/GD/horcrux_ws/install/horcrux_msg/share/horcrux_msg/package.bash'
[5.187s] INFO:colcon.colcon_core.shell:Creating package script '/home/bong/project/snake_RL/GD/horcrux_ws/install/horcrux_msg/share/horcrux_msg/package.zsh'
[5.187s] Level 1:colcon.colcon_core.environment:create_file_with_runtime_dependencies(/home/bong/project/snake_RL/GD/horcrux_ws/install/horcrux_msg/share/colcon-core/packages/horcrux_msg)
[5.188s] DEBUG:colcon.colcon_core.event_handler.log_command:Invoked command in '/home/bong/project/snake_RL/GD/horcrux_ws/src/horcrux_state' returned '0': PYTHONPATH=/home/bong/project/snake_RL/GD/horcrux_ws/build/horcrux_state/prefix_override:/home/bong/project/snake_RL/GD/horcrux_ws/install/horcrux_state/lib/python3.10/site-packages:/home/bong/project/snake_RL/GD/horcrux_ws/install/horcrux_interfaces/lib/python3.10/site-packages:/home/bong/project/snake_RL/GD/horcrux_ws/install/handsfree_imu/lib/python3.10/site-packages:/home/bong/project/snake_RL/GD/horcrux_ws/install/horcrux_state/lib/python3.10/site-packages:/home/bong/project/snake_RL/GD/horcrux_ws/install/horcrux_msg/lib/python3.10/site-packages:/opt/ros/iron/lib/python3.10/site-packages /usr/bin/python3 setup.py egg_info --egg-base ../../build/horcrux_state build --build-base /home/bong/project/snake_RL/GD/horcrux_ws/build/horcrux_state/build install --record /home/bong/project/snake_RL/GD/horcrux_ws/build/horcrux_state/install.log --single-version-externally-managed
[5.195s] Level 1:colcon.colcon_core.environment:checking '/home/bong/project/snake_RL/GD/horcrux_ws/install/horcrux_state' for CMake module files
[5.195s] Level 1:colcon.colcon_core.environment:checking '/home/bong/project/snake_RL/GD/horcrux_ws/install/horcrux_state' for CMake config files
[5.196s] Level 1:colcon.colcon_core.environment:checking '/home/bong/project/snake_RL/GD/horcrux_ws/install/horcrux_state/lib'
[5.196s] Level 1:colcon.colcon_core.environment:checking '/home/bong/project/snake_RL/GD/horcrux_ws/install/horcrux_state/bin'
[5.196s] Level 1:colcon.colcon_core.environment:checking '/home/bong/project/snake_RL/GD/horcrux_ws/install/horcrux_state/lib/pkgconfig/horcrux_state.pc'
[5.196s] Level 1:colcon.colcon_core.environment:checking '/home/bong/project/snake_RL/GD/horcrux_ws/install/horcrux_state/lib/python3.10/site-packages'
[5.196s] Level 1:colcon.colcon_core.shell:create_environment_hook('horcrux_state', 'pythonpath')
[5.203s] INFO:colcon.colcon_core.shell:Creating environment hook '/home/bong/project/snake_RL/GD/horcrux_ws/install/horcrux_state/share/horcrux_state/hook/pythonpath.ps1'
[5.203s] INFO:colcon.colcon_core.shell:Creating environment descriptor '/home/bong/project/snake_RL/GD/horcrux_ws/install/horcrux_state/share/horcrux_state/hook/pythonpath.dsv'
[5.203s] INFO:colcon.colcon_core.shell:Creating environment hook '/home/bong/project/snake_RL/GD/horcrux_ws/install/horcrux_state/share/horcrux_state/hook/pythonpath.sh'
[5.203s] Level 1:colcon.colcon_core.environment:checking '/home/bong/project/snake_RL/GD/horcrux_ws/install/horcrux_state/bin'
[5.203s] Level 1:colcon.colcon_core.environment:create_environment_scripts_only(horcrux_state)
[5.210s] INFO:colcon.colcon_core.shell:Creating package script '/home/bong/project/snake_RL/GD/horcrux_ws/install/horcrux_state/share/horcrux_state/package.ps1'
[5.210s] INFO:colcon.colcon_core.shell:Creating package descriptor '/home/bong/project/snake_RL/GD/horcrux_ws/install/horcrux_state/share/horcrux_state/package.dsv'
[5.210s] INFO:colcon.colcon_core.shell:Creating package script '/home/bong/project/snake_RL/GD/horcrux_ws/install/horcrux_state/share/horcrux_state/package.sh'
[5.211s] INFO:colcon.colcon_core.shell:Creating package script '/home/bong/project/snake_RL/GD/horcrux_ws/install/horcrux_state/share/horcrux_state/package.bash'
[5.211s] INFO:colcon.colcon_core.shell:Creating package script '/home/bong/project/snake_RL/GD/horcrux_ws/install/horcrux_state/share/horcrux_state/package.zsh'
[5.211s] Level 1:colcon.colcon_core.environment:create_file_with_runtime_dependencies(/home/bong/project/snake_RL/GD/horcrux_ws/install/horcrux_state/share/colcon-core/packages/horcrux_state)
[5.211s] DEBUG:colcon.colcon_parallel_executor.executor.parallel:closing loop
[5.211s] DEBUG:colcon.colcon_parallel_executor.executor.parallel:loop closed
[5.212s] DEBUG:colcon.colcon_parallel_executor.executor.parallel:run_until_complete finished with '0'
[5.212s] DEBUG:colcon.colcon_core.event_reactor:joining thread
[5.221s] INFO:colcon.colcon_core.plugin_system:Skipping extension 'colcon_notification.desktop_notification.terminal_notifier': Not used on non-Darwin systems
[5.221s] INFO:colcon.colcon_core.plugin_system:Skipping extension 'colcon_notification.desktop_notification.win32': Not used on non-Windows systems
[5.221s] INFO:colcon.colcon_notification.desktop_notification:Sending desktop notification using 'notify2'
[5.232s] DEBUG:colcon.colcon_core.event_reactor:joined thread
[5.239s] INFO:colcon.colcon_core.shell:Creating prefix script '/home/bong/project/snake_RL/GD/horcrux_ws/install/local_setup.ps1'
[5.239s] INFO:colcon.colcon_core.shell:Creating prefix util module '/home/bong/project/snake_RL/GD/horcrux_ws/install/_local_setup_util_ps1.py'
[5.240s] INFO:colcon.colcon_core.shell:Creating prefix chain script '/home/bong/project/snake_RL/GD/horcrux_ws/install/setup.ps1'
[5.248s] INFO:colcon.colcon_core.shell:Creating prefix script '/home/bong/project/snake_RL/GD/horcrux_ws/install/local_setup.sh'
[5.248s] INFO:colcon.colcon_core.shell:Creating prefix util module '/home/bong/project/snake_RL/GD/horcrux_ws/install/_local_setup_util_sh.py'
[5.249s] INFO:colcon.colcon_core.shell:Creating prefix chain script '/home/bong/project/snake_RL/GD/horcrux_ws/install/setup.sh'
[5.256s] INFO:colcon.colcon_core.shell:Creating prefix script '/home/bong/project/snake_RL/GD/horcrux_ws/install/local_setup.bash'
[5.256s] INFO:colcon.colcon_core.shell:Creating prefix chain script '/home/bong/project/snake_RL/GD/horcrux_ws/install/setup.bash'
[5.264s] INFO:colcon.colcon_core.shell:Creating prefix script '/home/bong/project/snake_RL/GD/horcrux_ws/install/local_setup.zsh'
[5.264s] INFO:colcon.colcon_core.shell:Creating prefix chain script '/home/bong/project/snake_RL/GD/horcrux_ws/install/setup.zsh'
