[0.071s] Invoking command in '/home/bong/project/snake_RL/GD/horcrux_ws/build/horcrux_interfaces': CMAKE_PREFIX_PATH=${CMAKE_PREFIX_PATH}:/home/bong/project/snake_RL/GD/horcrux_ws/install/horcrux_state:/home/bong/project/snake_RL/GD/horcrux_ws/install/horcrux_msg:/home/bong/project/snake_RL/GD/horcrux_ws/install/handsfree_imu:/opt/ros/iron /usr/bin/cmake --build /home/bong/project/snake_RL/GD/horcrux_ws/build/horcrux_interfaces -- -j4 -l4
[0.133s] [  2%] Built target horcrux_interfaces__rosidl_generator_type_description
[0.143s] [  2%] Built target ament_cmake_python_copy_horcrux_interfaces
[0.155s] [35m[1mConsolidate compiler generated dependencies of target horcrux_interfaces__rosidl_generator_c[0m
[0.158s] [  4%] Built target horcrux_interfaces__cpp
[0.178s] [ 22%] Built target horcrux_interfaces__rosidl_generator_c
[0.190s] [35m[1mConsolidate compiler generated dependencies of target horcrux_interfaces__rosidl_typesupport_fastrtps_c[0m
[0.191s] [35m[1mConsolidate compiler generated dependencies of target horcrux_interfaces__rosidl_typesupport_fastrtps_cpp[0m
[0.207s] [ 31%] Built target horcrux_interfaces__rosidl_typesupport_fastrtps_cpp
[0.213s] [ 40%] Built target horcrux_interfaces__rosidl_typesupport_fastrtps_c
[0.225s] [35m[1mConsolidate compiler generated dependencies of target horcrux_interfaces__rosidl_typesupport_cpp[0m
[0.225s] [35m[1mConsolidate compiler generated dependencies of target horcrux_interfaces__rosidl_typesupport_introspection_c[0m
[0.225s] [35m[1mConsolidate compiler generated dependencies of target horcrux_interfaces__rosidl_typesupport_c[0m
[0.231s] [ 50%] Built target horcrux_interfaces__rosidl_typesupport_cpp
[0.233s] [ 59%] Built target horcrux_interfaces__rosidl_typesupport_introspection_c
[0.248s] [ 68%] Built target horcrux_interfaces__rosidl_typesupport_c
[0.259s] [35m[1mConsolidate compiler generated dependencies of target horcrux_interfaces__rosidl_typesupport_introspection_cpp[0m
[0.268s] [ 77%] Built target horcrux_interfaces__rosidl_typesupport_introspection_cpp
[0.284s] [ 77%] Built target horcrux_interfaces
[0.288s] running egg_info
[0.289s] writing horcrux_interfaces.egg-info/PKG-INFO
[0.289s] writing dependency_links to horcrux_interfaces.egg-info/dependency_links.txt
[0.289s] writing top-level names to horcrux_interfaces.egg-info/top_level.txt
[0.291s] reading manifest file 'horcrux_interfaces.egg-info/SOURCES.txt'
[0.292s] writing manifest file 'horcrux_interfaces.egg-info/SOURCES.txt'
[0.302s] [ 79%] Built target horcrux_interfaces__py
[0.308s] [ 79%] Built target ament_cmake_python_build_horcrux_interfaces_egg
[0.312s] [35m[1mConsolidate compiler generated dependencies of target horcrux_interfaces__rosidl_generator_py[0m
[0.324s] [ 86%] Built target horcrux_interfaces__rosidl_generator_py
[0.334s] [35m[1mConsolidate compiler generated dependencies of target horcrux_interfaces__rosidl_typesupport_fastrtps_c__pyext[0m
[0.334s] [35m[1mConsolidate compiler generated dependencies of target horcrux_interfaces__rosidl_typesupport_introspection_c__pyext[0m
[0.334s] [35m[1mConsolidate compiler generated dependencies of target horcrux_interfaces__rosidl_typesupport_c__pyext[0m
[0.344s] [ 90%] Built target horcrux_interfaces__rosidl_typesupport_c__pyext
[0.351s] [ 95%] Built target horcrux_interfaces__rosidl_typesupport_fastrtps_c__pyext
[0.357s] [100%] Built target horcrux_interfaces__rosidl_typesupport_introspection_c__pyext
[0.373s] Invoked command in '/home/bong/project/snake_RL/GD/horcrux_ws/build/horcrux_interfaces' returned '0': CMAKE_PREFIX_PATH=${CMAKE_PREFIX_PATH}:/home/bong/project/snake_RL/GD/horcrux_ws/install/horcrux_state:/home/bong/project/snake_RL/GD/horcrux_ws/install/horcrux_msg:/home/bong/project/snake_RL/GD/horcrux_ws/install/handsfree_imu:/opt/ros/iron /usr/bin/cmake --build /home/bong/project/snake_RL/GD/horcrux_ws/build/horcrux_interfaces -- -j4 -l4
[0.464s] Invoking command in '/home/bong/project/snake_RL/GD/horcrux_ws/build/horcrux_interfaces': CMAKE_PREFIX_PATH=${CMAKE_PREFIX_PATH}:/home/bong/project/snake_RL/GD/horcrux_ws/install/horcrux_state:/home/bong/project/snake_RL/GD/horcrux_ws/install/horcrux_msg:/home/bong/project/snake_RL/GD/horcrux_ws/install/handsfree_imu:/opt/ros/iron /usr/bin/cmake --install /home/bong/project/snake_RL/GD/horcrux_ws/build/horcrux_interfaces
[0.471s] -- Install configuration: ""
[0.471s] -- Up-to-date: /home/bong/project/snake_RL/GD/horcrux_ws/install/horcrux_interfaces/share/ament_index/resource_index/rosidl_interfaces/horcrux_interfaces
[0.471s] -- Up-to-date: /home/bong/project/snake_RL/GD/horcrux_ws/install/horcrux_interfaces/share/horcrux_interfaces/msg/MotorState.json
[0.471s] -- Up-to-date: /home/bong/project/snake_RL/GD/horcrux_ws/install/horcrux_interfaces/share/horcrux_interfaces/msg/RobotState.json
[0.471s] -- Up-to-date: /home/bong/project/snake_RL/GD/horcrux_ws/install/horcrux_interfaces/include/horcrux_interfaces/horcrux_interfaces
[0.471s] -- Up-to-date: /home/bong/project/snake_RL/GD/horcrux_ws/install/horcrux_interfaces/include/horcrux_interfaces/horcrux_interfaces/msg
[0.471s] -- Up-to-date: /home/bong/project/snake_RL/GD/horcrux_ws/install/horcrux_interfaces/include/horcrux_interfaces/horcrux_interfaces/msg/rosidl_generator_c__visibility_control.h
[0.471s] -- Up-to-date: /home/bong/project/snake_RL/GD/horcrux_ws/install/horcrux_interfaces/include/horcrux_interfaces/horcrux_interfaces/msg/motor_state.h
[0.471s] -- Up-to-date: /home/bong/project/snake_RL/GD/horcrux_ws/install/horcrux_interfaces/include/horcrux_interfaces/horcrux_interfaces/msg/robot_state.h
[0.471s] -- Up-to-date: /home/bong/project/snake_RL/GD/horcrux_ws/install/horcrux_interfaces/include/horcrux_interfaces/horcrux_interfaces/msg/detail
[0.471s] -- Up-to-date: /home/bong/project/snake_RL/GD/horcrux_ws/install/horcrux_interfaces/include/horcrux_interfaces/horcrux_interfaces/msg/detail/motor_state__struct.h
[0.471s] -- Up-to-date: /home/bong/project/snake_RL/GD/horcrux_ws/install/horcrux_interfaces/include/horcrux_interfaces/horcrux_interfaces/msg/detail/robot_state__description.c
[0.471s] -- Up-to-date: /home/bong/project/snake_RL/GD/horcrux_ws/install/horcrux_interfaces/include/horcrux_interfaces/horcrux_interfaces/msg/detail/robot_state__functions.h
[0.471s] -- Up-to-date: /home/bong/project/snake_RL/GD/horcrux_ws/install/horcrux_interfaces/include/horcrux_interfaces/horcrux_interfaces/msg/detail/robot_state__functions.c
[0.471s] -- Up-to-date: /home/bong/project/snake_RL/GD/horcrux_ws/install/horcrux_interfaces/include/horcrux_interfaces/horcrux_interfaces/msg/detail/motor_state__description.c
[0.471s] -- Up-to-date: /home/bong/project/snake_RL/GD/horcrux_ws/install/horcrux_interfaces/include/horcrux_interfaces/horcrux_interfaces/msg/detail/robot_state__struct.h
[0.472s] -- Up-to-date: /home/bong/project/snake_RL/GD/horcrux_ws/install/horcrux_interfaces/include/horcrux_interfaces/horcrux_interfaces/msg/detail/motor_state__functions.h
[0.472s] -- Up-to-date: /home/bong/project/snake_RL/GD/horcrux_ws/install/horcrux_interfaces/include/horcrux_interfaces/horcrux_interfaces/msg/detail/motor_state__type_support.c
[0.472s] -- Up-to-date: /home/bong/project/snake_RL/GD/horcrux_ws/install/horcrux_interfaces/include/horcrux_interfaces/horcrux_interfaces/msg/detail/robot_state__type_support.h
[0.472s] -- Up-to-date: /home/bong/project/snake_RL/GD/horcrux_ws/install/horcrux_interfaces/include/horcrux_interfaces/horcrux_interfaces/msg/detail/motor_state__type_support.h
[0.472s] -- Up-to-date: /home/bong/project/snake_RL/GD/horcrux_ws/install/horcrux_interfaces/include/horcrux_interfaces/horcrux_interfaces/msg/detail/motor_state__functions.c
[0.472s] -- Up-to-date: /home/bong/project/snake_RL/GD/horcrux_ws/install/horcrux_interfaces/include/horcrux_interfaces/horcrux_interfaces/msg/detail/robot_state__type_support.c
[0.472s] -- Up-to-date: /home/bong/project/snake_RL/GD/horcrux_ws/install/horcrux_interfaces/share/horcrux_interfaces/environment/library_path.sh
[0.472s] -- Up-to-date: /home/bong/project/snake_RL/GD/horcrux_ws/install/horcrux_interfaces/share/horcrux_interfaces/environment/library_path.dsv
[0.472s] -- Up-to-date: /home/bong/project/snake_RL/GD/horcrux_ws/install/horcrux_interfaces/lib/libhorcrux_interfaces__rosidl_generator_c.so
[0.472s] -- Up-to-date: /home/bong/project/snake_RL/GD/horcrux_ws/install/horcrux_interfaces/include/horcrux_interfaces/horcrux_interfaces
[0.472s] -- Up-to-date: /home/bong/project/snake_RL/GD/horcrux_ws/install/horcrux_interfaces/include/horcrux_interfaces/horcrux_interfaces/msg
[0.472s] -- Up-to-date: /home/bong/project/snake_RL/GD/horcrux_ws/install/horcrux_interfaces/include/horcrux_interfaces/horcrux_interfaces/msg/rosidl_typesupport_fastrtps_c__visibility_control.h
[0.472s] -- Up-to-date: /home/bong/project/snake_RL/GD/horcrux_ws/install/horcrux_interfaces/include/horcrux_interfaces/horcrux_interfaces/msg/detail
[0.472s] -- Up-to-date: /home/bong/project/snake_RL/GD/horcrux_ws/install/horcrux_interfaces/include/horcrux_interfaces/horcrux_interfaces/msg/detail/motor_state__rosidl_typesupport_fastrtps_c.h
[0.472s] -- Up-to-date: /home/bong/project/snake_RL/GD/horcrux_ws/install/horcrux_interfaces/include/horcrux_interfaces/horcrux_interfaces/msg/detail/robot_state__rosidl_typesupport_fastrtps_c.h
[0.472s] -- Up-to-date: /home/bong/project/snake_RL/GD/horcrux_ws/install/horcrux_interfaces/lib/libhorcrux_interfaces__rosidl_typesupport_fastrtps_c.so
[0.472s] -- Up-to-date: /home/bong/project/snake_RL/GD/horcrux_ws/install/horcrux_interfaces/include/horcrux_interfaces/horcrux_interfaces
[0.472s] -- Up-to-date: /home/bong/project/snake_RL/GD/horcrux_ws/install/horcrux_interfaces/include/horcrux_interfaces/horcrux_interfaces/msg
[0.472s] -- Up-to-date: /home/bong/project/snake_RL/GD/horcrux_ws/install/horcrux_interfaces/include/horcrux_interfaces/horcrux_interfaces/msg/motor_state.hpp
[0.472s] -- Up-to-date: /home/bong/project/snake_RL/GD/horcrux_ws/install/horcrux_interfaces/include/horcrux_interfaces/horcrux_interfaces/msg/robot_state.hpp
[0.472s] -- Up-to-date: /home/bong/project/snake_RL/GD/horcrux_ws/install/horcrux_interfaces/include/horcrux_interfaces/horcrux_interfaces/msg/detail
[0.472s] -- Up-to-date: /home/bong/project/snake_RL/GD/horcrux_ws/install/horcrux_interfaces/include/horcrux_interfaces/horcrux_interfaces/msg/detail/motor_state__builder.hpp
[0.472s] -- Up-to-date: /home/bong/project/snake_RL/GD/horcrux_ws/install/horcrux_interfaces/include/horcrux_interfaces/horcrux_interfaces/msg/detail/robot_state__struct.hpp
[0.472s] -- Up-to-date: /home/bong/project/snake_RL/GD/horcrux_ws/install/horcrux_interfaces/include/horcrux_interfaces/horcrux_interfaces/msg/detail/motor_state__traits.hpp
[0.472s] -- Up-to-date: /home/bong/project/snake_RL/GD/horcrux_ws/install/horcrux_interfaces/include/horcrux_interfaces/horcrux_interfaces/msg/detail/robot_state__builder.hpp
[0.473s] -- Up-to-date: /home/bong/project/snake_RL/GD/horcrux_ws/install/horcrux_interfaces/include/horcrux_interfaces/horcrux_interfaces/msg/detail/robot_state__traits.hpp
[0.473s] -- Up-to-date: /home/bong/project/snake_RL/GD/horcrux_ws/install/horcrux_interfaces/include/horcrux_interfaces/horcrux_interfaces/msg/detail/motor_state__struct.hpp
[0.473s] -- Up-to-date: /home/bong/project/snake_RL/GD/horcrux_ws/install/horcrux_interfaces/include/horcrux_interfaces/horcrux_interfaces
[0.473s] -- Up-to-date: /home/bong/project/snake_RL/GD/horcrux_ws/install/horcrux_interfaces/include/horcrux_interfaces/horcrux_interfaces/msg
[0.473s] -- Up-to-date: /home/bong/project/snake_RL/GD/horcrux_ws/install/horcrux_interfaces/include/horcrux_interfaces/horcrux_interfaces/msg/rosidl_typesupport_fastrtps_cpp__visibility_control.h
[0.473s] -- Up-to-date: /home/bong/project/snake_RL/GD/horcrux_ws/install/horcrux_interfaces/include/horcrux_interfaces/horcrux_interfaces/msg/detail
[0.473s] -- Up-to-date: /home/bong/project/snake_RL/GD/horcrux_ws/install/horcrux_interfaces/include/horcrux_interfaces/horcrux_interfaces/msg/detail/motor_state__rosidl_typesupport_fastrtps_cpp.hpp
[0.473s] -- Up-to-date: /home/bong/project/snake_RL/GD/horcrux_ws/install/horcrux_interfaces/include/horcrux_interfaces/horcrux_interfaces/msg/detail/dds_fastrtps
[0.473s] -- Up-to-date: /home/bong/project/snake_RL/GD/horcrux_ws/install/horcrux_interfaces/include/horcrux_interfaces/horcrux_interfaces/msg/detail/robot_state__rosidl_typesupport_fastrtps_cpp.hpp
[0.473s] -- Up-to-date: /home/bong/project/snake_RL/GD/horcrux_ws/install/horcrux_interfaces/lib/libhorcrux_interfaces__rosidl_typesupport_fastrtps_cpp.so
[0.473s] -- Up-to-date: /home/bong/project/snake_RL/GD/horcrux_ws/install/horcrux_interfaces/include/horcrux_interfaces/horcrux_interfaces
[0.473s] -- Up-to-date: /home/bong/project/snake_RL/GD/horcrux_ws/install/horcrux_interfaces/include/horcrux_interfaces/horcrux_interfaces/msg
[0.473s] -- Up-to-date: /home/bong/project/snake_RL/GD/horcrux_ws/install/horcrux_interfaces/include/horcrux_interfaces/horcrux_interfaces/msg/rosidl_typesupport_introspection_c__visibility_control.h
[0.473s] -- Up-to-date: /home/bong/project/snake_RL/GD/horcrux_ws/install/horcrux_interfaces/include/horcrux_interfaces/horcrux_interfaces/msg/detail
[0.473s] -- Up-to-date: /home/bong/project/snake_RL/GD/horcrux_ws/install/horcrux_interfaces/include/horcrux_interfaces/horcrux_interfaces/msg/detail/robot_state__rosidl_typesupport_introspection_c.h
[0.473s] -- Up-to-date: /home/bong/project/snake_RL/GD/horcrux_ws/install/horcrux_interfaces/include/horcrux_interfaces/horcrux_interfaces/msg/detail/motor_state__type_support.c
[0.473s] -- Up-to-date: /home/bong/project/snake_RL/GD/horcrux_ws/install/horcrux_interfaces/include/horcrux_interfaces/horcrux_interfaces/msg/detail/motor_state__rosidl_typesupport_introspection_c.h
[0.473s] -- Up-to-date: /home/bong/project/snake_RL/GD/horcrux_ws/install/horcrux_interfaces/include/horcrux_interfaces/horcrux_interfaces/msg/detail/robot_state__type_support.c
[0.473s] -- Up-to-date: /home/bong/project/snake_RL/GD/horcrux_ws/install/horcrux_interfaces/lib/libhorcrux_interfaces__rosidl_typesupport_introspection_c.so
[0.473s] -- Up-to-date: /home/bong/project/snake_RL/GD/horcrux_ws/install/horcrux_interfaces/lib/libhorcrux_interfaces__rosidl_typesupport_c.so
[0.473s] -- Up-to-date: /home/bong/project/snake_RL/GD/horcrux_ws/install/horcrux_interfaces/include/horcrux_interfaces/horcrux_interfaces
[0.473s] -- Up-to-date: /home/bong/project/snake_RL/GD/horcrux_ws/install/horcrux_interfaces/include/horcrux_interfaces/horcrux_interfaces/msg
[0.473s] -- Up-to-date: /home/bong/project/snake_RL/GD/horcrux_ws/install/horcrux_interfaces/include/horcrux_interfaces/horcrux_interfaces/msg/detail
[0.473s] -- Up-to-date: /home/bong/project/snake_RL/GD/horcrux_ws/install/horcrux_interfaces/include/horcrux_interfaces/horcrux_interfaces/msg/detail/robot_state__type_support.cpp
[0.473s] -- Up-to-date: /home/bong/project/snake_RL/GD/horcrux_ws/install/horcrux_interfaces/include/horcrux_interfaces/horcrux_interfaces/msg/detail/robot_state__rosidl_typesupport_introspection_cpp.hpp
[0.474s] -- Up-to-date: /home/bong/project/snake_RL/GD/horcrux_ws/install/horcrux_interfaces/include/horcrux_interfaces/horcrux_interfaces/msg/detail/motor_state__rosidl_typesupport_introspection_cpp.hpp
[0.474s] -- Up-to-date: /home/bong/project/snake_RL/GD/horcrux_ws/install/horcrux_interfaces/include/horcrux_interfaces/horcrux_interfaces/msg/detail/motor_state__type_support.cpp
[0.474s] -- Up-to-date: /home/bong/project/snake_RL/GD/horcrux_ws/install/horcrux_interfaces/lib/libhorcrux_interfaces__rosidl_typesupport_introspection_cpp.so
[0.474s] -- Up-to-date: /home/bong/project/snake_RL/GD/horcrux_ws/install/horcrux_interfaces/lib/libhorcrux_interfaces__rosidl_typesupport_cpp.so
[0.474s] -- Up-to-date: /home/bong/project/snake_RL/GD/horcrux_ws/install/horcrux_interfaces/share/horcrux_interfaces/environment/pythonpath.sh
[0.474s] -- Up-to-date: /home/bong/project/snake_RL/GD/horcrux_ws/install/horcrux_interfaces/share/horcrux_interfaces/environment/pythonpath.dsv
[0.474s] -- Up-to-date: /home/bong/project/snake_RL/GD/horcrux_ws/install/horcrux_interfaces/lib/python3.10/site-packages/horcrux_interfaces-0.0.0-py3.10.egg-info
[0.474s] -- Installing: /home/bong/project/snake_RL/GD/horcrux_ws/install/horcrux_interfaces/lib/python3.10/site-packages/horcrux_interfaces-0.0.0-py3.10.egg-info/PKG-INFO
[0.474s] -- Installing: /home/bong/project/snake_RL/GD/horcrux_ws/install/horcrux_interfaces/lib/python3.10/site-packages/horcrux_interfaces-0.0.0-py3.10.egg-info/SOURCES.txt
[0.474s] -- Installing: /home/bong/project/snake_RL/GD/horcrux_ws/install/horcrux_interfaces/lib/python3.10/site-packages/horcrux_interfaces-0.0.0-py3.10.egg-info/top_level.txt
[0.474s] -- Installing: /home/bong/project/snake_RL/GD/horcrux_ws/install/horcrux_interfaces/lib/python3.10/site-packages/horcrux_interfaces-0.0.0-py3.10.egg-info/dependency_links.txt
[0.474s] -- Up-to-date: /home/bong/project/snake_RL/GD/horcrux_ws/install/horcrux_interfaces/lib/python3.10/site-packages/horcrux_interfaces
[0.474s] -- Up-to-date: /home/bong/project/snake_RL/GD/horcrux_ws/install/horcrux_interfaces/lib/python3.10/site-packages/horcrux_interfaces/horcrux_interfaces_s__rosidl_typesupport_fastrtps_c.cpython-310-aarch64-linux-gnu.so
[0.474s] -- Up-to-date: /home/bong/project/snake_RL/GD/horcrux_ws/install/horcrux_interfaces/lib/python3.10/site-packages/horcrux_interfaces/__init__.py
[0.474s] -- Up-to-date: /home/bong/project/snake_RL/GD/horcrux_ws/install/horcrux_interfaces/lib/python3.10/site-packages/horcrux_interfaces/_horcrux_interfaces_s.ep.rosidl_typesupport_fastrtps_c.c
[0.474s] -- Up-to-date: /home/bong/project/snake_RL/GD/horcrux_ws/install/horcrux_interfaces/lib/python3.10/site-packages/horcrux_interfaces/_horcrux_interfaces_s.ep.rosidl_typesupport_introspection_c.c
[0.474s] -- Up-to-date: /home/bong/project/snake_RL/GD/horcrux_ws/install/horcrux_interfaces/lib/python3.10/site-packages/horcrux_interfaces/_horcrux_interfaces_s.ep.rosidl_typesupport_c.c
[0.474s] -- Up-to-date: /home/bong/project/snake_RL/GD/horcrux_ws/install/horcrux_interfaces/lib/python3.10/site-packages/horcrux_interfaces/msg
[0.474s] -- Up-to-date: /home/bong/project/snake_RL/GD/horcrux_ws/install/horcrux_interfaces/lib/python3.10/site-packages/horcrux_interfaces/msg/_motor_state_s.c
[0.474s] -- Up-to-date: /home/bong/project/snake_RL/GD/horcrux_ws/install/horcrux_interfaces/lib/python3.10/site-packages/horcrux_interfaces/msg/__init__.py
[0.474s] -- Up-to-date: /home/bong/project/snake_RL/GD/horcrux_ws/install/horcrux_interfaces/lib/python3.10/site-packages/horcrux_interfaces/msg/_motor_state.py
[0.474s] -- Up-to-date: /home/bong/project/snake_RL/GD/horcrux_ws/install/horcrux_interfaces/lib/python3.10/site-packages/horcrux_interfaces/msg/_robot_state_s.c
[0.474s] -- Up-to-date: /home/bong/project/snake_RL/GD/horcrux_ws/install/horcrux_interfaces/lib/python3.10/site-packages/horcrux_interfaces/msg/_robot_state.py
[0.474s] -- Up-to-date: /home/bong/project/snake_RL/GD/horcrux_ws/install/horcrux_interfaces/lib/python3.10/site-packages/horcrux_interfaces/horcrux_interfaces_s__rosidl_typesupport_introspection_c.cpython-310-aarch64-linux-gnu.so
[0.474s] -- Up-to-date: /home/bong/project/snake_RL/GD/horcrux_ws/install/horcrux_interfaces/lib/python3.10/site-packages/horcrux_interfaces/horcrux_interfaces_s__rosidl_typesupport_c.cpython-310-aarch64-linux-gnu.so
[0.474s] -- Up-to-date: /home/bong/project/snake_RL/GD/horcrux_ws/install/horcrux_interfaces/lib/python3.10/site-packages/horcrux_interfaces/libhorcrux_interfaces__rosidl_generator_py.so
[0.493s] Listing '/home/bong/project/snake_RL/GD/horcrux_ws/install/horcrux_interfaces/lib/python3.10/site-packages/horcrux_interfaces'...
[0.493s] Listing '/home/bong/project/snake_RL/GD/horcrux_ws/install/horcrux_interfaces/lib/python3.10/site-packages/horcrux_interfaces/msg'...
[0.496s] -- Up-to-date: /home/bong/project/snake_RL/GD/horcrux_ws/install/horcrux_interfaces/lib/python3.10/site-packages/horcrux_interfaces/horcrux_interfaces_s__rosidl_typesupport_fastrtps_c.cpython-310-aarch64-linux-gnu.so
[0.496s] -- Up-to-date: /home/bong/project/snake_RL/GD/horcrux_ws/install/horcrux_interfaces/lib/python3.10/site-packages/horcrux_interfaces/horcrux_interfaces_s__rosidl_typesupport_introspection_c.cpython-310-aarch64-linux-gnu.so
[0.497s] -- Up-to-date: /home/bong/project/snake_RL/GD/horcrux_ws/install/horcrux_interfaces/lib/python3.10/site-packages/horcrux_interfaces/horcrux_interfaces_s__rosidl_typesupport_c.cpython-310-aarch64-linux-gnu.so
[0.497s] -- Up-to-date: /home/bong/project/snake_RL/GD/horcrux_ws/install/horcrux_interfaces/lib/libhorcrux_interfaces__rosidl_generator_py.so
[0.497s] -- Up-to-date: /home/bong/project/snake_RL/GD/horcrux_ws/install/horcrux_interfaces/share/horcrux_interfaces/msg/MotorState.idl
[0.497s] -- Up-to-date: /home/bong/project/snake_RL/GD/horcrux_ws/install/horcrux_interfaces/share/horcrux_interfaces/msg/RobotState.idl
[0.497s] -- Up-to-date: /home/bong/project/snake_RL/GD/horcrux_ws/install/horcrux_interfaces/share/horcrux_interfaces/msg/MotorState.msg
[0.497s] -- Up-to-date: /home/bong/project/snake_RL/GD/horcrux_ws/install/horcrux_interfaces/share/horcrux_interfaces/msg/RobotState.msg
[0.497s] -- Up-to-date: /home/bong/project/snake_RL/GD/horcrux_ws/install/horcrux_interfaces/share/ament_index/resource_index/package_run_dependencies/horcrux_interfaces
[0.497s] -- Up-to-date: /home/bong/project/snake_RL/GD/horcrux_ws/install/horcrux_interfaces/share/ament_index/resource_index/parent_prefix_path/horcrux_interfaces
[0.497s] -- Up-to-date: /home/bong/project/snake_RL/GD/horcrux_ws/install/horcrux_interfaces/share/horcrux_interfaces/environment/ament_prefix_path.sh
[0.497s] -- Up-to-date: /home/bong/project/snake_RL/GD/horcrux_ws/install/horcrux_interfaces/share/horcrux_interfaces/environment/ament_prefix_path.dsv
[0.497s] -- Up-to-date: /home/bong/project/snake_RL/GD/horcrux_ws/install/horcrux_interfaces/share/horcrux_interfaces/environment/path.sh
[0.497s] -- Up-to-date: /home/bong/project/snake_RL/GD/horcrux_ws/install/horcrux_interfaces/share/horcrux_interfaces/environment/path.dsv
[0.497s] -- Up-to-date: /home/bong/project/snake_RL/GD/horcrux_ws/install/horcrux_interfaces/share/horcrux_interfaces/local_setup.bash
[0.497s] -- Up-to-date: /home/bong/project/snake_RL/GD/horcrux_ws/install/horcrux_interfaces/share/horcrux_interfaces/local_setup.sh
[0.497s] -- Up-to-date: /home/bong/project/snake_RL/GD/horcrux_ws/install/horcrux_interfaces/share/horcrux_interfaces/local_setup.zsh
[0.497s] -- Up-to-date: /home/bong/project/snake_RL/GD/horcrux_ws/install/horcrux_interfaces/share/horcrux_interfaces/local_setup.dsv
[0.497s] -- Installing: /home/bong/project/snake_RL/GD/horcrux_ws/install/horcrux_interfaces/share/horcrux_interfaces/package.dsv
[0.498s] -- Up-to-date: /home/bong/project/snake_RL/GD/horcrux_ws/install/horcrux_interfaces/share/ament_index/resource_index/packages/horcrux_interfaces
[0.498s] -- Up-to-date: /home/bong/project/snake_RL/GD/horcrux_ws/install/horcrux_interfaces/share/horcrux_interfaces/cmake/export_horcrux_interfaces__rosidl_generator_cExport.cmake
[0.498s] -- Up-to-date: /home/bong/project/snake_RL/GD/horcrux_ws/install/horcrux_interfaces/share/horcrux_interfaces/cmake/export_horcrux_interfaces__rosidl_generator_cExport-noconfig.cmake
[0.498s] -- Up-to-date: /home/bong/project/snake_RL/GD/horcrux_ws/install/horcrux_interfaces/share/horcrux_interfaces/cmake/export_horcrux_interfaces__rosidl_typesupport_fastrtps_cExport.cmake
[0.498s] -- Up-to-date: /home/bong/project/snake_RL/GD/horcrux_ws/install/horcrux_interfaces/share/horcrux_interfaces/cmake/export_horcrux_interfaces__rosidl_typesupport_fastrtps_cExport-noconfig.cmake
[0.498s] -- Up-to-date: /home/bong/project/snake_RL/GD/horcrux_ws/install/horcrux_interfaces/share/horcrux_interfaces/cmake/export_horcrux_interfaces__rosidl_generator_cppExport.cmake
[0.499s] -- Up-to-date: /home/bong/project/snake_RL/GD/horcrux_ws/install/horcrux_interfaces/share/horcrux_interfaces/cmake/export_horcrux_interfaces__rosidl_typesupport_fastrtps_cppExport.cmake
[0.499s] -- Up-to-date: /home/bong/project/snake_RL/GD/horcrux_ws/install/horcrux_interfaces/share/horcrux_interfaces/cmake/export_horcrux_interfaces__rosidl_typesupport_fastrtps_cppExport-noconfig.cmake
[0.499s] -- Up-to-date: /home/bong/project/snake_RL/GD/horcrux_ws/install/horcrux_interfaces/share/horcrux_interfaces/cmake/horcrux_interfaces__rosidl_typesupport_introspection_cExport.cmake
[0.499s] -- Up-to-date: /home/bong/project/snake_RL/GD/horcrux_ws/install/horcrux_interfaces/share/horcrux_interfaces/cmake/horcrux_interfaces__rosidl_typesupport_introspection_cExport-noconfig.cmake
[0.499s] -- Up-to-date: /home/bong/project/snake_RL/GD/horcrux_ws/install/horcrux_interfaces/share/horcrux_interfaces/cmake/horcrux_interfaces__rosidl_typesupport_cExport.cmake
[0.499s] -- Up-to-date: /home/bong/project/snake_RL/GD/horcrux_ws/install/horcrux_interfaces/share/horcrux_interfaces/cmake/horcrux_interfaces__rosidl_typesupport_cExport-noconfig.cmake
[0.499s] -- Up-to-date: /home/bong/project/snake_RL/GD/horcrux_ws/install/horcrux_interfaces/share/horcrux_interfaces/cmake/horcrux_interfaces__rosidl_typesupport_introspection_cppExport.cmake
[0.500s] -- Up-to-date: /home/bong/project/snake_RL/GD/horcrux_ws/install/horcrux_interfaces/share/horcrux_interfaces/cmake/horcrux_interfaces__rosidl_typesupport_introspection_cppExport-noconfig.cmake
[0.500s] -- Up-to-date: /home/bong/project/snake_RL/GD/horcrux_ws/install/horcrux_interfaces/share/horcrux_interfaces/cmake/horcrux_interfaces__rosidl_typesupport_cppExport.cmake
[0.500s] -- Up-to-date: /home/bong/project/snake_RL/GD/horcrux_ws/install/horcrux_interfaces/share/horcrux_interfaces/cmake/horcrux_interfaces__rosidl_typesupport_cppExport-noconfig.cmake
[0.500s] -- Up-to-date: /home/bong/project/snake_RL/GD/horcrux_ws/install/horcrux_interfaces/share/horcrux_interfaces/cmake/export_horcrux_interfaces__rosidl_generator_pyExport.cmake
[0.500s] -- Up-to-date: /home/bong/project/snake_RL/GD/horcrux_ws/install/horcrux_interfaces/share/horcrux_interfaces/cmake/export_horcrux_interfaces__rosidl_generator_pyExport-noconfig.cmake
[0.500s] -- Up-to-date: /home/bong/project/snake_RL/GD/horcrux_ws/install/horcrux_interfaces/share/horcrux_interfaces/cmake/rosidl_cmake-extras.cmake
[0.500s] -- Up-to-date: /home/bong/project/snake_RL/GD/horcrux_ws/install/horcrux_interfaces/share/horcrux_interfaces/cmake/ament_cmake_export_dependencies-extras.cmake
[0.500s] -- Up-to-date: /home/bong/project/snake_RL/GD/horcrux_ws/install/horcrux_interfaces/share/horcrux_interfaces/cmake/ament_cmake_export_include_directories-extras.cmake
[0.500s] -- Up-to-date: /home/bong/project/snake_RL/GD/horcrux_ws/install/horcrux_interfaces/share/horcrux_interfaces/cmake/ament_cmake_export_libraries-extras.cmake
[0.500s] -- Up-to-date: /home/bong/project/snake_RL/GD/horcrux_ws/install/horcrux_interfaces/share/horcrux_interfaces/cmake/ament_cmake_export_targets-extras.cmake
[0.500s] -- Up-to-date: /home/bong/project/snake_RL/GD/horcrux_ws/install/horcrux_interfaces/share/horcrux_interfaces/cmake/rosidl_cmake_export_typesupport_targets-extras.cmake
[0.500s] -- Up-to-date: /home/bong/project/snake_RL/GD/horcrux_ws/install/horcrux_interfaces/share/horcrux_interfaces/cmake/rosidl_cmake_export_typesupport_libraries-extras.cmake
[0.500s] -- Up-to-date: /home/bong/project/snake_RL/GD/horcrux_ws/install/horcrux_interfaces/share/horcrux_interfaces/cmake/horcrux_interfacesConfig.cmake
[0.500s] -- Up-to-date: /home/bong/project/snake_RL/GD/horcrux_ws/install/horcrux_interfaces/share/horcrux_interfaces/cmake/horcrux_interfacesConfig-version.cmake
[0.500s] -- Up-to-date: /home/bong/project/snake_RL/GD/horcrux_ws/install/horcrux_interfaces/share/horcrux_interfaces/package.xml
[0.504s] Invoked command in '/home/bong/project/snake_RL/GD/horcrux_ws/build/horcrux_interfaces' returned '0': CMAKE_PREFIX_PATH=${CMAKE_PREFIX_PATH}:/home/bong/project/snake_RL/GD/horcrux_ws/install/horcrux_state:/home/bong/project/snake_RL/GD/horcrux_ws/install/horcrux_msg:/home/bong/project/snake_RL/GD/horcrux_ws/install/handsfree_imu:/opt/ros/iron /usr/bin/cmake --install /home/bong/project/snake_RL/GD/horcrux_ws/build/horcrux_interfaces
