running egg_info
writing ../../build/horcrux_state/horcrux_state.egg-info/PKG-INFO
writing dependency_links to ../../build/horcrux_state/horcrux_state.egg-info/dependency_links.txt
writing entry points to ../../build/horcrux_state/horcrux_state.egg-info/entry_points.txt
writing requirements to ../../build/horcrux_state/horcrux_state.egg-info/requires.txt
writing top-level names to ../../build/horcrux_state/horcrux_state.egg-info/top_level.txt
reading manifest file '../../build/horcrux_state/horcrux_state.egg-info/SOURCES.txt'
adding license file 'LICENSE'
writing manifest file '../../build/horcrux_state/horcrux_state.egg-info/SOURCES.txt'
running build
running build_py
copying horcrux_state/motor_state.py -> /home/bong/project/snake_RL/GD/horcrux_ws/build/horcrux_state/build/lib/horcrux_state
running install
/usr/lib/python3/dist-packages/setuptools/command/install.py:34: SetuptoolsDeprecationWarning: setup.py install is deprecated. Use build and pip and other standards-based tools.
  warnings.warn(
running install_lib
copying /home/bong/project/snake_RL/GD/horcrux_ws/build/horcrux_state/build/lib/horcrux_state/motor_state.py -> /home/bong/project/snake_RL/GD/horcrux_ws/install/horcrux_state/lib/python3.10/site-packages/horcrux_state
byte-compiling /home/bong/project/snake_RL/GD/horcrux_ws/install/horcrux_state/lib/python3.10/site-packages/horcrux_state/motor_state.py to motor_state.cpython-310.pyc
running install_data
running install_egg_info
removing '/home/bong/project/snake_RL/GD/horcrux_ws/install/horcrux_state/lib/python3.10/site-packages/horcrux_state-0.0.0-py3.10.egg-info' (and everything under it)
Copying ../../build/horcrux_state/horcrux_state.egg-info to /home/bong/project/snake_RL/GD/horcrux_ws/install/horcrux_state/lib/python3.10/site-packages/horcrux_state-0.0.0-py3.10.egg-info
running install_scripts
Installing motors_node script to /home/bong/project/snake_RL/GD/horcrux_ws/install/horcrux_state/lib/horcrux_state
Installing state_node script to /home/bong/project/snake_RL/GD/horcrux_ws/install/horcrux_state/lib/horcrux_state
writing list of installed files to '/home/bong/project/snake_RL/GD/horcrux_ws/build/horcrux_state/install.log'
