/home/bong/project/snake_RL/GD/horcrux_ws/install/horcrux_msg/lib/python3.10/site-packages/horcrux_msg/__init__.py
/home/bong/project/snake_RL/GD/horcrux_ws/install/horcrux_msg/lib/python3.10/site-packages/horcrux_msg/hello_node.py
/home/bong/project/snake_RL/GD/horcrux_ws/install/horcrux_msg/lib/python3.10/site-packages/horcrux_msg/sub.py
/home/bong/project/snake_RL/GD/horcrux_ws/install/horcrux_msg/lib/python3.10/site-packages/horcrux_msg/pub.py
/home/bong/project/snake_RL/GD/horcrux_ws/install/horcrux_msg/lib/python3.10/site-packages/horcrux_msg/__pycache__/__init__.cpython-310.pyc
/home/bong/project/snake_RL/GD/horcrux_ws/install/horcrux_msg/lib/python3.10/site-packages/horcrux_msg/__pycache__/hello_node.cpython-310.pyc
/home/bong/project/snake_RL/GD/horcrux_ws/install/horcrux_msg/lib/python3.10/site-packages/horcrux_msg/__pycache__/sub.cpython-310.pyc
/home/bong/project/snake_RL/GD/horcrux_ws/install/horcrux_msg/lib/python3.10/site-packages/horcrux_msg/__pycache__/pub.cpython-310.pyc
/home/bong/project/snake_RL/GD/horcrux_ws/install/horcrux_msg/share/ament_index/resource_index/packages/horcrux_msg
/home/bong/project/snake_RL/GD/horcrux_ws/install/horcrux_msg/share/horcrux_msg/package.xml
/home/bong/project/snake_RL/GD/horcrux_ws/install/horcrux_msg/lib/python3.10/site-packages/horcrux_msg-0.0.0-py3.10.egg-info/PKG-INFO
/home/bong/project/snake_RL/GD/horcrux_ws/install/horcrux_msg/lib/python3.10/site-packages/horcrux_msg-0.0.0-py3.10.egg-info/zip-safe
/home/bong/project/snake_RL/GD/horcrux_ws/install/horcrux_msg/lib/python3.10/site-packages/horcrux_msg-0.0.0-py3.10.egg-info/SOURCES.txt
/home/bong/project/snake_RL/GD/horcrux_ws/install/horcrux_msg/lib/python3.10/site-packages/horcrux_msg-0.0.0-py3.10.egg-info/entry_points.txt
/home/bong/project/snake_RL/GD/horcrux_ws/install/horcrux_msg/lib/python3.10/site-packages/horcrux_msg-0.0.0-py3.10.egg-info/top_level.txt
/home/bong/project/snake_RL/GD/horcrux_ws/install/horcrux_msg/lib/python3.10/site-packages/horcrux_msg-0.0.0-py3.10.egg-info/dependency_links.txt
/home/bong/project/snake_RL/GD/horcrux_ws/install/horcrux_msg/lib/python3.10/site-packages/horcrux_msg-0.0.0-py3.10.egg-info/requires.txt
/home/bong/project/snake_RL/GD/horcrux_ws/install/horcrux_msg/lib/horcrux_msg/hello_node
/home/bong/project/snake_RL/GD/horcrux_ws/install/horcrux_msg/lib/horcrux_msg/pub
/home/bong/project/snake_RL/GD/horcrux_ws/install/horcrux_msg/lib/horcrux_msg/sub
